<?xml version="1.0" encoding="UTF-8" ?>
<testsuite errors="0" failures="1" hostname="banat" name="sztaki.hexaa.httputility.leveledtests.LevelThreeTestSuite" skipped="0" tests="28" time="134.008" timestamp="2014-10-06T13:41:58">
  <properties>
    <property name="java.vendor" value="Oracle Corporation" />
    <property name="lib.dir" value="lib" />
    <property name="sun.java.launcher" value="SUN_STANDARD" />
    <property name="sun.management.compiler" value="HotSpot 64-Bit Tiered Compilers" />
    <property name="current.time" value="10/06 03:38:24 PM" />
    <property name="os.name" value="Linux" />
    <property name="sun.boot.class.path" value="/usr/lib/jvm/java-8-oracle/jre/lib/resources.jar:/usr/lib/jvm/java-8-oracle/jre/lib/rt.jar:/usr/lib/jvm/java-8-oracle/jre/lib/sunrsasign.jar:/usr/lib/jvm/java-8-oracle/jre/lib/jsse.jar:/usr/lib/jvm/java-8-oracle/jre/lib/jce.jar:/usr/lib/jvm/java-8-oracle/jre/lib/charsets.jar:/usr/lib/jvm/java-8-oracle/jre/lib/jfr.jar:/usr/lib/jvm/java-8-oracle/jre/classes" />
    <property name="TODAY" value="October 6 2014" />
    <property name="sun.desktop" value="gnome" />
    <property name="java.vm.specification.vendor" value="Oracle Corporation" />
    <property name="ant.home" value="/usr/share/ant" />
    <property name="java.runtime.version" value="1.8.0_20-b26" />
    <property name="user.name" value="ede" />
    <property name="ant.file.JavaCoreTest" value="/home/ede/NetBeansProjects/JavaCoreTest/hexaa-test/build.xml" />
    <property name="junit.out.dir.html" value="/var/www/html" />
    <property name="ant.file.type.JavaCoreTest" value="file" />
    <property name="user.language" value="en" />
    <property name="sun.boot.library.path" value="/usr/lib/jvm/java-8-oracle/jre/lib/amd64" />
    <property name="ant.project.default-target" value="leveledtests" />
    <property name="ant.project.name" value="JavaCoreTest" />
    <property name="DSTAMP" value="20141006" />
    <property name="java.version" value="1.8.0_20" />
    <property name="user.timezone" value="Europe/Budapest" />
    <property name="sun.arch.data.model" value="64" />
    <property name="java.endorsed.dirs" value="/usr/lib/jvm/java-8-oracle/jre/lib/endorsed" />
    <property name="sun.cpu.isalist" value="" />
    <property name="sun.jnu.encoding" value="UTF-8" />
    <property name="file.encoding.pkg" value="sun.io" />
    <property name="file.separator" value="/" />
    <property name="java.specification.name" value="Java Platform API Specification" />
    <property name="classes.dir" value="target/classes" />
    <property name="java.class.version" value="52.0" />
    <property name="user.country" value="US" />
    <property name="java.home" value="/usr/lib/jvm/java-8-oracle/jre" />
    <property name="java.vm.info" value="mixed mode" />
    <property name="ant.file" value="/home/ede/NetBeansProjects/JavaCoreTest/hexaa-test/build.xml" />
    <property name="os.version" value="3.13.0-36-generic" />
    <property name="path.separator" value=":" />
    <property name="java.vm.version" value="25.20-b23" />
    <property name="ant.library.dir" value="/usr/share/ant/lib" />
    <property name="java.awt.printerjob" value="sun.print.PSPrinterJob" />
    <property name="sun.io.unicode.encoding" value="UnicodeLittle" />
    <property name="awt.toolkit" value="sun.awt.X11.XToolkit" />
    <property name="junit.out.dir" value="target/report/junit" />
    <property name="user.home" value="/home/ede" />
    <property name="java.specification.vendor" value="Oracle Corporation" />
    <property name="test.dir" value="test" />
    <property name="java.library.path" value="/usr/java/packages/lib/amd64:/usr/lib64:/lib64:/lib:/usr/lib" />
    <property name="java.vendor.url" value="http://java.oracle.com/" />
    <property name="java.vm.vendor" value="Oracle Corporation" />
    <property name="java.runtime.name" value="Java(TM) SE Runtime Environment" />
    <property name="sun.java.command" value="org.apache.tools.ant.taskdefs.optional.junit.JUnitTestRunner sztaki.hexaa.httputility.leveledtests.LevelThreeTestSuite skipNonTests=false filtertrace=true haltOnError=false haltOnFailure=false formatter=org.apache.tools.ant.taskdefs.optional.junit.SummaryJUnitResultFormatter showoutput=false outputtoformatters=true logfailedtests=true logtestlistenerevents=false formatter=org.apache.tools.ant.taskdefs.optional.junit.XMLJUnitResultFormatter,/home/ede/NetBeansProjects/JavaCoreTest/hexaa-test/target/report/junit/TEST-sztaki.hexaa.httputility.leveledtests.LevelThreeTestSuite.xml crashfile=/home/ede/NetBeansProjects/JavaCoreTest/hexaa-test/junitvmwatcher8058780433988290523.properties propsfile=/home/ede/NetBeansProjects/JavaCoreTest/hexaa-test/junit6784233867514308467.properties" />
    <property name="java.class.path" value="/usr/share/ant/lib/ant-launcher.jar:/usr/share/java/xmlParserAPIs.jar:/usr/share/java/xercesImpl.jar:/usr/share/ant/lib/ant-apache-log4j.jar:/usr/share/ant/lib/ant-apache-resolver.jar:/usr/share/ant/lib/ant-testutil.jar:/usr/share/ant/lib/ant-jsch.jar:/usr/share/ant/lib/ant-antlr.jar:/usr/share/ant/lib/ant-commons-logging.jar:/usr/share/ant/lib/ant-jdepend.jar:/usr/share/ant/lib/ant-apache-xalan2.jar:/usr/share/ant/lib/ant-apache-bcel.jar:/usr/share/ant/lib/ant-apache-regexp.jar:/usr/share/ant/lib/ant-junit.jar:/usr/share/ant/lib/ant-apache-bsf.jar:/usr/share/ant/lib/ant-junit4.jar:/usr/share/ant/lib/ant-jmf.jar:/usr/share/ant/lib/ant-apache-oro.jar:/usr/share/ant/lib/ant-swing.jar:/usr/share/ant/lib/ant.jar:/usr/share/ant/lib/ant-javamail.jar:/usr/share/ant/lib/ant-commons-net.jar:/usr/lib/jvm/java-8-oracle/lib/tools.jar:/home/ede/NetBeansProjects/JavaCoreTest/hexaa-test/target/classes:/home/ede/NetBeansProjects/JavaCoreTest/hexaa-test/lib/commons-codec-1.9.jar:/home/ede/NetBeansProjects/JavaCoreTest/hexaa-test/lib/commons-logging-1.1.3.jar:/home/ede/NetBeansProjects/JavaCoreTest/hexaa-test/lib/httpclient-4.3.4.jar:/home/ede/NetBeansProjects/JavaCoreTest/hexaa-test/lib/httpcore-4.3.2.jar:/home/ede/NetBeansProjects/JavaCoreTest/hexaa-test/lib/json.jar:/home/ede/NetBeansProjects/JavaCoreTest/hexaa-test/lib/jsonassert-1.2.3.jar:/home/ede/NetBeansProjects/JavaCoreTest/hexaa-test/lib/junit-4.10.jar:/usr/share/java/ant-launcher-1.9.3.jar" />
    <property name="ant.version" value="Apache Ant(TM) version 1.9.3 compiled on April 8 2014" />
    <property name="TSTAMP" value="1538" />
    <property name="project.name" value="JavaCoreTest" />
    <property name="java.vm.specification.name" value="Java Virtual Machine Specification" />
    <property name="ant.file.type" value="file" />
    <property name="java.vm.specification.version" value="1.8" />
    <property name="sun.cpu.endian" value="little" />
    <property name="sun.os.patch.level" value="unknown" />
    <property name="java.io.tmpdir" value="/tmp" />
    <property name="java.vendor.url.bug" value="http://bugreport.sun.com/bugreport/" />
    <property name="os.arch" value="amd64" />
    <property name="java.awt.graphicsenv" value="sun.awt.X11GraphicsEnvironment" />
    <property name="java.ext.dirs" value="/usr/lib/jvm/java-8-oracle/jre/lib/ext:/usr/java/packages/lib/ext" />
    <property name="user.dir" value="/home/ede/NetBeansProjects/JavaCoreTest/hexaa-test" />
    <property name="line.separator" value="&#xa;" />
    <property name="java.vm.name" value="Java HotSpot(TM) 64-Bit Server VM" />
    <property name="basedir" value="/home/ede/NetBeansProjects/JavaCoreTest/hexaa-test" />
    <property name="ant.java.version" value="1.8" />
    <property name="ant.core.lib" value="/usr/share/ant/lib/ant.jar" />
    <property name="file.encoding" value="UTF-8" />
    <property name="target.dir" value="target" />
    <property name="java.specification.version" value="1.8" />
    <property name="src.dir" value="src" />
    <property name="ant.project.invoked-targets" value="leveledtests" />
  </properties>
  <testcase classname="sztaki.hexaa.httputility.apicalls.attributespecs.AttributespecsServicesGetTest" name="testAttributespecsServicesGet" time="0.139" />
  <testcase classname="sztaki.hexaa.httputility.apicalls.attributevalueorganizations.AttributevalueorganizationsPost" name="testAttributevalueorganizationsPost" time="0.943">
    <failure message="service_ids[]: Expected 1 values but got 0" type="junit.framework.AssertionFailedError">junit.framework.AssertionFailedError: service_ids[]: Expected 1 values but got 0
	at org.skyscreamer.jsonassert.JSONAssert.assertEquals(JSONAssert.java:319)
	at sztaki.hexaa.httputility.apicalls.attributevalueorganizations.AttributevalueorganizationsPost.testAttributevalueorganizationsPost(AttributevalueorganizationsPost.java:60)
</failure>
  </testcase>
  <testcase classname="sztaki.hexaa.httputility.apicalls.attributevalueprincipals.AttributevalueprincipalsPost" name="testAttributevalueprincipalsPost" time="0.345" />
  <testcase classname="sztaki.hexaa.httputility.apicalls.attributevalueprincipals.AttributevalueprincipalsPost" name="testAttributevalueprincipalsPostWithService" time="0.326" />
  <testcase classname="sztaki.hexaa.httputility.apicalls.entitlementpacks.entitlements.EntitlementpacksAddEntitlementsTest" name="testEntitlementpacksAddEntitlements" time="1.37" />
  <testcase classname="sztaki.hexaa.httputility.apicalls.entitlementpacks.EntitlementpacksDeleteTest" name="testEntitlementsDelete" time="0.381" />
  <testcase classname="sztaki.hexaa.httputility.apicalls.entitlementpacks.EntitlementpacksGetTest" name="testEntitlementpacksPublicGet" time="0.142" />
  <testcase classname="sztaki.hexaa.httputility.apicalls.entitlementpacks.EntitlementpacksGetTest" name="testEntitlementpacksGetByID" time="0.43" />
  <testcase classname="sztaki.hexaa.httputility.apicalls.entitlementpacks.EntitlementpacksGetTest" name="testEntitlementpacksGetEntitlement" time="0.145" />
  <testcase classname="sztaki.hexaa.httputility.apicalls.entitlementpacks.EntitlementpacksPutTest" name="testEntitlementsPut" time="0.305" />
  <testcase classname="sztaki.hexaa.httputility.apicalls.entitlements.EntitlementsDeleteTest" name="testEntitlementsDelete" time="0.397" />
  <testcase classname="sztaki.hexaa.httputility.apicalls.entitlements.EntitlementsGetTest" name="testEntitlementsGet" time="0.287" />
  <testcase classname="sztaki.hexaa.httputility.apicalls.entitlements.EntitlementsPutTest" name="testEntitlementsPut" time="0.885" />
  <testcase classname="sztaki.hexaa.httputility.apicalls.organizations.roles.OrganizationsRolesGetTest" name="testOrganizationsRolesGet" time="0.153" />
  <testcase classname="sztaki.hexaa.httputility.apicalls.organizations.principals.OrganizationsMembersRemoveTest" name="testOrganizationMemberRemove" time="0.287" />
  <testcase classname="sztaki.hexaa.httputility.apicalls.organizations.principals.OrganizationsManagersGetTest" name="testOrganizationManagersGet" time="0.146" />
  <testcase classname="sztaki.hexaa.httputility.apicalls.organizations.principals.OrganizationsManagersRemoveTest" name="testOrganizationManagersRemove" time="0.295" />
  <testcase classname="sztaki.hexaa.httputility.apicalls.organizations.principals.OrganizationsMembersGetTest" name="testOrganizationMembersGet" time="0.146" />
  <testcase classname="sztaki.hexaa.httputility.apicalls.principals.PrincipalsAttributespecsPublicGetTest" name="testPrincipalGetPublicAttributespecs" time="0.188" />
  <testcase classname="sztaki.hexaa.httputility.apicalls.roles.RolesGetTest" name="testRolesGet" time="0.302" />
  <testcase classname="sztaki.hexaa.httputility.apicalls.roles.RolesDeleteTest" name="testRolesDelete" time="0.298" />
  <testcase classname="sztaki.hexaa.httputility.apicalls.roles.RolesPutTest" name="testRolesPut" time="0.319" />
  <testcase classname="sztaki.hexaa.httputility.apicalls.roles.principals.RolesPrincipalsAddTest" name="testRolesPrincipalsPut" time="0.688" />
  <testcase classname="sztaki.hexaa.httputility.apicalls.services.attributespecs.ServicesAttributespecsGetTest" name="testServicesAttributespecsGet" time="0.496" />
  <testcase classname="sztaki.hexaa.httputility.apicalls.services.attributespecs.ServicesAttributespecsRemoveTest" name="testServicesAttributespecsRemove" time="0.451" />
  <testcase classname="sztaki.hexaa.httputility.apicalls.services.entitlements.ServicesEntitlementsGetTest" name="testServicesEntitlementsGet" time="0.277" />
  <testcase classname="sztaki.hexaa.httputility.apicalls.services.managers.ServicesManagersAddTest" name="testServicesManagersAdd" time="0.564" />
  <testcase classname="sztaki.hexaa.httputility.apicalls.services.entitlementpacks.ServicesEntitlementpacksGetTest" name="testServicesEntitlementsGet" time="0.319" />
  <system-out><![CDATA[BeforeClass @ CleanTest
/home/ede/NetBeansProjects/JavaCoreTest/hexaa-test
*** Loading Properties ***
*** 80
*** 192.168.203.203
*** tesztAdmin@sztaki.hu
*** 7lrfjlpu5br2vpv1jcaogdz481b28xf7lz85wqmv
OUTPUT>Could not open input file: app/console
OUTPUT>Dropped database for connection named `hexaa`
OUTPUT>Created database for connection named `hexaa`
OUTPUT>Updating database schema...
OUTPUT>Database schema updated successfully! "64" queries were executed
ExitValue: 0
** AUTHENTICATE **	GET 	/app.php/api/principal/self.json
** AUTHENTICATE **	{"code":403,"message":"Forbidden","errors":null}
** AUTHENTICATE **	Getting temporary API key.
** AUTHENTICATE **	Temporary API key acquired.
** AUTHENTICATE **	POST 	/app.php/api/tokens.json
{"fedid":"tesztAdmin@sztaki.hu","token":"0bd1f1048f63a299c779b1862672795868ee391469753343473c93ed47a2e308"}
** AUTHENTICATE **	{"fedid":"tesztAdmin@sztaki.hu","token":"0bd1f1048f63a299c779b1862672795868ee391469753343473c93ed47a2e308"}
** AUTHENTICATE **	Normal API key acquired.
POST 	/app.php/api/attributespecs.json
GET 	/app.php/api/entityids.json
POST 	/app.php/api/services.json
POST 	/app.php/api/services.json
PUT 	/app.php/api/services/1/attributespecs/1.json
***	 AttributespecsServicesGetTest ***
GET 	/app.php/api/attributespecs/1/service.json
BeforeClass @ CleanTest
/home/ede/NetBeansProjects/JavaCoreTest/hexaa-test
*** Loading Properties ***
*** 80
*** 192.168.203.203
*** tesztAdmin@sztaki.hu
*** 7lrfjlpu5br2vpv1jcaogdz481b28xf7lz85wqmv
OUTPUT>Could not open input file: app/console
OUTPUT>Dropped database for connection named `hexaa`
OUTPUT>Created database for connection named `hexaa`
OUTPUT>Updating database schema...
OUTPUT>Database schema updated successfully! "64" queries were executed
ExitValue: 0
** AUTHENTICATE **	GET 	/app.php/api/principal/self.json
** AUTHENTICATE **	{"code":403,"message":"Forbidden","errors":null}
** AUTHENTICATE **	Getting temporary API key.
** AUTHENTICATE **	Temporary API key acquired.
** AUTHENTICATE **	POST 	/app.php/api/tokens.json
{"fedid":"tesztAdmin@sztaki.hu","token":"2dd70e7357fdcad6563c13806e601b2310c999279449f02fc994803f28119ff1"}
** AUTHENTICATE **	{"fedid":"tesztAdmin@sztaki.hu","token":"2dd70e7357fdcad6563c13806e601b2310c999279449f02fc994803f28119ff1"}
** AUTHENTICATE **	Normal API key acquired.
POST 	/app.php/api/attributespecs.json
POST 	/app.php/api/attributespecs.json
POST 	/app.php/api/organizations.json
GET 	/app.php/api/entityids.json
POST 	/app.php/api/services.json
PUT 	/app.php/api/services/1/attributespecs/1.json
***	 AttributevalueorganizationsPost ***
POST 	/app.php/api/attributevalueorganizations.json
GET 	/app.php/api/organizations/1/attributevalueorganization.json
HTTP/1.1 200 OK
service_ids[]: Expected 1 values but got 0
BeforeClass @ CleanTest
/home/ede/NetBeansProjects/JavaCoreTest/hexaa-test
*** Loading Properties ***
*** 80
*** 192.168.203.203
*** tesztAdmin@sztaki.hu
*** 7lrfjlpu5br2vpv1jcaogdz481b28xf7lz85wqmv
OUTPUT>Could not open input file: app/console
OUTPUT>Dropped database for connection named `hexaa`
OUTPUT>Created database for connection named `hexaa`
OUTPUT>Updating database schema...
OUTPUT>Database schema updated successfully! "64" queries were executed
ExitValue: 0
** AUTHENTICATE **	GET 	/app.php/api/principal/self.json
** AUTHENTICATE **	{"code":403,"message":"Forbidden","errors":null}
** AUTHENTICATE **	Getting temporary API key.
** AUTHENTICATE **	Temporary API key acquired.
** AUTHENTICATE **	POST 	/app.php/api/tokens.json
{"fedid":"tesztAdmin@sztaki.hu","token":"b4c2c0e97b2f73b8fcfd25255d38ea6169e07de3a04fc80ade66422d20e7871a"}
** AUTHENTICATE **	{"fedid":"tesztAdmin@sztaki.hu","token":"b4c2c0e97b2f73b8fcfd25255d38ea6169e07de3a04fc80ade66422d20e7871a"}
** AUTHENTICATE **	Normal API key acquired.
POST 	/app.php/api/attributespecs.json
POST 	/app.php/api/attributespecs.json
GET 	/app.php/api/entityids.json
POST 	/app.php/api/services.json
PUT 	/app.php/api/services/1/attributespecs/2.json
***	 AttributevalueprincipalsPost ***
POST 	/app.php/api/attributevalueprincipals.json
GET 	/app.php/api/principal/attributevalueprincipal.json
POST 	/app.php/api/attributevalueprincipals.json
GET 	/app.php/api/principal/attributevalueprincipal.json
BeforeClass @ CleanTest
/home/ede/NetBeansProjects/JavaCoreTest/hexaa-test
*** Loading Properties ***
*** 80
*** 192.168.203.203
*** tesztAdmin@sztaki.hu
*** 7lrfjlpu5br2vpv1jcaogdz481b28xf7lz85wqmv
OUTPUT>Could not open input file: app/console
OUTPUT>Dropped database for connection named `hexaa`
OUTPUT>Created database for connection named `hexaa`
OUTPUT>Updating database schema...
OUTPUT>Database schema updated successfully! "64" queries were executed
ExitValue: 0
** AUTHENTICATE **	GET 	/app.php/api/principal/self.json
** AUTHENTICATE **	{"code":403,"message":"Forbidden","errors":null}
** AUTHENTICATE **	Getting temporary API key.
** AUTHENTICATE **	Temporary API key acquired.
** AUTHENTICATE **	POST 	/app.php/api/tokens.json
{"fedid":"tesztAdmin@sztaki.hu","token":"41cef6eb0a59a3cd73b33874d8cfbfc5cb5c4dc93bb2e4274b5907a01849e51e"}
** AUTHENTICATE **	{"fedid":"tesztAdmin@sztaki.hu","token":"41cef6eb0a59a3cd73b33874d8cfbfc5cb5c4dc93bb2e4274b5907a01849e51e"}
** AUTHENTICATE **	Normal API key acquired.
GET 	/app.php/api/entityids.json
POST 	/app.php/api/services.json
POST 	/app.php/api/services/1/entitlements.json
POST 	/app.php/api/services/1/entitlements.json
POST 	/app.php/api/services/1/entitlementpacks.json
POST 	/app.php/api/services/1/entitlementpacks.json
***	 EntitlementpacksAddEntitlementsTest ***
PUT 	/app.php/api/entitlementpacks/1/entitlements/1.json
PUT 	/app.php/api/entitlementpacks/1/entitlements/2.json
PUT 	/app.php/api/entitlementpacks/2/entitlements/1.json
GET 	/app.php/api/entitlements/1.json
GET 	/app.php/api/entitlements/2.json
GET 	/app.php/api/entitlementpacks/1/entitlements.json
GET 	/app.php/api/entitlements/1.json
GET 	/app.php/api/entitlementpacks/2/entitlements.json
BeforeClass @ CleanTest
/home/ede/NetBeansProjects/JavaCoreTest/hexaa-test
*** Loading Properties ***
*** 80
*** 192.168.203.203
*** tesztAdmin@sztaki.hu
*** 7lrfjlpu5br2vpv1jcaogdz481b28xf7lz85wqmv
OUTPUT>Could not open input file: app/console
OUTPUT>Dropped database for connection named `hexaa`
OUTPUT>Created database for connection named `hexaa`
OUTPUT>Updating database schema...
OUTPUT>Database schema updated successfully! "64" queries were executed
ExitValue: 0
** AUTHENTICATE **	GET 	/app.php/api/principal/self.json
** AUTHENTICATE **	{"code":403,"message":"Forbidden","errors":null}
** AUTHENTICATE **	Getting temporary API key.
** AUTHENTICATE **	Temporary API key acquired.
** AUTHENTICATE **	POST 	/app.php/api/tokens.json
{"fedid":"tesztAdmin@sztaki.hu","token":"0a0153df32ea6b56847a6cfd3c38b67843cc3c9bf42d8ac9bbac90294db10dd7"}
** AUTHENTICATE **	{"fedid":"tesztAdmin@sztaki.hu","token":"0a0153df32ea6b56847a6cfd3c38b67843cc3c9bf42d8ac9bbac90294db10dd7"}
** AUTHENTICATE **	Normal API key acquired.
GET 	/app.php/api/entityids.json
POST 	/app.php/api/services.json
POST 	/app.php/api/services/1/entitlementpacks.json
POST 	/app.php/api/services/1/entitlementpacks.json
***	 EntitlementpacksDeleteTest ***
DEL 	/app.php/api/entitlementpacks/1.json
GET 	/app.php/api/entitlementpacks/1.json
GET 	/app.php/api/entitlementpacks/2.json
BeforeClass @ CleanTest
/home/ede/NetBeansProjects/JavaCoreTest/hexaa-test
*** Loading Properties ***
*** 80
*** 192.168.203.203
*** tesztAdmin@sztaki.hu
*** 7lrfjlpu5br2vpv1jcaogdz481b28xf7lz85wqmv
OUTPUT>Could not open input file: app/console
OUTPUT>Dropped database for connection named `hexaa`
OUTPUT>Created database for connection named `hexaa`
OUTPUT>Updating database schema...
OUTPUT>Database schema updated successfully! "64" queries were executed
ExitValue: 0
** AUTHENTICATE **	GET 	/app.php/api/principal/self.json
** AUTHENTICATE **	{"code":403,"message":"Forbidden","errors":null}
** AUTHENTICATE **	Getting temporary API key.
** AUTHENTICATE **	Temporary API key acquired.
** AUTHENTICATE **	POST 	/app.php/api/tokens.json
{"fedid":"tesztAdmin@sztaki.hu","token":"3f054358b84d8fb753e25068dc0ab4a8209e920aafff9df92848799ad0d61e4d"}
** AUTHENTICATE **	{"fedid":"tesztAdmin@sztaki.hu","token":"3f054358b84d8fb753e25068dc0ab4a8209e920aafff9df92848799ad0d61e4d"}
** AUTHENTICATE **	Normal API key acquired.
GET 	/app.php/api/entityids.json
POST 	/app.php/api/services.json
POST 	/app.php/api/services/1/entitlementpacks.json
POST 	/app.php/api/services/1/entitlementpacks.json
POST 	/app.php/api/services/1/entitlements.json
HTTP/1.1 201 Created
PUT 	/app.php/api/entitlementpacks/1/entitlements/1.json
HTTP/1.1 201 Created
***	 EntitlementpacksGetTest ***
GET 	/app.php/api/entitlementpacks/public.json
GET 	/app.php/api/entitlementpacks/1.json
GET 	/app.php/api/entitlementpacks/2.json
GET 	/app.php/api/entitlementpacks/1/entitlements.json
[{"scoped_name":"testService1::testEntitlements1","service_id":1,"name":"testEntitlements1","description":"This is a test entitlement, for the #1 service, with name testEntitlements1","created_at":"2014-10-06T13:42:32+0000","id":1,"uri":"urn:geant:server.org:hexaa:1:testUritestEntitlements1"}]
BeforeClass @ CleanTest
/home/ede/NetBeansProjects/JavaCoreTest/hexaa-test
*** Loading Properties ***
*** 80
*** 192.168.203.203
*** tesztAdmin@sztaki.hu
*** 7lrfjlpu5br2vpv1jcaogdz481b28xf7lz85wqmv
OUTPUT>Could not open input file: app/console
OUTPUT>Dropped database for connection named `hexaa`
OUTPUT>Created database for connection named `hexaa`
OUTPUT>Updating database schema...
OUTPUT>Database schema updated successfully! "64" queries were executed
ExitValue: 0
** AUTHENTICATE **	GET 	/app.php/api/principal/self.json
** AUTHENTICATE **	{"code":403,"message":"Forbidden","errors":null}
** AUTHENTICATE **	Getting temporary API key.
** AUTHENTICATE **	Temporary API key acquired.
** AUTHENTICATE **	POST 	/app.php/api/tokens.json
{"fedid":"tesztAdmin@sztaki.hu","token":"49298351bd2131a82c2f0521708ea6b5df3628bb487fb02bc82c665808b01f25"}
** AUTHENTICATE **	{"fedid":"tesztAdmin@sztaki.hu","token":"49298351bd2131a82c2f0521708ea6b5df3628bb487fb02bc82c665808b01f25"}
** AUTHENTICATE **	Normal API key acquired.
GET 	/app.php/api/entityids.json
POST 	/app.php/api/services.json
POST 	/app.php/api/services/1/entitlementpacks.json
POST 	/app.php/api/services/1/entitlementpacks.json
***	 EntitlementpacksPutTest ***
PUT 	/app.php/api/entitlementpacks/1.json
GET 	/app.php/api/entitlementpacks/1.json
BeforeClass @ CleanTest
/home/ede/NetBeansProjects/JavaCoreTest/hexaa-test
*** Loading Properties ***
*** 80
*** 192.168.203.203
*** tesztAdmin@sztaki.hu
*** 7lrfjlpu5br2vpv1jcaogdz481b28xf7lz85wqmv
OUTPUT>Could not open input file: app/console
OUTPUT>Dropped database for connection named `hexaa`
OUTPUT>Created database for connection named `hexaa`
OUTPUT>Updating database schema...
OUTPUT>Database schema updated successfully! "64" queries were executed
ExitValue: 0
** AUTHENTICATE **	GET 	/app.php/api/principal/self.json
** AUTHENTICATE **	{"code":403,"message":"Forbidden","errors":null}
** AUTHENTICATE **	Getting temporary API key.
** AUTHENTICATE **	Temporary API key acquired.
** AUTHENTICATE **	POST 	/app.php/api/tokens.json
{"fedid":"tesztAdmin@sztaki.hu","token":"b0d29ae55aa7e8fd1c6cb4f783bfe8cfd1172aa66fa33fb63db67c99ffe2bbf2"}
** AUTHENTICATE **	{"fedid":"tesztAdmin@sztaki.hu","token":"b0d29ae55aa7e8fd1c6cb4f783bfe8cfd1172aa66fa33fb63db67c99ffe2bbf2"}
** AUTHENTICATE **	Normal API key acquired.
GET 	/app.php/api/entityids.json
POST 	/app.php/api/services.json
POST 	/app.php/api/services/1/entitlements.json
POST 	/app.php/api/services/1/entitlements.json
***	 EntitlementsDeleteTest ***
DEL 	/app.php/api/entitlements/1.json
GET 	/app.php/api/entitlements/1.json
GET 	/app.php/api/entitlements/2.json
BeforeClass @ CleanTest
/home/ede/NetBeansProjects/JavaCoreTest/hexaa-test
*** Loading Properties ***
*** 80
*** 192.168.203.203
*** tesztAdmin@sztaki.hu
*** 7lrfjlpu5br2vpv1jcaogdz481b28xf7lz85wqmv
OUTPUT>Could not open input file: app/console
OUTPUT>Dropped database for connection named `hexaa`
OUTPUT>Created database for connection named `hexaa`
OUTPUT>Updating database schema...
OUTPUT>Database schema updated successfully! "64" queries were executed
ExitValue: 0
** AUTHENTICATE **	GET 	/app.php/api/principal/self.json
** AUTHENTICATE **	{"code":403,"message":"Forbidden","errors":null}
** AUTHENTICATE **	Getting temporary API key.
** AUTHENTICATE **	Temporary API key acquired.
** AUTHENTICATE **	POST 	/app.php/api/tokens.json
{"fedid":"tesztAdmin@sztaki.hu","token":"596a89b366dc22395c41e348d2d602a5e9019754f4a50a69458f8f6f1fe62a8b"}
** AUTHENTICATE **	{"fedid":"tesztAdmin@sztaki.hu","token":"596a89b366dc22395c41e348d2d602a5e9019754f4a50a69458f8f6f1fe62a8b"}
** AUTHENTICATE **	Normal API key acquired.
GET 	/app.php/api/entityids.json
POST 	/app.php/api/services.json
POST 	/app.php/api/services/1/entitlements.json
POST 	/app.php/api/services/1/entitlements.json
***	 EntitlementsGetTest ***
GET 	/app.php/api/entitlements/1.json
GET 	/app.php/api/entitlements/2.json
BeforeClass @ CleanTest
/home/ede/NetBeansProjects/JavaCoreTest/hexaa-test
*** Loading Properties ***
*** 80
*** 192.168.203.203
*** tesztAdmin@sztaki.hu
*** 7lrfjlpu5br2vpv1jcaogdz481b28xf7lz85wqmv
OUTPUT>Could not open input file: app/console
OUTPUT>Dropped database for connection named `hexaa`
OUTPUT>Created database for connection named `hexaa`
OUTPUT>Updating database schema...
OUTPUT>Database schema updated successfully! "64" queries were executed
ExitValue: 0
** AUTHENTICATE **	GET 	/app.php/api/principal/self.json
** AUTHENTICATE **	{"code":403,"message":"Forbidden","errors":null}
** AUTHENTICATE **	Getting temporary API key.
** AUTHENTICATE **	Temporary API key acquired.
** AUTHENTICATE **	POST 	/app.php/api/tokens.json
{"fedid":"tesztAdmin@sztaki.hu","token":"8d1bc5e3bdbd2fb0f3e39cdc1ca068cff18bd78d57ae298659b40de902848697"}
** AUTHENTICATE **	{"fedid":"tesztAdmin@sztaki.hu","token":"8d1bc5e3bdbd2fb0f3e39cdc1ca068cff18bd78d57ae298659b40de902848697"}
** AUTHENTICATE **	Normal API key acquired.
GET 	/app.php/api/entityids.json
POST 	/app.php/api/services.json
POST 	/app.php/api/services/1/entitlements.json
POST 	/app.php/api/services/1/entitlements.json
***	 EntitlementsPutTest ***
PUT 	/app.php/api/entitlements/1.json
GET 	/app.php/api/entitlements/1.json
BeforeClass @ CleanTest
/home/ede/NetBeansProjects/JavaCoreTest/hexaa-test
*** Loading Properties ***
*** 80
*** 192.168.203.203
*** tesztAdmin@sztaki.hu
*** 7lrfjlpu5br2vpv1jcaogdz481b28xf7lz85wqmv
OUTPUT>Could not open input file: app/console
OUTPUT>Dropped database for connection named `hexaa`
OUTPUT>Created database for connection named `hexaa`
OUTPUT>Updating database schema...
OUTPUT>Database schema updated successfully! "64" queries were executed
ExitValue: 0
** AUTHENTICATE **	GET 	/app.php/api/principal/self.json
** AUTHENTICATE **	{"code":403,"message":"Forbidden","errors":null}
** AUTHENTICATE **	Getting temporary API key.
** AUTHENTICATE **	Temporary API key acquired.
** AUTHENTICATE **	POST 	/app.php/api/tokens.json
{"fedid":"tesztAdmin@sztaki.hu","token":"9a4d9b59986977635b79cc5035659801eb8a73aa4ece3854fec8c5fd75ca5349"}
** AUTHENTICATE **	{"fedid":"tesztAdmin@sztaki.hu","token":"9a4d9b59986977635b79cc5035659801eb8a73aa4ece3854fec8c5fd75ca5349"}
** AUTHENTICATE **	Normal API key acquired.
POST 	/app.php/api/organizations.json
POST 	/app.php/api/organizations/1/roles.json
***	 OrganizationsRolesGetTest ***
GET 	/app.php/api/organizations/1/roles.json
BeforeClass @ CleanTest
/home/ede/NetBeansProjects/JavaCoreTest/hexaa-test
*** Loading Properties ***
*** 80
*** 192.168.203.203
*** tesztAdmin@sztaki.hu
*** 7lrfjlpu5br2vpv1jcaogdz481b28xf7lz85wqmv
OUTPUT>Could not open input file: app/console
OUTPUT>Dropped database for connection named `hexaa`
OUTPUT>Created database for connection named `hexaa`
OUTPUT>Updating database schema...
OUTPUT>Database schema updated successfully! "64" queries were executed
ExitValue: 0
** AUTHENTICATE **	GET 	/app.php/api/principal/self.json
** AUTHENTICATE **	{"code":403,"message":"Forbidden","errors":null}
** AUTHENTICATE **	Getting temporary API key.
** AUTHENTICATE **	Temporary API key acquired.
** AUTHENTICATE **	POST 	/app.php/api/tokens.json
{"fedid":"tesztAdmin@sztaki.hu","token":"26dabb7ccc5f728bc61451d05bbabe7558d2c873490e76ee65ac734b8f561256"}
** AUTHENTICATE **	{"fedid":"tesztAdmin@sztaki.hu","token":"26dabb7ccc5f728bc61451d05bbabe7558d2c873490e76ee65ac734b8f561256"}
** AUTHENTICATE **	Normal API key acquired.
POST 	/app.php/api/organizations.json
POST 	/app.php/api/principals.json
PUT 	/app.php/api/organizations/1/members/2.json
GET 	/app.php/api/principal/self.json
***	 OrganizationsMembersRemoveTest ***
DEL 	/app.php/api/organizations/1/members/2.json
GET 	/app.php/api/organizations/1/members.json
BeforeClass @ CleanTest
/home/ede/NetBeansProjects/JavaCoreTest/hexaa-test
*** Loading Properties ***
*** 80
*** 192.168.203.203
*** tesztAdmin@sztaki.hu
*** 7lrfjlpu5br2vpv1jcaogdz481b28xf7lz85wqmv
OUTPUT>Could not open input file: app/console
OUTPUT>Dropped database for connection named `hexaa`
OUTPUT>Created database for connection named `hexaa`
OUTPUT>Updating database schema...
OUTPUT>Database schema updated successfully! "64" queries were executed
ExitValue: 0
** AUTHENTICATE **	GET 	/app.php/api/principal/self.json
** AUTHENTICATE **	{"code":403,"message":"Forbidden","errors":null}
** AUTHENTICATE **	Getting temporary API key.
** AUTHENTICATE **	Temporary API key acquired.
** AUTHENTICATE **	POST 	/app.php/api/tokens.json
{"fedid":"tesztAdmin@sztaki.hu","token":"499a67ae12db89a46a215147c1e9fcb947c240612d29f858469dfe240a6b9693"}
** AUTHENTICATE **	{"fedid":"tesztAdmin@sztaki.hu","token":"499a67ae12db89a46a215147c1e9fcb947c240612d29f858469dfe240a6b9693"}
** AUTHENTICATE **	Normal API key acquired.
POST 	/app.php/api/organizations.json
POST 	/app.php/api/principals.json
PUT 	/app.php/api/organizations/1/managers/2.json
GET 	/app.php/api/principal/self.json
***	 OrganizationsManagersGetTest ***
GET 	/app.php/api/organizations/1/managers.json
BeforeClass @ CleanTest
/home/ede/NetBeansProjects/JavaCoreTest/hexaa-test
*** Loading Properties ***
*** 80
*** 192.168.203.203
*** tesztAdmin@sztaki.hu
*** 7lrfjlpu5br2vpv1jcaogdz481b28xf7lz85wqmv
OUTPUT>Could not open input file: app/console
OUTPUT>Dropped database for connection named `hexaa`
OUTPUT>Created database for connection named `hexaa`
OUTPUT>Updating database schema...
OUTPUT>Database schema updated successfully! "64" queries were executed
ExitValue: 0
** AUTHENTICATE **	GET 	/app.php/api/principal/self.json
** AUTHENTICATE **	{"code":403,"message":"Forbidden","errors":null}
** AUTHENTICATE **	Getting temporary API key.
** AUTHENTICATE **	Temporary API key acquired.
** AUTHENTICATE **	POST 	/app.php/api/tokens.json
{"fedid":"tesztAdmin@sztaki.hu","token":"501511a7aeaab4a2a0ea25a6362b0249c22e8ff96380e7c2b0e5551248e75d74"}
** AUTHENTICATE **	{"fedid":"tesztAdmin@sztaki.hu","token":"501511a7aeaab4a2a0ea25a6362b0249c22e8ff96380e7c2b0e5551248e75d74"}
** AUTHENTICATE **	Normal API key acquired.
POST 	/app.php/api/organizations.json
POST 	/app.php/api/principals.json
PUT 	/app.php/api/organizations/1/managers/2.json
GET 	/app.php/api/principal/self.json
***	 OrganizationsManagersRemoveTest ***
DEL 	/app.php/api/organizations/1/managers/2.json
GET 	/app.php/api/organizations/1/managers.json
BeforeClass @ CleanTest
/home/ede/NetBeansProjects/JavaCoreTest/hexaa-test
*** Loading Properties ***
*** 80
*** 192.168.203.203
*** tesztAdmin@sztaki.hu
*** 7lrfjlpu5br2vpv1jcaogdz481b28xf7lz85wqmv
OUTPUT>Could not open input file: app/console
OUTPUT>Dropped database for connection named `hexaa`
OUTPUT>Created database for connection named `hexaa`
OUTPUT>Updating database schema...
OUTPUT>Database schema updated successfully! "64" queries were executed
ExitValue: 0
** AUTHENTICATE **	GET 	/app.php/api/principal/self.json
** AUTHENTICATE **	{"code":403,"message":"Forbidden","errors":null}
** AUTHENTICATE **	Getting temporary API key.
** AUTHENTICATE **	Temporary API key acquired.
** AUTHENTICATE **	POST 	/app.php/api/tokens.json
{"fedid":"tesztAdmin@sztaki.hu","token":"3592a4a40ce9a18a25b216e0e2879a58be96e8110f0134359093f449cfa792e8"}
** AUTHENTICATE **	{"fedid":"tesztAdmin@sztaki.hu","token":"3592a4a40ce9a18a25b216e0e2879a58be96e8110f0134359093f449cfa792e8"}
** AUTHENTICATE **	Normal API key acquired.
POST 	/app.php/api/organizations.json
POST 	/app.php/api/principals.json
PUT 	/app.php/api/organizations/1/members/2.json
GET 	/app.php/api/principal/self.json
***	 OrganizationsMembersGetTest ***
GET 	/app.php/api/organizations/1/members.json
BeforeClass @ CleanTest
/home/ede/NetBeansProjects/JavaCoreTest/hexaa-test
*** Loading Properties ***
*** 80
*** 192.168.203.203
*** tesztAdmin@sztaki.hu
*** 7lrfjlpu5br2vpv1jcaogdz481b28xf7lz85wqmv
OUTPUT>Could not open input file: app/console
OUTPUT>Dropped database for connection named `hexaa`
OUTPUT>Created database for connection named `hexaa`
OUTPUT>Updating database schema...
OUTPUT>Database schema updated successfully! "64" queries were executed
ExitValue: 0
** AUTHENTICATE **	GET 	/app.php/api/principal/self.json
** AUTHENTICATE **	{"code":403,"message":"Forbidden","errors":null}
** AUTHENTICATE **	Getting temporary API key.
** AUTHENTICATE **	Temporary API key acquired.
** AUTHENTICATE **	POST 	/app.php/api/tokens.json
{"fedid":"tesztAdmin@sztaki.hu","token":"1e0fb820a4a2a8c90e24b6b270c91ff3f97295bd5e86bdb622260a61b59604b4"}
** AUTHENTICATE **	{"fedid":"tesztAdmin@sztaki.hu","token":"1e0fb820a4a2a8c90e24b6b270c91ff3f97295bd5e86bdb622260a61b59604b4"}
** AUTHENTICATE **	Normal API key acquired.
POST 	/app.php/api/organizations.json
PUT 	/app.php/api/organizations/1/members/1.json
GET 	/app.php/api/entityids.json
POST 	/app.php/api/services.json
POST 	/app.php/api/services.json
POST 	/app.php/api/attributespecs.json
POST 	/app.php/api/attributespecs.json
PUT 	/app.php/api/services/1/attributespecs/1.json
PUT 	/app.php/api/services/2/attributespecs/2.json
***	 PrincipalsAttributespecsPublicGetTest ***
GET 	/app.php/api/principal/attributespecs.json
BeforeClass @ CleanTest
/home/ede/NetBeansProjects/JavaCoreTest/hexaa-test
*** Loading Properties ***
*** 80
*** 192.168.203.203
*** tesztAdmin@sztaki.hu
*** 7lrfjlpu5br2vpv1jcaogdz481b28xf7lz85wqmv
OUTPUT>Could not open input file: app/console
OUTPUT>Dropped database for connection named `hexaa`
OUTPUT>Created database for connection named `hexaa`
OUTPUT>Updating database schema...
OUTPUT>Database schema updated successfully! "64" queries were executed
ExitValue: 0
** AUTHENTICATE **	GET 	/app.php/api/principal/self.json
** AUTHENTICATE **	{"code":403,"message":"Forbidden","errors":null}
** AUTHENTICATE **	Getting temporary API key.
** AUTHENTICATE **	Temporary API key acquired.
** AUTHENTICATE **	POST 	/app.php/api/tokens.json
{"fedid":"tesztAdmin@sztaki.hu","token":"67f33e019f6b86493d0d54330ad7aa2aef6b24c791a023f15848abae02d7905f"}
** AUTHENTICATE **	{"fedid":"tesztAdmin@sztaki.hu","token":"67f33e019f6b86493d0d54330ad7aa2aef6b24c791a023f15848abae02d7905f"}
** AUTHENTICATE **	Normal API key acquired.
POST 	/app.php/api/organizations.json
POST 	/app.php/api/organizations/1/roles.json
***	 RolesGetTest ***
GET 	/app.php/api/organizations/1/roles.json
GET 	/app.php/api/roles/1.json
BeforeClass @ CleanTest
/home/ede/NetBeansProjects/JavaCoreTest/hexaa-test
*** Loading Properties ***
*** 80
*** 192.168.203.203
*** tesztAdmin@sztaki.hu
*** 7lrfjlpu5br2vpv1jcaogdz481b28xf7lz85wqmv
OUTPUT>Could not open input file: app/console
OUTPUT>Dropped database for connection named `hexaa`
OUTPUT>Created database for connection named `hexaa`
OUTPUT>Updating database schema...
OUTPUT>Database schema updated successfully! "64" queries were executed
ExitValue: 0
** AUTHENTICATE **	GET 	/app.php/api/principal/self.json
** AUTHENTICATE **	{"code":403,"message":"Forbidden","errors":null}
** AUTHENTICATE **	Getting temporary API key.
** AUTHENTICATE **	Temporary API key acquired.
** AUTHENTICATE **	POST 	/app.php/api/tokens.json
{"fedid":"tesztAdmin@sztaki.hu","token":"2b3f2b49b5d54696e1550cfbb9e9b0cc1a2156accb02b6913af3e0951397b154"}
** AUTHENTICATE **	{"fedid":"tesztAdmin@sztaki.hu","token":"2b3f2b49b5d54696e1550cfbb9e9b0cc1a2156accb02b6913af3e0951397b154"}
** AUTHENTICATE **	Normal API key acquired.
POST 	/app.php/api/organizations.json
POST 	/app.php/api/organizations/1/roles.json
POST 	/app.php/api/organizations/1/roles.json
***	 RolesDeleteTest ***
DEL 	/app.php/api/roles/1.json
GET 	/app.php/api/organizations/1/roles.json
BeforeClass @ CleanTest
/home/ede/NetBeansProjects/JavaCoreTest/hexaa-test
*** Loading Properties ***
*** 80
*** 192.168.203.203
*** tesztAdmin@sztaki.hu
*** 7lrfjlpu5br2vpv1jcaogdz481b28xf7lz85wqmv
OUTPUT>Could not open input file: app/console
OUTPUT>Dropped database for connection named `hexaa`
OUTPUT>Created database for connection named `hexaa`
OUTPUT>Updating database schema...
OUTPUT>Database schema updated successfully! "64" queries were executed
ExitValue: 0
** AUTHENTICATE **	GET 	/app.php/api/principal/self.json
** AUTHENTICATE **	{"code":403,"message":"Forbidden","errors":null}
** AUTHENTICATE **	Getting temporary API key.
** AUTHENTICATE **	Temporary API key acquired.
** AUTHENTICATE **	POST 	/app.php/api/tokens.json
{"fedid":"tesztAdmin@sztaki.hu","token":"e384ac367a107aac9f88d8a136b10219966eeaf1189f6b68f63ff593277fff21"}
** AUTHENTICATE **	{"fedid":"tesztAdmin@sztaki.hu","token":"e384ac367a107aac9f88d8a136b10219966eeaf1189f6b68f63ff593277fff21"}
** AUTHENTICATE **	Normal API key acquired.
POST 	/app.php/api/organizations.json
POST 	/app.php/api/organizations/1/roles.json
POST 	/app.php/api/organizations/1/roles.json
***	 RolesPutTest ***
PUT 	/app.php/api/roles/1.json
GET 	/app.php/api/organizations/1/roles.json
BeforeClass @ CleanTest
/home/ede/NetBeansProjects/JavaCoreTest/hexaa-test
*** Loading Properties ***
*** 80
*** 192.168.203.203
*** tesztAdmin@sztaki.hu
*** 7lrfjlpu5br2vpv1jcaogdz481b28xf7lz85wqmv
OUTPUT>Could not open input file: app/console
OUTPUT>Dropped database for connection named `hexaa`
OUTPUT>Created database for connection named `hexaa`
OUTPUT>Updating database schema...
OUTPUT>Database schema updated successfully! "64" queries were executed
ExitValue: 0
** AUTHENTICATE **	GET 	/app.php/api/principal/self.json
** AUTHENTICATE **	{"code":403,"message":"Forbidden","errors":null}
** AUTHENTICATE **	Getting temporary API key.
** AUTHENTICATE **	Temporary API key acquired.
** AUTHENTICATE **	POST 	/app.php/api/tokens.json
{"fedid":"tesztAdmin@sztaki.hu","token":"a23a971ef5101fcf9ac15edc0dda42d687e394844c7b8d052edd0f11a96366d1"}
** AUTHENTICATE **	{"fedid":"tesztAdmin@sztaki.hu","token":"a23a971ef5101fcf9ac15edc0dda42d687e394844c7b8d052edd0f11a96366d1"}
** AUTHENTICATE **	Normal API key acquired.
POST 	/app.php/api/organizations.json
POST 	/app.php/api/organizations/1/roles.json
POST 	/app.php/api/organizations/1/roles.json
GET 	/app.php/api/entityids.json
POST 	/app.php/api/services.json
POST 	/app.php/api/principals.json
***	 RolesPrincipalsAddTest ***
PUT 	/app.php/api/roles/1/principals/2.json
PUT 	/app.php/api/organizations/1/members/2.json
PUT 	/app.php/api/roles/1/principals/2.json
PUT 	/app.php/api/roles/1/principals/2.json
BeforeClass @ CleanTest
/home/ede/NetBeansProjects/JavaCoreTest/hexaa-test
*** Loading Properties ***
*** 80
*** 192.168.203.203
*** tesztAdmin@sztaki.hu
*** 7lrfjlpu5br2vpv1jcaogdz481b28xf7lz85wqmv
OUTPUT>Could not open input file: app/console
OUTPUT>Dropped database for connection named `hexaa`
OUTPUT>Created database for connection named `hexaa`
OUTPUT>Updating database schema...
OUTPUT>Database schema updated successfully! "64" queries were executed
ExitValue: 0
** AUTHENTICATE **	GET 	/app.php/api/principal/self.json
** AUTHENTICATE **	{"code":403,"message":"Forbidden","errors":null}
** AUTHENTICATE **	Getting temporary API key.
** AUTHENTICATE **	Temporary API key acquired.
** AUTHENTICATE **	POST 	/app.php/api/tokens.json
{"fedid":"tesztAdmin@sztaki.hu","token":"e7717ea92239abc192089e2cf66196c03cddc69160af3bc5a8cee5652bed8053"}
** AUTHENTICATE **	{"fedid":"tesztAdmin@sztaki.hu","token":"e7717ea92239abc192089e2cf66196c03cddc69160af3bc5a8cee5652bed8053"}
** AUTHENTICATE **	Normal API key acquired.
GET 	/app.php/api/entityids.json
POST 	/app.php/api/services.json
POST 	/app.php/api/services.json
POST 	/app.php/api/attributespecs.json
POST 	/app.php/api/attributespecs.json
PUT 	/app.php/api/services/1/attributespecs/1.json
PUT 	/app.php/api/services/1/attributespecs/2.json
***	 ServicesAttributespecsGetTest ***
GET 	/app.php/api/services/1/attributespecs.json
GET 	/app.php/api/services/1/attributespecs.json
GET 	/app.php/api/services/2/attributespecs.json
BeforeClass @ CleanTest
/home/ede/NetBeansProjects/JavaCoreTest/hexaa-test
*** Loading Properties ***
*** 80
*** 192.168.203.203
*** tesztAdmin@sztaki.hu
*** 7lrfjlpu5br2vpv1jcaogdz481b28xf7lz85wqmv
OUTPUT>Could not open input file: app/console
OUTPUT>Dropped database for connection named `hexaa`
OUTPUT>Created database for connection named `hexaa`
OUTPUT>Updating database schema...
OUTPUT>Database schema updated successfully! "64" queries were executed
ExitValue: 0
** AUTHENTICATE **	GET 	/app.php/api/principal/self.json
** AUTHENTICATE **	{"code":403,"message":"Forbidden","errors":null}
** AUTHENTICATE **	Getting temporary API key.
** AUTHENTICATE **	Temporary API key acquired.
** AUTHENTICATE **	POST 	/app.php/api/tokens.json
{"fedid":"tesztAdmin@sztaki.hu","token":"a733438ee40fc9e84e7421797ec578fd20a156de34b2df0afbbe9e8ae982b5d0"}
** AUTHENTICATE **	{"fedid":"tesztAdmin@sztaki.hu","token":"a733438ee40fc9e84e7421797ec578fd20a156de34b2df0afbbe9e8ae982b5d0"}
** AUTHENTICATE **	Normal API key acquired.
GET 	/app.php/api/entityids.json
POST 	/app.php/api/services.json
POST 	/app.php/api/services.json
POST 	/app.php/api/attributespecs.json
POST 	/app.php/api/attributespecs.json
PUT 	/app.php/api/services/1/attributespecs/1.json
PUT 	/app.php/api/services/1/attributespecs/2.json
***	 ServicesAttributespecsRemoveTest ***
DEL 	/app.php/api/services/1/attributespecs/1.json
GET 	/app.php/api/services/1/attributespecs.json
GET 	/app.php/api/services/2/attributespecs.json
BeforeClass @ CleanTest
/home/ede/NetBeansProjects/JavaCoreTest/hexaa-test
*** Loading Properties ***
*** 80
*** 192.168.203.203
*** tesztAdmin@sztaki.hu
*** 7lrfjlpu5br2vpv1jcaogdz481b28xf7lz85wqmv
OUTPUT>Could not open input file: app/console
OUTPUT>Dropped database for connection named `hexaa`
OUTPUT>Created database for connection named `hexaa`
OUTPUT>Updating database schema...
OUTPUT>Database schema updated successfully! "64" queries were executed
ExitValue: 0
** AUTHENTICATE **	GET 	/app.php/api/principal/self.json
** AUTHENTICATE **	{"code":403,"message":"Forbidden","errors":null}
** AUTHENTICATE **	Getting temporary API key.
** AUTHENTICATE **	Temporary API key acquired.
** AUTHENTICATE **	POST 	/app.php/api/tokens.json
{"fedid":"tesztAdmin@sztaki.hu","token":"dd315de7e07dfdb35fb2fca2f88cbc82a25410baa409e6e3dbbbad12b49ba666"}
** AUTHENTICATE **	{"fedid":"tesztAdmin@sztaki.hu","token":"dd315de7e07dfdb35fb2fca2f88cbc82a25410baa409e6e3dbbbad12b49ba666"}
** AUTHENTICATE **	Normal API key acquired.
GET 	/app.php/api/entityids.json
POST 	/app.php/api/services.json
POST 	/app.php/api/services.json
POST 	/app.php/api/services/1/entitlements.json
POST 	/app.php/api/services/1/entitlements.json
POST 	/app.php/api/services/2/entitlements.json
***	 ServicesEntitlementsGetTest ***
GET 	/app.php/api/services/1/entitlements.json
GET 	/app.php/api/services/2/entitlements.json
BeforeClass @ CleanTest
/home/ede/NetBeansProjects/JavaCoreTest/hexaa-test
*** Loading Properties ***
*** 80
*** 192.168.203.203
*** tesztAdmin@sztaki.hu
*** 7lrfjlpu5br2vpv1jcaogdz481b28xf7lz85wqmv
OUTPUT>Could not open input file: app/console
OUTPUT>Dropped database for connection named `hexaa`
OUTPUT>Created database for connection named `hexaa`
OUTPUT>Updating database schema...
OUTPUT>Database schema updated successfully! "64" queries were executed
ExitValue: 0
** AUTHENTICATE **	GET 	/app.php/api/principal/self.json
** AUTHENTICATE **	{"code":403,"message":"Forbidden","errors":null}
** AUTHENTICATE **	Getting temporary API key.
** AUTHENTICATE **	Temporary API key acquired.
** AUTHENTICATE **	POST 	/app.php/api/tokens.json
{"fedid":"tesztAdmin@sztaki.hu","token":"524c42304372017b1c22dbdd9275abb23916c217cfcc609968e11de144a8a2b1"}
** AUTHENTICATE **	{"fedid":"tesztAdmin@sztaki.hu","token":"524c42304372017b1c22dbdd9275abb23916c217cfcc609968e11de144a8a2b1"}
** AUTHENTICATE **	Normal API key acquired.
GET 	/app.php/api/entityids.json
POST 	/app.php/api/services.json
POST 	/app.php/api/services.json
POST 	/app.php/api/principals.json
POST 	/app.php/api/principals.json
GET 	/app.php/api/principal/self.json
***	 ServicesManagersAddTest ***
PUT 	/app.php/api/services/1/managers/2.json
PUT 	/app.php/api/services/1/managers/3.json
GET 	/app.php/api/services/1/managers.json
BeforeClass @ CleanTest
/home/ede/NetBeansProjects/JavaCoreTest/hexaa-test
*** Loading Properties ***
*** 80
*** 192.168.203.203
*** tesztAdmin@sztaki.hu
*** 7lrfjlpu5br2vpv1jcaogdz481b28xf7lz85wqmv
OUTPUT>Could not open input file: app/console
OUTPUT>Dropped database for connection named `hexaa`
OUTPUT>Created database for connection named `hexaa`
OUTPUT>Updating database schema...
OUTPUT>Database schema updated successfully! "64" queries were executed
ExitValue: 0
** AUTHENTICATE **	GET 	/app.php/api/principal/self.json
** AUTHENTICATE **	{"code":403,"message":"Forbidden","errors":null}
** AUTHENTICATE **	Getting temporary API key.
** AUTHENTICATE **	Temporary API key acquired.
** AUTHENTICATE **	POST 	/app.php/api/tokens.json
{"fedid":"tesztAdmin@sztaki.hu","token":"6943fff0a61e58f98073684bdf2cd3740e776a3f237a7ef62233b45ab96a604a"}
** AUTHENTICATE **	{"fedid":"tesztAdmin@sztaki.hu","token":"6943fff0a61e58f98073684bdf2cd3740e776a3f237a7ef62233b45ab96a604a"}
** AUTHENTICATE **	Normal API key acquired.
GET 	/app.php/api/entityids.json
POST 	/app.php/api/services.json
POST 	/app.php/api/services.json
POST 	/app.php/api/services/1/entitlementpacks.json
POST 	/app.php/api/services/1/entitlementpacks.json
POST 	/app.php/api/services/2/entitlementpacks.json
***	 ServicesEntitlementpacksGetTest ***
GET 	/app.php/api/services/1/entitlementpacks.json
GET 	/app.php/api/services/2/entitlementpacks.json
]]></system-out>
  <system-err><![CDATA[]]></system-err>
</testsuite>
