<?xml version="1.0" encoding="UTF-8" ?>
<testsuite errors="0" failures="0" hostname="banat" name="sztaki.hexaa.httputility.leveledtests.LevelOneTestSuite" skipped="0" tests="24" time="88.745" timestamp="2014-09-29T13:42:08">
  <properties>
    <property name="java.vendor" value="Oracle Corporation" />
    <property name="lib.dir" value="lib" />
    <property name="sun.java.launcher" value="SUN_STANDARD" />
    <property name="sun.management.compiler" value="HotSpot 64-Bit Tiered Compilers" />
    <property name="current.time" value="09/29 03:42:08 PM" />
    <property name="os.name" value="Linux" />
    <property name="sun.boot.class.path" value="/usr/lib/jvm/java-8-oracle/jre/lib/resources.jar:/usr/lib/jvm/java-8-oracle/jre/lib/rt.jar:/usr/lib/jvm/java-8-oracle/jre/lib/sunrsasign.jar:/usr/lib/jvm/java-8-oracle/jre/lib/jsse.jar:/usr/lib/jvm/java-8-oracle/jre/lib/jce.jar:/usr/lib/jvm/java-8-oracle/jre/lib/charsets.jar:/usr/lib/jvm/java-8-oracle/jre/lib/jfr.jar:/usr/lib/jvm/java-8-oracle/jre/classes" />
    <property name="TODAY" value="September 29 2014" />
    <property name="sun.desktop" value="gnome" />
    <property name="java.vm.specification.vendor" value="Oracle Corporation" />
    <property name="ant.home" value="/usr/share/ant" />
    <property name="java.runtime.version" value="1.8.0_20-b26" />
    <property name="user.name" value="ede" />
    <property name="junit.out.dir.html" value="/var/www/html" />
    <property name="user.language" value="en" />
    <property name="sun.boot.library.path" value="/usr/lib/jvm/java-8-oracle/jre/lib/amd64" />
    <property name="ant.file.HEXAA Tests" value="/home/ede/NetBeansProjects/JavaCoreTest/hexaa-test/alternate_buil.xml" />
    <property name="ant.project.default-target" value="leveledtests" />
    <property name="ant.project.name" value="HEXAA Tests" />
    <property name="DSTAMP" value="20140929" />
    <property name="java.version" value="1.8.0_20" />
    <property name="user.timezone" value="Europe/Budapest" />
    <property name="sun.arch.data.model" value="64" />
    <property name="java.endorsed.dirs" value="/usr/lib/jvm/java-8-oracle/jre/lib/endorsed" />
    <property name="sun.cpu.isalist" value="" />
    <property name="sun.jnu.encoding" value="UTF-8" />
    <property name="file.encoding.pkg" value="sun.io" />
    <property name="file.separator" value="/" />
    <property name="java.specification.name" value="Java Platform API Specification" />
    <property name="classes.dir" value="target/classes" />
    <property name="java.class.version" value="52.0" />
    <property name="ant.file.type.HEXAA Tests" value="file" />
    <property name="user.country" value="US" />
    <property name="java.home" value="/usr/lib/jvm/java-8-oracle/jre" />
    <property name="java.vm.info" value="mixed mode" />
    <property name="ant.file" value="/home/ede/NetBeansProjects/JavaCoreTest/hexaa-test/alternate_buil.xml" />
    <property name="os.version" value="3.13.0-36-generic" />
    <property name="path.separator" value=":" />
    <property name="java.vm.version" value="25.20-b23" />
    <property name="ant.library.dir" value="/usr/share/ant/lib" />
    <property name="java.awt.printerjob" value="sun.print.PSPrinterJob" />
    <property name="sun.io.unicode.encoding" value="UnicodeLittle" />
    <property name="awt.toolkit" value="sun.awt.X11.XToolkit" />
    <property name="junit.out.dir" value="target/report/junit" />
    <property name="user.home" value="/home/ede" />
    <property name="java.specification.vendor" value="Oracle Corporation" />
    <property name="test.dir" value="test" />
    <property name="java.library.path" value="/usr/java/packages/lib/amd64:/usr/lib64:/lib64:/lib:/usr/lib" />
    <property name="java.vendor.url" value="http://java.oracle.com/" />
    <property name="java.vm.vendor" value="Oracle Corporation" />
    <property name="java.runtime.name" value="Java(TM) SE Runtime Environment" />
    <property name="sun.java.command" value="org.apache.tools.ant.taskdefs.optional.junit.JUnitTestRunner sztaki.hexaa.httputility.leveledtests.LevelOneTestSuite skipNonTests=false filtertrace=true haltOnError=false haltOnFailure=false formatter=org.apache.tools.ant.taskdefs.optional.junit.SummaryJUnitResultFormatter showoutput=false outputtoformatters=true logfailedtests=true logtestlistenerevents=false formatter=org.apache.tools.ant.taskdefs.optional.junit.XMLJUnitResultFormatter,/home/ede/NetBeansProjects/JavaCoreTest/hexaa-test/target/report/junit/TEST-sztaki.hexaa.httputility.leveledtests.LevelOneTestSuite.xml crashfile=/home/ede/NetBeansProjects/JavaCoreTest/hexaa-test/junitvmwatcher4912827641037369524.properties propsfile=/home/ede/NetBeansProjects/JavaCoreTest/hexaa-test/junit3440545947061945509.properties" />
    <property name="java.class.path" value="/usr/share/ant/lib/ant-launcher.jar:/usr/share/java/xmlParserAPIs.jar:/usr/share/java/xercesImpl.jar:/usr/share/ant/lib/ant-apache-log4j.jar:/usr/share/ant/lib/ant-apache-resolver.jar:/usr/share/ant/lib/ant-testutil.jar:/usr/share/ant/lib/ant-jsch.jar:/usr/share/ant/lib/ant-antlr.jar:/usr/share/ant/lib/ant-commons-logging.jar:/usr/share/ant/lib/ant-jdepend.jar:/usr/share/ant/lib/ant-apache-xalan2.jar:/usr/share/ant/lib/ant-apache-bcel.jar:/usr/share/ant/lib/ant-apache-regexp.jar:/usr/share/ant/lib/ant-junit.jar:/usr/share/ant/lib/ant-apache-bsf.jar:/usr/share/ant/lib/ant-junit4.jar:/usr/share/ant/lib/ant-jmf.jar:/usr/share/ant/lib/ant-apache-oro.jar:/usr/share/ant/lib/ant-swing.jar:/usr/share/ant/lib/ant.jar:/usr/share/ant/lib/ant-javamail.jar:/usr/share/ant/lib/ant-commons-net.jar:/usr/lib/jvm/java-8-oracle/lib/tools.jar:/home/ede/NetBeansProjects/JavaCoreTest/hexaa-test/target/classes:/home/ede/NetBeansProjects/JavaCoreTest/hexaa-test/lib/commons-codec-1.9.jar:/home/ede/NetBeansProjects/JavaCoreTest/hexaa-test/lib/commons-logging-1.1.3.jar:/home/ede/NetBeansProjects/JavaCoreTest/hexaa-test/lib/httpclient-4.3.4.jar:/home/ede/NetBeansProjects/JavaCoreTest/hexaa-test/lib/httpcore-4.3.2.jar:/home/ede/NetBeansProjects/JavaCoreTest/hexaa-test/lib/json.jar:/home/ede/NetBeansProjects/JavaCoreTest/hexaa-test/lib/jsonassert-1.2.3.jar:/home/ede/NetBeansProjects/JavaCoreTest/hexaa-test/lib/junit-4.10.jar:/usr/share/java/ant-launcher-1.9.3.jar" />
    <property name="ant.version" value="Apache Ant(TM) version 1.9.3 compiled on April 8 2014" />
    <property name="TSTAMP" value="1542" />
    <property name="project.name" value="junitsuite" />
    <property name="java.vm.specification.name" value="Java Virtual Machine Specification" />
    <property name="ant.file.type" value="file" />
    <property name="java.vm.specification.version" value="1.8" />
    <property name="sun.cpu.endian" value="little" />
    <property name="sun.os.patch.level" value="unknown" />
    <property name="java.io.tmpdir" value="/tmp" />
    <property name="java.vendor.url.bug" value="http://bugreport.sun.com/bugreport/" />
    <property name="os.arch" value="amd64" />
    <property name="java.awt.graphicsenv" value="sun.awt.X11GraphicsEnvironment" />
    <property name="java.ext.dirs" value="/usr/lib/jvm/java-8-oracle/jre/lib/ext:/usr/java/packages/lib/ext" />
    <property name="user.dir" value="/home/ede/NetBeansProjects/JavaCoreTest/hexaa-test" />
    <property name="line.separator" value="&#xa;" />
    <property name="java.vm.name" value="Java HotSpot(TM) 64-Bit Server VM" />
    <property name="basedir" value="/home/ede/NetBeansProjects/JavaCoreTest/hexaa-test" />
    <property name="ant.java.version" value="1.8" />
    <property name="ant.core.lib" value="/usr/share/ant/lib/ant.jar" />
    <property name="file.encoding" value="UTF-8" />
    <property name="target.dir" value="target" />
    <property name="java.specification.version" value="1.8" />
    <property name="src.dir" value="src" />
    <property name="ant.project.invoked-targets" value="leveledtests" />
  </properties>
  <testcase classname="sztaki.hexaa.httputility.apicalls.attributespecs.AttributespecsIsEmptyTest" name="testAttributespecsIsEmptyGet" time="0.272" />
  <testcase classname="sztaki.hexaa.httputility.apicalls.attributespecs.AttributespecsIsEmptyTest" name="testAttributespecsIsEmptyPut" time="0.141" />
  <testcase classname="sztaki.hexaa.httputility.apicalls.attributespecs.AttributespecsIsEmptyTest" name="testAttributespecsIsEmptyDelete" time="0.137" />
  <testcase classname="sztaki.hexaa.httputility.apicalls.entitlementpacks.EntitlementpacksIsEmptyTest" name="testEntitlementpacksIsEmptyDelete" time="0.279" />
  <testcase classname="sztaki.hexaa.httputility.apicalls.entitlementpacks.EntitlementpacksIsEmptyTest" name="testEntitlementpacksIsEmptyGet" time="1.479" />
  <testcase classname="sztaki.hexaa.httputility.apicalls.entitlementpacks.EntitlementpacksIsEmptyTest" name="testEntitlementpacksIsEmptyPut" time="0.922" />
  <testcase classname="sztaki.hexaa.httputility.apicalls.entitlements.EntitlementsIsEmptyTest" name="testEntitlementsIsEmptyDelete" time="0.165" />
  <testcase classname="sztaki.hexaa.httputility.apicalls.entitlements.EntitlementsIsEmptyTest" name="testEntitlementsIsEmptyGet" time="0.157" />
  <testcase classname="sztaki.hexaa.httputility.apicalls.entitlements.EntitlementsIsEmptyTest" name="testEntitlementsIsEmptyPut" time="0.139" />
  <testcase classname="sztaki.hexaa.httputility.apicalls.organizations.OrganizationIsEmptyTest" name="testOrganizationIsEmptyGet" time="1.44" />
  <testcase classname="sztaki.hexaa.httputility.apicalls.organizations.OrganizationIsEmptyTest" name="testOrganizationIsEmptyPut" time="1.738" />
  <testcase classname="sztaki.hexaa.httputility.apicalls.organizations.OrganizationIsEmptyTest" name="testOrganizationIsEmptyDelete" time="0.63" />
  <testcase classname="sztaki.hexaa.httputility.apicalls.principals.PrincipalIsEmptyTest" name="testPrincipalisEmpty" time="1.721" />
  <testcase classname="sztaki.hexaa.httputility.apicalls.roles.RolesIsEmptyTest" name="testRolesIsEmptyGet" time="0.391" />
  <testcase classname="sztaki.hexaa.httputility.apicalls.roles.RolesIsEmptyTest" name="testRoleIsEmptyPut" time="0.437" />
  <testcase classname="sztaki.hexaa.httputility.apicalls.roles.RolesIsEmptyTest" name="testRoleIsEmptyDelete" time="0.398" />
  <testcase classname="sztaki.hexaa.httputility.apicalls.services.ServicesIsEmptyTest" name="testServicesIsEmptyGet" time="1.018" />
  <testcase classname="sztaki.hexaa.httputility.apicalls.services.ServicesIsEmptyTest" name="testServicesIsEmptyPut" time="0.431" />
  <testcase classname="sztaki.hexaa.httputility.apicalls.services.ServicesIsEmptyTest" name="testServicesIsEmptyDelete" time="0.637" />
  <testcase classname="sztaki.hexaa.httputility.apicalls.MethodNotAllowedTest" name="testMethodNotAllowed" time="22.405" />
  <testcase classname="sztaki.hexaa.httputility.apicalls.attributespecs.AttributespecsPostTest" name="testAttributespecsPost" time="0.328" />
  <testcase classname="sztaki.hexaa.httputility.apicalls.organizations.OrganizationPostTest" name="testOrganizationPost" time="0.342" />
  <testcase classname="sztaki.hexaa.httputility.apicalls.principals.PrincipalsPostTest" name="testPrincipalsPost" time="0.49" />
  <testcase classname="sztaki.hexaa.httputility.apicalls.services.ServicesPostTest" name="testServicePost" time="0.437" />
  <system-out><![CDATA[BeforeClass @ CleanTest
/home/ede/NetBeansProjects/JavaCoreTest/hexaa-test
*** Loading Properties ***
*** 80
*** 192.168.203.203
*** tesztAdmin@sztaki.hu
*** 7lrfjlpu5br2vpv1jcaogdz481b28xf7lz85wqmv
OUTPUT>Dropped database for connection named `hexaa`
OUTPUT>Created database for connection named `hexaa`
OUTPUT>Updating database schema...
OUTPUT>Database schema updated successfully! "64" queries were executed
ExitValue: 0
** AUTHENTICATE **	GET 	/app.php/api/principal/self.json
** AUTHENTICATE **	{"code":403,"message":"Forbidden","errors":null}
** AUTHENTICATE **	Getting temporary API key.
** AUTHENTICATE **	Temporary API key acquired.
** AUTHENTICATE **	POST 	/app.php/api/tokens.json
{"fedid":"tesztAdmin@sztaki.hu","token":"9f7ac29e5051bb0f962de7298ad4063a18008f781a65324e924501b1e2759465"}
** AUTHENTICATE **	{"fedid":"tesztAdmin@sztaki.hu","token":"9f7ac29e5051bb0f962de7298ad4063a18008f781a65324e924501b1e2759465"}
** AUTHENTICATE **	Normal API key acquired.
***	 AttributespecsIsEmptyTest ***
GET 	/app.php/api/attributespecs.json
GET 	/app.php/api/attributespecs/1.json
PUT 	/app.php/api/attributespecs/1.json
DEL 	/app.php/api/attributespecs/1.json
BeforeClass @ CleanTest
/home/ede/NetBeansProjects/JavaCoreTest/hexaa-test
*** Loading Properties ***
*** 80
*** 192.168.203.203
*** tesztAdmin@sztaki.hu
*** 7lrfjlpu5br2vpv1jcaogdz481b28xf7lz85wqmv
OUTPUT>Dropped database for connection named `hexaa`
OUTPUT>Created database for connection named `hexaa`
OUTPUT>Updating database schema...
OUTPUT>Database schema updated successfully! "64" queries were executed
ExitValue: 0
** AUTHENTICATE **	GET 	/app.php/api/principal/self.json
** AUTHENTICATE **	{"code":403,"message":"Forbidden","errors":null}
** AUTHENTICATE **	Getting temporary API key.
** AUTHENTICATE **	Temporary API key acquired.
** AUTHENTICATE **	POST 	/app.php/api/tokens.json
{"fedid":"tesztAdmin@sztaki.hu","token":"68b7dbb8588c2bab67f768c71ccb677b86ad3dc442dbb09c04119ae52c36af6e"}
** AUTHENTICATE **	{"fedid":"tesztAdmin@sztaki.hu","token":"68b7dbb8588c2bab67f768c71ccb677b86ad3dc442dbb09c04119ae52c36af6e"}
** AUTHENTICATE **	Normal API key acquired.
***	 EntitlementpacksIsEmptyTest ***
DEL 	/app.php/api/entitlementpacks/1.json
DEL 	/app.php/api/entitlementpacks/1/entitlements/1.json
GET 	/app.php/api/entitlementpacks/public.json
GET 	/app.php/api/entitlementpacks/1.json
GET 	/app.php/api/entitlementpacks/1/entitlements.json
PUT 	/app.php/api/entitlementpacks/1.json
PUT 	/app.php/api/entitlementpacks/1/entitlements/1.json
BeforeClass @ CleanTest
/home/ede/NetBeansProjects/JavaCoreTest/hexaa-test
*** Loading Properties ***
*** 80
*** 192.168.203.203
*** tesztAdmin@sztaki.hu
*** 7lrfjlpu5br2vpv1jcaogdz481b28xf7lz85wqmv
OUTPUT>Dropped database for connection named `hexaa`
OUTPUT>Created database for connection named `hexaa`
OUTPUT>Updating database schema...
OUTPUT>Database schema updated successfully! "64" queries were executed
ExitValue: 0
** AUTHENTICATE **	GET 	/app.php/api/principal/self.json
** AUTHENTICATE **	{"code":403,"message":"Forbidden","errors":null}
** AUTHENTICATE **	Getting temporary API key.
** AUTHENTICATE **	Temporary API key acquired.
** AUTHENTICATE **	POST 	/app.php/api/tokens.json
{"fedid":"tesztAdmin@sztaki.hu","token":"0b45798072da3cdd4ff6bfd7215d9541ffe7290213e4e435ecaf9ce720cde809"}
** AUTHENTICATE **	{"fedid":"tesztAdmin@sztaki.hu","token":"0b45798072da3cdd4ff6bfd7215d9541ffe7290213e4e435ecaf9ce720cde809"}
** AUTHENTICATE **	Normal API key acquired.
***	 EntitlementsIsEmptyTest ***
DEL 	/app.php/api/entitlements/1.json
GET 	/app.php/api/entitlements/1.json
PUT 	/app.php/api/entitlements/1.json
BeforeClass @ CleanTest
/home/ede/NetBeansProjects/JavaCoreTest/hexaa-test
*** Loading Properties ***
*** 80
*** 192.168.203.203
*** tesztAdmin@sztaki.hu
*** 7lrfjlpu5br2vpv1jcaogdz481b28xf7lz85wqmv
OUTPUT>Dropped database for connection named `hexaa`
OUTPUT>Created database for connection named `hexaa`
OUTPUT>Updating database schema...
OUTPUT>Database schema updated successfully! "64" queries were executed
ExitValue: 0
** AUTHENTICATE **	GET 	/app.php/api/principal/self.json
** AUTHENTICATE **	{"code":403,"message":"Forbidden","errors":null}
** AUTHENTICATE **	Getting temporary API key.
** AUTHENTICATE **	Temporary API key acquired.
** AUTHENTICATE **	POST 	/app.php/api/tokens.json
{"fedid":"tesztAdmin@sztaki.hu","token":"86319ef0063cce1f53ed5b41b9dc8136ef93919c550b42e8e0e5cdded43cf540"}
** AUTHENTICATE **	{"fedid":"tesztAdmin@sztaki.hu","token":"86319ef0063cce1f53ed5b41b9dc8136ef93919c550b42e8e0e5cdded43cf540"}
** AUTHENTICATE **	Normal API key acquired.
***	 OrganizationIsEmptyTest ***
GET 	/app.php/api/organizations.json
GET 	/app.php/api/organizations/1.json
GET 	/app.php/api/organizations/1/attributespecs.json
GET 	/app.php/api/organizations/1/attributevalueorganization.json
GET 	/app.php/api/organizations/1/entitlementpacks.json
GET 	/app.php/api/organizations/1/entitlements.json
GET 	/app.php/api/organizations/1/managers.json
GET 	/app.php/api/organizations/1/members.json
GET 	/app.php/api/organizations/1/roles.json
PUT 	/app.php/api/organizations/1.json
PUT 	/app.php/api/organizations/1/entitlementpacks/1.json
PUT 	/app.php/api/organizations/1/entitlementpacks/1/accept.json
PUT 	/app.php/api/organizations/1/entitlementpacks/token/token.json
PUT 	/app.php/api/organizations/1/managers/1.json
PUT 	/app.php/api/organizations/1/members/1.json
DEL 	/app.php/api/organizations/1.json
DEL 	/app.php/api/organizations/1/entitlementpacks/1.json
DEL 	/app.php/api/organizations/1/managers/1.json
DEL 	/app.php/api/organizations/1/members/1.json
BeforeClass @ CleanTest
/home/ede/NetBeansProjects/JavaCoreTest/hexaa-test
*** Loading Properties ***
*** 80
*** 192.168.203.203
*** tesztAdmin@sztaki.hu
*** 7lrfjlpu5br2vpv1jcaogdz481b28xf7lz85wqmv
OUTPUT>Dropped database for connection named `hexaa`
OUTPUT>Created database for connection named `hexaa`
OUTPUT>Updating database schema...
OUTPUT>Database schema updated successfully! "64" queries were executed
ExitValue: 0
** AUTHENTICATE **	GET 	/app.php/api/principal/self.json
** AUTHENTICATE **	{"code":403,"message":"Forbidden","errors":null}
** AUTHENTICATE **	Getting temporary API key.
** AUTHENTICATE **	Temporary API key acquired.
** AUTHENTICATE **	POST 	/app.php/api/tokens.json
{"fedid":"tesztAdmin@sztaki.hu","token":"2ee81bef4ea08fc825d3879c25b327120135fc25f043368418c3c847bfb8331c"}
** AUTHENTICATE **	{"fedid":"tesztAdmin@sztaki.hu","token":"2ee81bef4ea08fc825d3879c25b327120135fc25f043368418c3c847bfb8331c"}
** AUTHENTICATE **	Normal API key acquired.
***	 PrincipalIsEmptyTest ***
GET 	/app.php/api/manager/organizations.json
GET 	/app.php/api/manager/services.json
GET 	/app.php/api/member/organizations.json
GET 	/app.php/api/principal/self.json
GET 	/app.php/api/principal/attributespecs.json
GET 	/app.php/api/principal/attributevalueprincipal.json
GET 	/app.php/api/principal/entitlements.json
GET 	/app.php/api/principal/roles.json
GET 	/app.php/api/principals.json
GET 	/app.php/api/principals/1/attributespecs/attributevalueprincipals.json
GET 	/app.php/api/principals/1/id.json
BeforeClass @ CleanTest
/home/ede/NetBeansProjects/JavaCoreTest/hexaa-test
*** Loading Properties ***
*** 80
*** 192.168.203.203
*** tesztAdmin@sztaki.hu
*** 7lrfjlpu5br2vpv1jcaogdz481b28xf7lz85wqmv
OUTPUT>Dropped database for connection named `hexaa`
OUTPUT>Created database for connection named `hexaa`
OUTPUT>Updating database schema...
OUTPUT>Database schema updated successfully! "64" queries were executed
ExitValue: 0
** AUTHENTICATE **	GET 	/app.php/api/principal/self.json
** AUTHENTICATE **	{"code":403,"message":"Forbidden","errors":null}
** AUTHENTICATE **	Getting temporary API key.
** AUTHENTICATE **	Temporary API key acquired.
** AUTHENTICATE **	POST 	/app.php/api/tokens.json
{"fedid":"tesztAdmin@sztaki.hu","token":"e7c4746c7d5039bd9a8fd0d03cbcb9033552f3092183a39efe08e74c0f162e21"}
** AUTHENTICATE **	{"fedid":"tesztAdmin@sztaki.hu","token":"e7c4746c7d5039bd9a8fd0d03cbcb9033552f3092183a39efe08e74c0f162e21"}
** AUTHENTICATE **	Normal API key acquired.
***	 RolesIsEmptyTest ***
GET 	/app.php/api/roles/1.json
GET 	/app.php/api/roles/1/entitlements.json
GET 	/app.php/api/roles/1/principals.json
PUT 	/app.php/api/roles/1.json
PUT 	/app.php/api/roles/1/entitlements/1.json
PUT 	/app.php/api/roles/1/principals/1.json
DEL 	/app.php/api/roles/1.json
DEL 	/app.php/api/roles/1/entitlements/1.json
DEL 	/app.php/api/roles/1/principals/1.json
BeforeClass @ CleanTest
/home/ede/NetBeansProjects/JavaCoreTest/hexaa-test
*** Loading Properties ***
*** 80
*** 192.168.203.203
*** tesztAdmin@sztaki.hu
*** 7lrfjlpu5br2vpv1jcaogdz481b28xf7lz85wqmv
OUTPUT>Dropped database for connection named `hexaa`
OUTPUT>Created database for connection named `hexaa`
OUTPUT>Updating database schema...
OUTPUT>Database schema updated successfully! "64" queries were executed
ExitValue: 0
** AUTHENTICATE **	GET 	/app.php/api/principal/self.json
** AUTHENTICATE **	{"code":403,"message":"Forbidden","errors":null}
** AUTHENTICATE **	Getting temporary API key.
** AUTHENTICATE **	Temporary API key acquired.
** AUTHENTICATE **	POST 	/app.php/api/tokens.json
{"fedid":"tesztAdmin@sztaki.hu","token":"cc8bf631f90f85a67bfc90e9d92a2169a1c194b3eaa29d1ca12f915c4a621e55"}
** AUTHENTICATE **	{"fedid":"tesztAdmin@sztaki.hu","token":"cc8bf631f90f85a67bfc90e9d92a2169a1c194b3eaa29d1ca12f915c4a621e55"}
** AUTHENTICATE **	Normal API key acquired.
***	 ServicesIsEmptyTest ***
GET 	/app.php/api/services.json
GET 	/app.php/api/services/1.json
GET 	/app.php/api/services/1/attributespecs.json
GET 	/app.php/api/services/1/entitlementpacks.json
GET 	/app.php/api/services/1/entitlements.json
GET 	/app.php/api/services/1/invitations.json
GET 	/app.php/api/services/1/managers.json
GET 	/app.php/api/services/1/organizations.json
PUT 	/app.php/api/services/1.json
PUT 	/app.php/api/services/1/attributespecs/1.json
PUT 	/app.php/api/services/1/managers/1.json
DEL 	/app.php/api/services/1.json
DEL 	/app.php/api/services/1/attributespecs/1.json
DEL 	/app.php/api/services/1/managers/1.json
/home/ede/NetBeansProjects/JavaCoreTest/hexaa-test
*** Loading Properties ***
*** 80
*** 192.168.203.203
*** tesztAdmin@sztaki.hu
*** 7lrfjlpu5br2vpv1jcaogdz481b28xf7lz85wqmv
OUTPUT>Dropped database for connection named `hexaa`
OUTPUT>Created database for connection named `hexaa`
OUTPUT>Updating database schema...
OUTPUT>Database schema updated successfully! "64" queries were executed
ExitValue: 0
BeforeClass @ CleanTest
/home/ede/NetBeansProjects/JavaCoreTest/hexaa-test
*** Loading Properties ***
*** 80
*** 192.168.203.203
*** tesztAdmin@sztaki.hu
*** 7lrfjlpu5br2vpv1jcaogdz481b28xf7lz85wqmv
OUTPUT>Dropped database for connection named `hexaa`
OUTPUT>Created database for connection named `hexaa`
OUTPUT>Updating database schema...
OUTPUT>Database schema updated successfully! "64" queries were executed
ExitValue: 0
** AUTHENTICATE **	GET 	/app.php/api/principal/self.json
** AUTHENTICATE **	{"code":403,"message":"Forbidden","errors":null}
** AUTHENTICATE **	Getting temporary API key.
** AUTHENTICATE **	Temporary API key acquired.
** AUTHENTICATE **	POST 	/app.php/api/tokens.json
{"fedid":"tesztAdmin@sztaki.hu","token":"220debf4a02730bb50199bcf833fc246552eb55e294accae6a75f12dff195572"}
** AUTHENTICATE **	{"fedid":"tesztAdmin@sztaki.hu","token":"220debf4a02730bb50199bcf833fc246552eb55e294accae6a75f12dff195572"}
** AUTHENTICATE **	Normal API key acquired.
POST 	/app.php/api/attributevalueorganizations/1.json
POST 	/app.php/api/attributevalueorganizations/1/services/1.json
GET 	/app.php/api/attributevalueorganizations.json
PUT 	/app.php/api/attributevalueorganizations.json
DEL 	/app.php/api/attributevalueorganizations.json
POST 	/app.php/api/attributevalueprincipals/1/services/1.json
PUT 	/app.php/api/attributespecs.json
DEL 	/app.php/api/attributespecs.json
POST 	/app.php/api/attributespecs/1.json
POST 	/app.php/api/attributespecs/1/service.json
PUT 	/app.php/api/attributespecs/1/service.json
DEL 	/app.php/api/attributespecs/1/service.json
POST 	/app.php/api/entitlements/1.json
POST 	/app.php/api/entitlementpacks/1/entitlements.json
PUT 	/app.php/api/entitlementpacks/1/entitlements.json
DEL 	/app.php/api/entitlementpacks/1/entitlements.json
POST 	/app.php/api/entitlementpacks/1.json
GET 	/app.php/api/entitlementpacks/1/entitlements/1.json
POST 	/app.php/api/entitlementpacks/1/entitlements/1.json
PUT 	/app.php/api/entityidrequests.json
DEL 	/app.php/api/entityidrequests.json
POST 	/app.php/api/entityidrequests/1.json
POST 	/app.php/api/entityidrequests/1/accept.json
PUT 	/app.php/api/entityidrequests/1/accept.json
DEL 	/app.php/api/entityidrequests/1/accept.json
POST 	/app.php/api/entityidrequests/1/reject.json
PUT 	/app.php/api/entityidrequests/1/reject.json
DEL 	/app.php/api/entityidrequests/1/reject.json
POST 	/app.php/api/entityids.json
PUT 	/app.php/api/entityids.json
DEL 	/app.php/api/entityids.json
GET 	/app.php/api/invitations.json
PUT 	/app.php/api/invitations.json
DEL 	/app.php/api/invitations.json
POST 	/app.php/api/invitations/1.json
POST 	/app.php/api/invitations/1/resend.json
PUT 	/app.php/api/invitations/1/resend.json
DEL 	/app.php/api/invitations/1/resend.json
POST 	/app.php/api/invitations/token/accept/token.json
PUT 	/app.php/api/invitations/token/accept/token.json
DEL 	/app.php/api/invitations/token/accept/token.json
POST 	/app.php/api/invitations/token/accepts/{email}/email.json
PUT 	/app.php/api/invitations/token/accepts/{email}/email.json
DEL 	/app.php/api/invitations/token/accepts/{email}/email.json
POST 	/app.php/api/invitations/token/rejects/{email}/email.json
PUT 	/app.php/api/invitations/token/rejects/{email}/email.json
DEL 	/app.php/api/invitations/token/rejects/{email}/email.json
PUT 	/app.php/api/organizations.json
DEL 	/app.php/api/organizations.json
PUT 	/app.php/api/organizations/1/attributevalueorganization.json
DEL 	/app.php/api/organizations/1/attributevalueorganization.json
PUT 	/app.php/api/organizations/1/roles.json
DEL 	/app.php/api/organizations/1/roles.json
POST 	/app.php/api/organizations/1.json
POST 	/app.php/api/organizations/1/attributespecs.json
PUT 	/app.php/api/organizations/1/attributespecs.json
DEL 	/app.php/api/organizations/1/attributespecs.json
POST 	/app.php/api/organizations/1/attributespecs/1/attributevalueorganizations.json
PUT 	/app.php/api/organizations/1/attributespecs/1/attributevalueorganizations.json
DEL 	/app.php/api/organizations/1/attributespecs/1/attributevalueorganizations.json
POST 	/app.php/api/organizations/1/entitlementpacks.json
PUT 	/app.php/api/organizations/1/entitlementpacks.json
DEL 	/app.php/api/organizations/1/entitlementpacks.json
POST 	/app.php/api/organizations/1/entitlements.json
PUT 	/app.php/api/organizations/1/entitlements.json
DEL 	/app.php/api/organizations/1/entitlements.json
POST 	/app.php/api/organizations/1/invitations.json
PUT 	/app.php/api/organizations/1/invitations.json
DEL 	/app.php/api/organizations/1/invitations.json
POST 	/app.php/api/organizations/1/managers.json
PUT 	/app.php/api/organizations/1/managers.json
DEL 	/app.php/api/organizations/1/managers.json
POST 	/app.php/api/organizations/1/members.json
PUT 	/app.php/api/organizations/1/members.json
DEL 	/app.php/api/organizations/1/members.json
GET 	/app.php/api/organizations/1/entitlementpacks/1.json
POST 	/app.php/api/organizations/1/entitlementpacks/1.json
GET 	/app.php/api/organizations/1/managers/1.json
POST 	/app.php/api/organizations/1/managers/1.json
GET 	/app.php/api/organizations/1/members/1.json
POST 	/app.php/api/organizations/1/members/1.json
GET 	/app.php/api/organizations/1/entitlementpacks/1/accept.json
POST 	/app.php/api/organizations/1/entitlementpacks/1/accept.json
DEL 	/app.php/api/organizations/1/entitlementpacks/1/accept.json
GET 	/app.php/api/organizations/1/entitlementpacks/token/token.json
POST 	/app.php/api/organizations/1/entitlementpacks/token/token.json
DEL 	/app.php/api/organizations/1/entitlementpacks/token/token.json
POST 	/app.php/api/manager/organizations.json
PUT 	/app.php/api/manager/organizations.json
DEL 	/app.php/api/manager/organizations.json
POST 	/app.php/api/manager/services.json
PUT 	/app.php/api/manager/services.json
DEL 	/app.php/api/manager/services.json
POST 	/app.php/api/member/organizations.json
PUT 	/app.php/api/member/organizations.json
DEL 	/app.php/api/member/organizations.json
POST 	/app.php/api/principal/attributespecs.json
PUT 	/app.php/api/principal/attributespecs.json
DEL 	/app.php/api/principal/attributespecs.json
POST 	/app.php/api/principal/attributevalueprincipal.json
PUT 	/app.php/api/principal/attributevalueprincipal.json
DEL 	/app.php/api/principal/attributevalueprincipal.json
POST 	/app.php/api/principal/entitlements.json
PUT 	/app.php/api/principal/entitlements.json
DEL 	/app.php/api/principal/entitlements.json
POST 	/app.php/api/principal/invitations.json
PUT 	/app.php/api/principal/invitations.json
DEL 	/app.php/api/principal/invitations.json
POST 	/app.php/api/principal/isadmin.json
PUT 	/app.php/api/principal/isadmin.json
DEL 	/app.php/api/principal/isadmin.json
POST 	/app.php/api/principal/roles.json
PUT 	/app.php/api/principal/roles.json
DEL 	/app.php/api/principal/roles.json
POST 	/app.php/api/principal/self.json
PUT 	/app.php/api/principal/self.json
DEL 	/app.php/api/principal/self.json
POST 	/app.php/api/principals/1/attributespecs/attributevalueprincipals.json
PUT 	/app.php/api/principals/1/attributespecs/attributevalueprincipals.json
DEL 	/app.php/api/principals/1/attributespecs/attributevalueprincipals.json
DEL 	/app.php/api/principals.json
POST 	/app.php/api/principals/fedid/fedid.json
PUT 	/app.php/api/principals/fedid/fedid.json
POST 	/app.php/api/principals/1/id.json
PUT 	/app.php/api/principals/1/id.json
GET 	/app.php/api/principal.json
POST 	/app.php/api/principal.json
PUT 	/app.php/api/principal.json
POST 	/app.php/api/roles/1.json
POST 	/app.php/api/roles/1/entitlements.json
PUT 	/app.php/api/roles/1/entitlements.json
DEL 	/app.php/api/roles/1/entitlements.json
POST 	/app.php/api/roles/1/principals.json
PUT 	/app.php/api/roles/1/principals.json
DEL 	/app.php/api/roles/1/principals.json
GET 	/app.php/api/roles/1/entitlements/1.json
POST 	/app.php/api/roles/1/entitlements/1.json
GET 	/app.php/api/roles/1/principals/1.json
POST 	/app.php/api/roles/1/principals/1.json
PUT 	/app.php/api/services.json
DEL 	/app.php/api/services.json
PUT 	/app.php/api/services/1/entitlementpacks.json
DEL 	/app.php/api/services/1/entitlementpacks.json
PUT 	/app.php/api/services/1/entitlements.json
DEL 	/app.php/api/services/1/entitlements.json
POST 	/app.php/api/services/1.json
POST 	/app.php/api/services/1/attributespecs.json
PUT 	/app.php/api/services/1/attributespecs.json
DEL 	/app.php/api/services/1/attributespecs.json
POST 	/app.php/api/services/1/invitations.json
PUT 	/app.php/api/services/1/invitations.json
DEL 	/app.php/api/services/1/invitations.json
POST 	/app.php/api/services/1/managers.json
PUT 	/app.php/api/services/1/managers.json
DEL 	/app.php/api/services/1/managers.json
POST 	/app.php/api/services/1/organizations.json
PUT 	/app.php/api/services/1/organizations.json
DEL 	/app.php/api/services/1/organizations.json
GET 	/app.php/api/services/1/attributespecs/1.json
POST 	/app.php/api/services/1/attributespecs/1.json
GET 	/app.php/api/services/1/managers/1.json
POST 	/app.php/api/services/1/managers/1.json
BeforeClass @ CleanTest
/home/ede/NetBeansProjects/JavaCoreTest/hexaa-test
*** Loading Properties ***
*** 80
*** 192.168.203.203
*** tesztAdmin@sztaki.hu
*** 7lrfjlpu5br2vpv1jcaogdz481b28xf7lz85wqmv
OUTPUT>Dropped database for connection named `hexaa`
OUTPUT>Created database for connection named `hexaa`
OUTPUT>Updating database schema...
OUTPUT>Database schema updated successfully! "64" queries were executed
ExitValue: 0
** AUTHENTICATE **	GET 	/app.php/api/principal/self.json
** AUTHENTICATE **	{"code":403,"message":"Forbidden","errors":null}
** AUTHENTICATE **	Getting temporary API key.
** AUTHENTICATE **	Temporary API key acquired.
** AUTHENTICATE **	POST 	/app.php/api/tokens.json
{"fedid":"tesztAdmin@sztaki.hu","token":"090308a83c07affa515cd7b130b819c2da412ff14e44c90069ba8d1e9c7734ac"}
** AUTHENTICATE **	{"fedid":"tesztAdmin@sztaki.hu","token":"090308a83c07affa515cd7b130b819c2da412ff14e44c90069ba8d1e9c7734ac"}
** AUTHENTICATE **	Normal API key acquired.
***	 AttributespecsPostTest ***
POST 	/app.php/api/attributespecs.json
POST 	/app.php/api/attributespecs.json
BeforeClass @ CleanTest
/home/ede/NetBeansProjects/JavaCoreTest/hexaa-test
*** Loading Properties ***
*** 80
*** 192.168.203.203
*** tesztAdmin@sztaki.hu
*** 7lrfjlpu5br2vpv1jcaogdz481b28xf7lz85wqmv
OUTPUT>Dropped database for connection named `hexaa`
OUTPUT>Created database for connection named `hexaa`
OUTPUT>Updating database schema...
OUTPUT>Database schema updated successfully! "64" queries were executed
ExitValue: 0
** AUTHENTICATE **	GET 	/app.php/api/principal/self.json
** AUTHENTICATE **	{"code":403,"message":"Forbidden","errors":null}
** AUTHENTICATE **	Getting temporary API key.
** AUTHENTICATE **	Temporary API key acquired.
** AUTHENTICATE **	POST 	/app.php/api/tokens.json
{"fedid":"tesztAdmin@sztaki.hu","token":"efcaa5e69d79b9207b59433dda19e8b3c0949da2ee6974b32f14c87758701f8b"}
** AUTHENTICATE **	{"fedid":"tesztAdmin@sztaki.hu","token":"efcaa5e69d79b9207b59433dda19e8b3c0949da2ee6974b32f14c87758701f8b"}
** AUTHENTICATE **	Normal API key acquired.
***	 OrganizationPostTest ***
POST 	/app.php/api/organizations.json
GET 	/app.php/api/organizations.json
BeforeClass @ CleanTest
/home/ede/NetBeansProjects/JavaCoreTest/hexaa-test
*** Loading Properties ***
*** 80
*** 192.168.203.203
*** tesztAdmin@sztaki.hu
*** 7lrfjlpu5br2vpv1jcaogdz481b28xf7lz85wqmv
OUTPUT>Dropped database for connection named `hexaa`
OUTPUT>Created database for connection named `hexaa`
OUTPUT>Updating database schema...
OUTPUT>Database schema updated successfully! "64" queries were executed
ExitValue: 0
** AUTHENTICATE **	GET 	/app.php/api/principal/self.json
** AUTHENTICATE **	{"code":403,"message":"Forbidden","errors":null}
** AUTHENTICATE **	Getting temporary API key.
** AUTHENTICATE **	Temporary API key acquired.
** AUTHENTICATE **	POST 	/app.php/api/tokens.json
{"fedid":"tesztAdmin@sztaki.hu","token":"ce0d959c75c57952b44e18c1e5c2dba9167117e566a9388c6a5fbd01ba4d671e"}
** AUTHENTICATE **	{"fedid":"tesztAdmin@sztaki.hu","token":"ce0d959c75c57952b44e18c1e5c2dba9167117e566a9388c6a5fbd01ba4d671e"}
** AUTHENTICATE **	Normal API key acquired.
***	 PrincipalsPostTest ***
POST 	/app.php/api/principals.json
GET 	/app.php/api/principals.json
GET 	/app.php/api/principals.json
[{"created_at":"2014-09-29T13:43:32+0000","id":2,"fedid":"testFedid1","display_name":"testFedid1_name","email":"testFedid1@email.something"},{"created_at":"2014-09-29T13:43:32+0000","id":1,"fedid":"tesztAdmin@sztaki.hu","display_name":"tesztAdmin@sztaki.hu_name","email":"tesztAdmin@sztaki.hu"}]
BeforeClass @ CleanTest
/home/ede/NetBeansProjects/JavaCoreTest/hexaa-test
*** Loading Properties ***
*** 80
*** 192.168.203.203
*** tesztAdmin@sztaki.hu
*** 7lrfjlpu5br2vpv1jcaogdz481b28xf7lz85wqmv
OUTPUT>Dropped database for connection named `hexaa`
OUTPUT>Created database for connection named `hexaa`
OUTPUT>Updating database schema...
OUTPUT>Database schema updated successfully! "64" queries were executed
ExitValue: 0
** AUTHENTICATE **	GET 	/app.php/api/principal/self.json
** AUTHENTICATE **	{"code":403,"message":"Forbidden","errors":null}
** AUTHENTICATE **	Getting temporary API key.
** AUTHENTICATE **	Temporary API key acquired.
** AUTHENTICATE **	POST 	/app.php/api/tokens.json
{"fedid":"tesztAdmin@sztaki.hu","token":"c6c8c25eddaf83c05e83c2195964d7d2792ff2e7cdc046f930c4b735c46e9112"}
** AUTHENTICATE **	{"fedid":"tesztAdmin@sztaki.hu","token":"c6c8c25eddaf83c05e83c2195964d7d2792ff2e7cdc046f930c4b735c46e9112"}
** AUTHENTICATE **	Normal API key acquired.
***	 ServicesPostTest ***
GET 	/app.php/api/entityids.json
POST 	/app.php/api/services.json
GET 	/app.php/api/services.json
]]></system-out>
  <system-err><![CDATA[]]></system-err>
</testsuite>
