<?xml version="1.0" encoding="UTF-8" ?>
<testsuite errors="0" failures="0" hostname="banat" name="sztaki.hexaa.httputility.leveledtests.LevelThreeTestSuite" skipped="0" tests="28" time="130.15" timestamp="2014-09-29T13:45:23">
  <properties>
    <property name="java.vendor" value="Oracle Corporation" />
    <property name="lib.dir" value="lib" />
    <property name="sun.java.launcher" value="SUN_STANDARD" />
    <property name="sun.management.compiler" value="HotSpot 64-Bit Tiered Compilers" />
    <property name="current.time" value="09/29 03:42:08 PM" />
    <property name="os.name" value="Linux" />
    <property name="sun.boot.class.path" value="/usr/lib/jvm/java-8-oracle/jre/lib/resources.jar:/usr/lib/jvm/java-8-oracle/jre/lib/rt.jar:/usr/lib/jvm/java-8-oracle/jre/lib/sunrsasign.jar:/usr/lib/jvm/java-8-oracle/jre/lib/jsse.jar:/usr/lib/jvm/java-8-oracle/jre/lib/jce.jar:/usr/lib/jvm/java-8-oracle/jre/lib/charsets.jar:/usr/lib/jvm/java-8-oracle/jre/lib/jfr.jar:/usr/lib/jvm/java-8-oracle/jre/classes" />
    <property name="TODAY" value="September 29 2014" />
    <property name="sun.desktop" value="gnome" />
    <property name="java.vm.specification.vendor" value="Oracle Corporation" />
    <property name="ant.home" value="/usr/share/ant" />
    <property name="java.runtime.version" value="1.8.0_20-b26" />
    <property name="user.name" value="ede" />
    <property name="junit.out.dir.html" value="/var/www/html" />
    <property name="user.language" value="en" />
    <property name="sun.boot.library.path" value="/usr/lib/jvm/java-8-oracle/jre/lib/amd64" />
    <property name="ant.file.HEXAA Tests" value="/home/ede/NetBeansProjects/JavaCoreTest/hexaa-test/alternate_buil.xml" />
    <property name="ant.project.default-target" value="leveledtests" />
    <property name="ant.project.name" value="HEXAA Tests" />
    <property name="DSTAMP" value="20140929" />
    <property name="java.version" value="1.8.0_20" />
    <property name="user.timezone" value="Europe/Budapest" />
    <property name="sun.arch.data.model" value="64" />
    <property name="java.endorsed.dirs" value="/usr/lib/jvm/java-8-oracle/jre/lib/endorsed" />
    <property name="sun.cpu.isalist" value="" />
    <property name="sun.jnu.encoding" value="UTF-8" />
    <property name="file.encoding.pkg" value="sun.io" />
    <property name="file.separator" value="/" />
    <property name="java.specification.name" value="Java Platform API Specification" />
    <property name="classes.dir" value="target/classes" />
    <property name="java.class.version" value="52.0" />
    <property name="ant.file.type.HEXAA Tests" value="file" />
    <property name="user.country" value="US" />
    <property name="java.home" value="/usr/lib/jvm/java-8-oracle/jre" />
    <property name="java.vm.info" value="mixed mode" />
    <property name="ant.file" value="/home/ede/NetBeansProjects/JavaCoreTest/hexaa-test/alternate_buil.xml" />
    <property name="os.version" value="3.13.0-36-generic" />
    <property name="path.separator" value=":" />
    <property name="java.vm.version" value="25.20-b23" />
    <property name="ant.library.dir" value="/usr/share/ant/lib" />
    <property name="java.awt.printerjob" value="sun.print.PSPrinterJob" />
    <property name="sun.io.unicode.encoding" value="UnicodeLittle" />
    <property name="awt.toolkit" value="sun.awt.X11.XToolkit" />
    <property name="junit.out.dir" value="target/report/junit" />
    <property name="user.home" value="/home/ede" />
    <property name="java.specification.vendor" value="Oracle Corporation" />
    <property name="test.dir" value="test" />
    <property name="java.library.path" value="/usr/java/packages/lib/amd64:/usr/lib64:/lib64:/lib:/usr/lib" />
    <property name="java.vendor.url" value="http://java.oracle.com/" />
    <property name="java.vm.vendor" value="Oracle Corporation" />
    <property name="java.runtime.name" value="Java(TM) SE Runtime Environment" />
    <property name="sun.java.command" value="org.apache.tools.ant.taskdefs.optional.junit.JUnitTestRunner sztaki.hexaa.httputility.leveledtests.LevelThreeTestSuite skipNonTests=false filtertrace=true haltOnError=false haltOnFailure=false formatter=org.apache.tools.ant.taskdefs.optional.junit.SummaryJUnitResultFormatter showoutput=false outputtoformatters=true logfailedtests=true logtestlistenerevents=false formatter=org.apache.tools.ant.taskdefs.optional.junit.XMLJUnitResultFormatter,/home/ede/NetBeansProjects/JavaCoreTest/hexaa-test/target/report/junit/TEST-sztaki.hexaa.httputility.leveledtests.LevelThreeTestSuite.xml crashfile=/home/ede/NetBeansProjects/JavaCoreTest/hexaa-test/junitvmwatcher1371026215745823579.properties propsfile=/home/ede/NetBeansProjects/JavaCoreTest/hexaa-test/junit5124093745602558892.properties" />
    <property name="java.class.path" value="/usr/share/ant/lib/ant-launcher.jar:/usr/share/java/xmlParserAPIs.jar:/usr/share/java/xercesImpl.jar:/usr/share/ant/lib/ant-apache-log4j.jar:/usr/share/ant/lib/ant-apache-resolver.jar:/usr/share/ant/lib/ant-testutil.jar:/usr/share/ant/lib/ant-jsch.jar:/usr/share/ant/lib/ant-antlr.jar:/usr/share/ant/lib/ant-commons-logging.jar:/usr/share/ant/lib/ant-jdepend.jar:/usr/share/ant/lib/ant-apache-xalan2.jar:/usr/share/ant/lib/ant-apache-bcel.jar:/usr/share/ant/lib/ant-apache-regexp.jar:/usr/share/ant/lib/ant-junit.jar:/usr/share/ant/lib/ant-apache-bsf.jar:/usr/share/ant/lib/ant-junit4.jar:/usr/share/ant/lib/ant-jmf.jar:/usr/share/ant/lib/ant-apache-oro.jar:/usr/share/ant/lib/ant-swing.jar:/usr/share/ant/lib/ant.jar:/usr/share/ant/lib/ant-javamail.jar:/usr/share/ant/lib/ant-commons-net.jar:/usr/lib/jvm/java-8-oracle/lib/tools.jar:/home/ede/NetBeansProjects/JavaCoreTest/hexaa-test/target/classes:/home/ede/NetBeansProjects/JavaCoreTest/hexaa-test/lib/commons-codec-1.9.jar:/home/ede/NetBeansProjects/JavaCoreTest/hexaa-test/lib/commons-logging-1.1.3.jar:/home/ede/NetBeansProjects/JavaCoreTest/hexaa-test/lib/httpclient-4.3.4.jar:/home/ede/NetBeansProjects/JavaCoreTest/hexaa-test/lib/httpcore-4.3.2.jar:/home/ede/NetBeansProjects/JavaCoreTest/hexaa-test/lib/json.jar:/home/ede/NetBeansProjects/JavaCoreTest/hexaa-test/lib/jsonassert-1.2.3.jar:/home/ede/NetBeansProjects/JavaCoreTest/hexaa-test/lib/junit-4.10.jar:/usr/share/java/ant-launcher-1.9.3.jar" />
    <property name="ant.version" value="Apache Ant(TM) version 1.9.3 compiled on April 8 2014" />
    <property name="TSTAMP" value="1542" />
    <property name="project.name" value="junitsuite" />
    <property name="java.vm.specification.name" value="Java Virtual Machine Specification" />
    <property name="ant.file.type" value="file" />
    <property name="java.vm.specification.version" value="1.8" />
    <property name="sun.cpu.endian" value="little" />
    <property name="sun.os.patch.level" value="unknown" />
    <property name="java.io.tmpdir" value="/tmp" />
    <property name="java.vendor.url.bug" value="http://bugreport.sun.com/bugreport/" />
    <property name="os.arch" value="amd64" />
    <property name="java.awt.graphicsenv" value="sun.awt.X11GraphicsEnvironment" />
    <property name="java.ext.dirs" value="/usr/lib/jvm/java-8-oracle/jre/lib/ext:/usr/java/packages/lib/ext" />
    <property name="user.dir" value="/home/ede/NetBeansProjects/JavaCoreTest/hexaa-test" />
    <property name="line.separator" value="&#xa;" />
    <property name="java.vm.name" value="Java HotSpot(TM) 64-Bit Server VM" />
    <property name="basedir" value="/home/ede/NetBeansProjects/JavaCoreTest/hexaa-test" />
    <property name="ant.java.version" value="1.8" />
    <property name="ant.core.lib" value="/usr/share/ant/lib/ant.jar" />
    <property name="file.encoding" value="UTF-8" />
    <property name="target.dir" value="target" />
    <property name="java.specification.version" value="1.8" />
    <property name="src.dir" value="src" />
    <property name="ant.project.invoked-targets" value="leveledtests" />
  </properties>
  <testcase classname="sztaki.hexaa.httputility.apicalls.attributespecs.AttributespecsServicesGetTest" name="testAttributespecsServicesGet" time="0.181" />
  <testcase classname="sztaki.hexaa.httputility.apicalls.attributevalueorganizations.AttributevalueorganizationsPost" name="testAttributevalueorganizationsPost" time="0.624" />
  <testcase classname="sztaki.hexaa.httputility.apicalls.attributevalueprincipals.AttributevalueprincipalsPost" name="testAttributevalueprincipalsPost" time="0.377" />
  <testcase classname="sztaki.hexaa.httputility.apicalls.attributevalueprincipals.AttributevalueprincipalsPost" name="testAttributevalueprincipalsPostWithService" time="0.317" />
  <testcase classname="sztaki.hexaa.httputility.apicalls.entitlementpacks.entitlements.EntitlementpacksAddEntitlementsTest" name="testEntitlementpacksAddEntitlements" time="1.169" />
  <testcase classname="sztaki.hexaa.httputility.apicalls.entitlementpacks.EntitlementpacksDeleteTest" name="testEntitlementsDelete" time="0.442" />
  <testcase classname="sztaki.hexaa.httputility.apicalls.entitlementpacks.EntitlementpacksGetTest" name="testEntitlementpacksPublicGet" time="0.13" />
  <testcase classname="sztaki.hexaa.httputility.apicalls.entitlementpacks.EntitlementpacksGetTest" name="testEntitlementpacksGetByID" time="0.32" />
  <testcase classname="sztaki.hexaa.httputility.apicalls.entitlementpacks.EntitlementpacksGetTest" name="testEntitlementpacksGetEntitlement" time="0.607" />
  <testcase classname="sztaki.hexaa.httputility.apicalls.entitlementpacks.EntitlementpacksPutTest" name="testEntitlementsPut" time="0.296" />
  <testcase classname="sztaki.hexaa.httputility.apicalls.entitlements.EntitlementsDeleteTest" name="testEntitlementsDelete" time="0.328" />
  <testcase classname="sztaki.hexaa.httputility.apicalls.entitlements.EntitlementsGetTest" name="testEntitlementsGet" time="0.285" />
  <testcase classname="sztaki.hexaa.httputility.apicalls.entitlements.EntitlementsPutTest" name="testEntitlementsPut" time="0.359" />
  <testcase classname="sztaki.hexaa.httputility.apicalls.organizations.roles.OrganizationsRolesGetTest" name="testOrganizationsRolesGet" time="0.165" />
  <testcase classname="sztaki.hexaa.httputility.apicalls.organizations.principals.OrganizationsMembersRemoveTest" name="testOrganizationMemberRemove" time="0.243" />
  <testcase classname="sztaki.hexaa.httputility.apicalls.organizations.principals.OrganizationsManagersGetTest" name="testOrganizationManagersGet" time="0.139" />
  <testcase classname="sztaki.hexaa.httputility.apicalls.organizations.principals.OrganizationsManagersRemoveTest" name="testOrganizationManagersRemove" time="0.292" />
  <testcase classname="sztaki.hexaa.httputility.apicalls.organizations.principals.OrganizationsMembersGetTest" name="testOrganizationMembersGet" time="0.119" />
  <testcase classname="sztaki.hexaa.httputility.apicalls.principals.PrincipalsAttributespecsPublicGetTest" name="testPrincipalGetPublicAttributespecs" time="0.616" />
  <testcase classname="sztaki.hexaa.httputility.apicalls.roles.RolesGetTest" name="testRolesGet" time="0.305" />
  <testcase classname="sztaki.hexaa.httputility.apicalls.roles.RolesDeleteTest" name="testRolesDelete" time="0.292" />
  <testcase classname="sztaki.hexaa.httputility.apicalls.roles.RolesPutTest" name="testRolesPut" time="0.33" />
  <testcase classname="sztaki.hexaa.httputility.apicalls.roles.principals.RolesPrincipalsAddTest" name="testRolesPrincipalsPut" time="0.652" />
  <testcase classname="sztaki.hexaa.httputility.apicalls.services.attributespecs.ServicesAttributespecsGetTest" name="testServicesAttributespecsGet" time="0.492" />
  <testcase classname="sztaki.hexaa.httputility.apicalls.services.attributespecs.ServicesAttributespecsRemoveTest" name="testServicesAttributespecsRemove" time="0.442" />
  <testcase classname="sztaki.hexaa.httputility.apicalls.services.entitlements.ServicesEntitlementsGetTest" name="testServicesEntitlementsGet" time="0.294" />
  <testcase classname="sztaki.hexaa.httputility.apicalls.services.managers.ServicesManagersAddTest" name="testServicesManagersAdd" time="0.471" />
  <testcase classname="sztaki.hexaa.httputility.apicalls.services.entitlementpacks.ServicesEntitlementpacksGetTest" name="testServicesEntitlementsGet" time="0.313" />
  <system-out><![CDATA[BeforeClass @ CleanTest
/home/ede/NetBeansProjects/JavaCoreTest/hexaa-test
*** Loading Properties ***
*** 80
*** 192.168.203.203
*** tesztAdmin@sztaki.hu
*** 7lrfjlpu5br2vpv1jcaogdz481b28xf7lz85wqmv
OUTPUT>Dropped database for connection named `hexaa`
OUTPUT>Created database for connection named `hexaa`
OUTPUT>Updating database schema...
OUTPUT>Database schema updated successfully! "64" queries were executed
ExitValue: 0
** AUTHENTICATE **	GET 	/app.php/api/principal/self.json
** AUTHENTICATE **	{"code":403,"message":"Forbidden","errors":null}
** AUTHENTICATE **	Getting temporary API key.
** AUTHENTICATE **	Temporary API key acquired.
** AUTHENTICATE **	POST 	/app.php/api/tokens.json
{"fedid":"tesztAdmin@sztaki.hu","token":"a9d63a1367aa703d64bf9845215562e4714be488f38455ee1e22ec65565e8bdf"}
** AUTHENTICATE **	{"fedid":"tesztAdmin@sztaki.hu","token":"a9d63a1367aa703d64bf9845215562e4714be488f38455ee1e22ec65565e8bdf"}
** AUTHENTICATE **	Normal API key acquired.
***	 AttributespecsServicesGetTest ***
POST 	/app.php/api/attributespecs.json
GET 	/app.php/api/entityids.json
POST 	/app.php/api/services.json
POST 	/app.php/api/services.json
PUT 	/app.php/api/services/1/attributespecs/1.json
GET 	/app.php/api/attributespecs/1/service.json
BeforeClass @ CleanTest
/home/ede/NetBeansProjects/JavaCoreTest/hexaa-test
*** Loading Properties ***
*** 80
*** 192.168.203.203
*** tesztAdmin@sztaki.hu
*** 7lrfjlpu5br2vpv1jcaogdz481b28xf7lz85wqmv
OUTPUT>Dropped database for connection named `hexaa`
OUTPUT>Created database for connection named `hexaa`
OUTPUT>Updating database schema...
OUTPUT>Database schema updated successfully! "64" queries were executed
ExitValue: 0
** AUTHENTICATE **	GET 	/app.php/api/principal/self.json
** AUTHENTICATE **	{"code":403,"message":"Forbidden","errors":null}
** AUTHENTICATE **	Getting temporary API key.
** AUTHENTICATE **	Temporary API key acquired.
** AUTHENTICATE **	POST 	/app.php/api/tokens.json
{"fedid":"tesztAdmin@sztaki.hu","token":"94e4ca770d7ecb066ba41212574847469e1256fca8ad223c86c842f03ce1f4fb"}
** AUTHENTICATE **	{"fedid":"tesztAdmin@sztaki.hu","token":"94e4ca770d7ecb066ba41212574847469e1256fca8ad223c86c842f03ce1f4fb"}
** AUTHENTICATE **	Normal API key acquired.
***	 AttributevalueorganizationsPost ***
POST 	/app.php/api/attributespecs.json
POST 	/app.php/api/attributespecs.json
POST 	/app.php/api/organizations.json
GET 	/app.php/api/entityids.json
POST 	/app.php/api/services.json
PUT 	/app.php/api/services/1/attributespecs/1.json
POST 	/app.php/api/attributevalueorganizations.json
GET 	/app.php/api/organizations/1/attributevalueorganization.json
BeforeClass @ CleanTest
/home/ede/NetBeansProjects/JavaCoreTest/hexaa-test
*** Loading Properties ***
*** 80
*** 192.168.203.203
*** tesztAdmin@sztaki.hu
*** 7lrfjlpu5br2vpv1jcaogdz481b28xf7lz85wqmv
OUTPUT>Dropped database for connection named `hexaa`
OUTPUT>Created database for connection named `hexaa`
OUTPUT>Updating database schema...
OUTPUT>Database schema updated successfully! "64" queries were executed
ExitValue: 0
** AUTHENTICATE **	GET 	/app.php/api/principal/self.json
** AUTHENTICATE **	{"code":403,"message":"Forbidden","errors":null}
** AUTHENTICATE **	Getting temporary API key.
** AUTHENTICATE **	Temporary API key acquired.
** AUTHENTICATE **	POST 	/app.php/api/tokens.json
{"fedid":"tesztAdmin@sztaki.hu","token":"3b13aac10764292cafb16d158cb6dbd956d7bdcc15b6ea3a52f3aefea99b547c"}
** AUTHENTICATE **	{"fedid":"tesztAdmin@sztaki.hu","token":"3b13aac10764292cafb16d158cb6dbd956d7bdcc15b6ea3a52f3aefea99b547c"}
** AUTHENTICATE **	Normal API key acquired.
***	 AttributevalueprincipalsPost ***
POST 	/app.php/api/attributespecs.json
POST 	/app.php/api/attributespecs.json
GET 	/app.php/api/entityids.json
POST 	/app.php/api/services.json
PUT 	/app.php/api/services/1/attributespecs/2.json
POST 	/app.php/api/attributevalueprincipals.json
GET 	/app.php/api/principal/attributevalueprincipal.json
POST 	/app.php/api/attributevalueprincipals.json
GET 	/app.php/api/principal/attributevalueprincipal.json
BeforeClass @ CleanTest
/home/ede/NetBeansProjects/JavaCoreTest/hexaa-test
*** Loading Properties ***
*** 80
*** 192.168.203.203
*** tesztAdmin@sztaki.hu
*** 7lrfjlpu5br2vpv1jcaogdz481b28xf7lz85wqmv
OUTPUT>Dropped database for connection named `hexaa`
OUTPUT>Created database for connection named `hexaa`
OUTPUT>Updating database schema...
OUTPUT>Database schema updated successfully! "64" queries were executed
ExitValue: 0
** AUTHENTICATE **	GET 	/app.php/api/principal/self.json
** AUTHENTICATE **	{"code":403,"message":"Forbidden","errors":null}
** AUTHENTICATE **	Getting temporary API key.
** AUTHENTICATE **	Temporary API key acquired.
** AUTHENTICATE **	POST 	/app.php/api/tokens.json
{"fedid":"tesztAdmin@sztaki.hu","token":"13ac965e08a7b9b63855acec3c8d2d75f66e2712c04224373b84089673aab8d8"}
** AUTHENTICATE **	{"fedid":"tesztAdmin@sztaki.hu","token":"13ac965e08a7b9b63855acec3c8d2d75f66e2712c04224373b84089673aab8d8"}
** AUTHENTICATE **	Normal API key acquired.
***	 EntitlementpacksAddEntitlementsTest ***
GET 	/app.php/api/entityids.json
POST 	/app.php/api/services.json
POST 	/app.php/api/services/1/entitlements.json
POST 	/app.php/api/services/1/entitlements.json
POST 	/app.php/api/services/1/entitlementpacks.json
POST 	/app.php/api/services/1/entitlementpacks.json
PUT 	/app.php/api/entitlementpacks/1/entitlements/1.json
PUT 	/app.php/api/entitlementpacks/1/entitlements/2.json
PUT 	/app.php/api/entitlementpacks/2/entitlements/1.json
GET 	/app.php/api/entitlements/1.json
GET 	/app.php/api/entitlements/2.json
GET 	/app.php/api/entitlementpacks/1/entitlements.json
GET 	/app.php/api/entitlements/1.json
GET 	/app.php/api/entitlementpacks/2/entitlements.json
BeforeClass @ CleanTest
/home/ede/NetBeansProjects/JavaCoreTest/hexaa-test
*** Loading Properties ***
*** 80
*** 192.168.203.203
*** tesztAdmin@sztaki.hu
*** 7lrfjlpu5br2vpv1jcaogdz481b28xf7lz85wqmv
OUTPUT>Dropped database for connection named `hexaa`
OUTPUT>Created database for connection named `hexaa`
OUTPUT>Updating database schema...
OUTPUT>Database schema updated successfully! "64" queries were executed
ExitValue: 0
** AUTHENTICATE **	GET 	/app.php/api/principal/self.json
** AUTHENTICATE **	{"code":403,"message":"Forbidden","errors":null}
** AUTHENTICATE **	Getting temporary API key.
** AUTHENTICATE **	Temporary API key acquired.
** AUTHENTICATE **	POST 	/app.php/api/tokens.json
{"fedid":"tesztAdmin@sztaki.hu","token":"30a52d99dc34d2c852df26dd865a792b88c9619f2abd92e887e2f71b578248f5"}
** AUTHENTICATE **	{"fedid":"tesztAdmin@sztaki.hu","token":"30a52d99dc34d2c852df26dd865a792b88c9619f2abd92e887e2f71b578248f5"}
** AUTHENTICATE **	Normal API key acquired.
***	 EntitlementpacksDeleteTest ***
GET 	/app.php/api/entityids.json
POST 	/app.php/api/services.json
POST 	/app.php/api/services/1/entitlementpacks.json
POST 	/app.php/api/services/1/entitlementpacks.json
DEL 	/app.php/api/entitlementpacks/1.json
GET 	/app.php/api/entitlementpacks/1.json
GET 	/app.php/api/entitlementpacks/2.json
BeforeClass @ CleanTest
/home/ede/NetBeansProjects/JavaCoreTest/hexaa-test
*** Loading Properties ***
*** 80
*** 192.168.203.203
*** tesztAdmin@sztaki.hu
*** 7lrfjlpu5br2vpv1jcaogdz481b28xf7lz85wqmv
OUTPUT>Dropped database for connection named `hexaa`
OUTPUT>Created database for connection named `hexaa`
OUTPUT>Updating database schema...
OUTPUT>Database schema updated successfully! "64" queries were executed
ExitValue: 0
** AUTHENTICATE **	GET 	/app.php/api/principal/self.json
** AUTHENTICATE **	{"code":403,"message":"Forbidden","errors":null}
** AUTHENTICATE **	Getting temporary API key.
** AUTHENTICATE **	Temporary API key acquired.
** AUTHENTICATE **	POST 	/app.php/api/tokens.json
{"fedid":"tesztAdmin@sztaki.hu","token":"819798e30ebcd7f2da137fdab06076b1f4caa6572d8dcfcbd4b817d06372ea05"}
** AUTHENTICATE **	{"fedid":"tesztAdmin@sztaki.hu","token":"819798e30ebcd7f2da137fdab06076b1f4caa6572d8dcfcbd4b817d06372ea05"}
** AUTHENTICATE **	Normal API key acquired.
***	 EntitlementpacksGetTest ***
GET 	/app.php/api/entityids.json
POST 	/app.php/api/services.json
POST 	/app.php/api/services/1/entitlementpacks.json
POST 	/app.php/api/services/1/entitlementpacks.json
POST 	/app.php/api/services/1/entitlements.json
HTTP/1.1 201 Created
PUT 	/app.php/api/entitlementpacks/1/entitlements/1.json
HTTP/1.1 201 Created
GET 	/app.php/api/entitlementpacks/public.json
GET 	/app.php/api/entitlementpacks/1.json
GET 	/app.php/api/entitlementpacks/2.json
GET 	/app.php/api/entitlementpacks/1/entitlements.json
[{"name":"testEntitlements1","description":"This is a test entitlement, for the #1 service, with name testEntitlements1","created_at":"2014-09-29T13:45:56+0000","id":1,"uri":"urn:geant:server.org:hexaa:1:testUritestEntitlements1"}]
BeforeClass @ CleanTest
/home/ede/NetBeansProjects/JavaCoreTest/hexaa-test
*** Loading Properties ***
*** 80
*** 192.168.203.203
*** tesztAdmin@sztaki.hu
*** 7lrfjlpu5br2vpv1jcaogdz481b28xf7lz85wqmv
OUTPUT>Dropped database for connection named `hexaa`
OUTPUT>Created database for connection named `hexaa`
OUTPUT>Updating database schema...
OUTPUT>Database schema updated successfully! "64" queries were executed
ExitValue: 0
** AUTHENTICATE **	GET 	/app.php/api/principal/self.json
** AUTHENTICATE **	{"code":403,"message":"Forbidden","errors":null}
** AUTHENTICATE **	Getting temporary API key.
** AUTHENTICATE **	Temporary API key acquired.
** AUTHENTICATE **	POST 	/app.php/api/tokens.json
{"fedid":"tesztAdmin@sztaki.hu","token":"9977a4c45f7a1f0128635aa73ae868097274ae8b2b36ab2a53f4d823057fc219"}
** AUTHENTICATE **	{"fedid":"tesztAdmin@sztaki.hu","token":"9977a4c45f7a1f0128635aa73ae868097274ae8b2b36ab2a53f4d823057fc219"}
** AUTHENTICATE **	Normal API key acquired.
***	 EntitlementpacksPutTest ***
GET 	/app.php/api/entityids.json
POST 	/app.php/api/services.json
POST 	/app.php/api/services/1/entitlementpacks.json
POST 	/app.php/api/services/1/entitlementpacks.json
PUT 	/app.php/api/entitlementpacks/1.json
GET 	/app.php/api/entitlementpacks/1.json
BeforeClass @ CleanTest
/home/ede/NetBeansProjects/JavaCoreTest/hexaa-test
*** Loading Properties ***
*** 80
*** 192.168.203.203
*** tesztAdmin@sztaki.hu
*** 7lrfjlpu5br2vpv1jcaogdz481b28xf7lz85wqmv
OUTPUT>Dropped database for connection named `hexaa`
OUTPUT>Created database for connection named `hexaa`
OUTPUT>Updating database schema...
OUTPUT>Database schema updated successfully! "64" queries were executed
ExitValue: 0
** AUTHENTICATE **	GET 	/app.php/api/principal/self.json
** AUTHENTICATE **	{"code":403,"message":"Forbidden","errors":null}
** AUTHENTICATE **	Getting temporary API key.
** AUTHENTICATE **	Temporary API key acquired.
** AUTHENTICATE **	POST 	/app.php/api/tokens.json
{"fedid":"tesztAdmin@sztaki.hu","token":"4d352dfb32c7d6ac2845db8a92e755225e60147159a55c1cbb68169a61e2fbe3"}
** AUTHENTICATE **	{"fedid":"tesztAdmin@sztaki.hu","token":"4d352dfb32c7d6ac2845db8a92e755225e60147159a55c1cbb68169a61e2fbe3"}
** AUTHENTICATE **	Normal API key acquired.
***	 EntitlementsDeleteTest ***
GET 	/app.php/api/entityids.json
POST 	/app.php/api/services.json
POST 	/app.php/api/services/1/entitlements.json
POST 	/app.php/api/services/1/entitlements.json
DEL 	/app.php/api/entitlements/1.json
GET 	/app.php/api/entitlements/1.json
GET 	/app.php/api/entitlements/2.json
BeforeClass @ CleanTest
/home/ede/NetBeansProjects/JavaCoreTest/hexaa-test
*** Loading Properties ***
*** 80
*** 192.168.203.203
*** tesztAdmin@sztaki.hu
*** 7lrfjlpu5br2vpv1jcaogdz481b28xf7lz85wqmv
OUTPUT>Dropped database for connection named `hexaa`
OUTPUT>Created database for connection named `hexaa`
OUTPUT>Updating database schema...
OUTPUT>Database schema updated successfully! "64" queries were executed
ExitValue: 0
** AUTHENTICATE **	GET 	/app.php/api/principal/self.json
** AUTHENTICATE **	{"code":403,"message":"Forbidden","errors":null}
** AUTHENTICATE **	Getting temporary API key.
** AUTHENTICATE **	Temporary API key acquired.
** AUTHENTICATE **	POST 	/app.php/api/tokens.json
{"fedid":"tesztAdmin@sztaki.hu","token":"f5eac201f4790c151eca0c1089d87d4382a9a2ff4d636127125891a751110b5e"}
** AUTHENTICATE **	{"fedid":"tesztAdmin@sztaki.hu","token":"f5eac201f4790c151eca0c1089d87d4382a9a2ff4d636127125891a751110b5e"}
** AUTHENTICATE **	Normal API key acquired.
***	 EntitlementsGetTest ***
GET 	/app.php/api/entityids.json
POST 	/app.php/api/services.json
POST 	/app.php/api/services/1/entitlements.json
POST 	/app.php/api/services/1/entitlements.json
GET 	/app.php/api/entitlements/1.json
GET 	/app.php/api/entitlements/2.json
BeforeClass @ CleanTest
/home/ede/NetBeansProjects/JavaCoreTest/hexaa-test
*** Loading Properties ***
*** 80
*** 192.168.203.203
*** tesztAdmin@sztaki.hu
*** 7lrfjlpu5br2vpv1jcaogdz481b28xf7lz85wqmv
OUTPUT>Dropped database for connection named `hexaa`
OUTPUT>Created database for connection named `hexaa`
OUTPUT>Updating database schema...
OUTPUT>Database schema updated successfully! "64" queries were executed
ExitValue: 0
** AUTHENTICATE **	GET 	/app.php/api/principal/self.json
** AUTHENTICATE **	{"code":403,"message":"Forbidden","errors":null}
** AUTHENTICATE **	Getting temporary API key.
** AUTHENTICATE **	Temporary API key acquired.
** AUTHENTICATE **	POST 	/app.php/api/tokens.json
{"fedid":"tesztAdmin@sztaki.hu","token":"df389c02331b7fbceefbbc5690a083b49e266eded6b1b7b1f74f01e6a43d9710"}
** AUTHENTICATE **	{"fedid":"tesztAdmin@sztaki.hu","token":"df389c02331b7fbceefbbc5690a083b49e266eded6b1b7b1f74f01e6a43d9710"}
** AUTHENTICATE **	Normal API key acquired.
***	 EntitlementsPutTest ***
GET 	/app.php/api/entityids.json
POST 	/app.php/api/services.json
POST 	/app.php/api/services/1/entitlements.json
POST 	/app.php/api/services/1/entitlements.json
PUT 	/app.php/api/entitlements/1.json
GET 	/app.php/api/entitlements/1.json
BeforeClass @ CleanTest
/home/ede/NetBeansProjects/JavaCoreTest/hexaa-test
*** Loading Properties ***
*** 80
*** 192.168.203.203
*** tesztAdmin@sztaki.hu
*** 7lrfjlpu5br2vpv1jcaogdz481b28xf7lz85wqmv
OUTPUT>Dropped database for connection named `hexaa`
OUTPUT>Created database for connection named `hexaa`
OUTPUT>Updating database schema...
OUTPUT>Database schema updated successfully! "64" queries were executed
ExitValue: 0
** AUTHENTICATE **	GET 	/app.php/api/principal/self.json
** AUTHENTICATE **	{"code":403,"message":"Forbidden","errors":null}
** AUTHENTICATE **	Getting temporary API key.
** AUTHENTICATE **	Temporary API key acquired.
** AUTHENTICATE **	POST 	/app.php/api/tokens.json
{"fedid":"tesztAdmin@sztaki.hu","token":"4e72b04646064be0e1e736670966312132d4a760e6786168f910941539aaa1da"}
** AUTHENTICATE **	{"fedid":"tesztAdmin@sztaki.hu","token":"4e72b04646064be0e1e736670966312132d4a760e6786168f910941539aaa1da"}
** AUTHENTICATE **	Normal API key acquired.
***	 OrganizationsRolesGetTest ***
POST 	/app.php/api/organizations.json
POST 	/app.php/api/organizations/1/roles.json
GET 	/app.php/api/organizations/1/roles.json
BeforeClass @ CleanTest
/home/ede/NetBeansProjects/JavaCoreTest/hexaa-test
*** Loading Properties ***
*** 80
*** 192.168.203.203
*** tesztAdmin@sztaki.hu
*** 7lrfjlpu5br2vpv1jcaogdz481b28xf7lz85wqmv
OUTPUT>Dropped database for connection named `hexaa`
OUTPUT>Created database for connection named `hexaa`
OUTPUT>Updating database schema...
OUTPUT>Database schema updated successfully! "64" queries were executed
ExitValue: 0
** AUTHENTICATE **	GET 	/app.php/api/principal/self.json
** AUTHENTICATE **	{"code":403,"message":"Forbidden","errors":null}
** AUTHENTICATE **	Getting temporary API key.
** AUTHENTICATE **	Temporary API key acquired.
** AUTHENTICATE **	POST 	/app.php/api/tokens.json
{"fedid":"tesztAdmin@sztaki.hu","token":"82083371be162d9e74b7d3d8e01904ca1464cb69e26ab9d380fdcb59ae53d0f4"}
** AUTHENTICATE **	{"fedid":"tesztAdmin@sztaki.hu","token":"82083371be162d9e74b7d3d8e01904ca1464cb69e26ab9d380fdcb59ae53d0f4"}
** AUTHENTICATE **	Normal API key acquired.
***	 OrganizationsMembersRemoveTest ***
POST 	/app.php/api/organizations.json
POST 	/app.php/api/principals.json
PUT 	/app.php/api/organizations/1/members/2.json
GET 	/app.php/api/principal/self.json
DEL 	/app.php/api/organizations/1/members/2.json
GET 	/app.php/api/organizations/1/members.json
BeforeClass @ CleanTest
/home/ede/NetBeansProjects/JavaCoreTest/hexaa-test
*** Loading Properties ***
*** 80
*** 192.168.203.203
*** tesztAdmin@sztaki.hu
*** 7lrfjlpu5br2vpv1jcaogdz481b28xf7lz85wqmv
OUTPUT>Dropped database for connection named `hexaa`
OUTPUT>Created database for connection named `hexaa`
OUTPUT>Updating database schema...
OUTPUT>Database schema updated successfully! "64" queries were executed
ExitValue: 0
** AUTHENTICATE **	GET 	/app.php/api/principal/self.json
** AUTHENTICATE **	{"code":403,"message":"Forbidden","errors":null}
** AUTHENTICATE **	Getting temporary API key.
** AUTHENTICATE **	Temporary API key acquired.
** AUTHENTICATE **	POST 	/app.php/api/tokens.json
{"fedid":"tesztAdmin@sztaki.hu","token":"b04017f455cec1ecd9ccbc6dcbceaac79c3272210d438bd4fb702d691fe75a1c"}
** AUTHENTICATE **	{"fedid":"tesztAdmin@sztaki.hu","token":"b04017f455cec1ecd9ccbc6dcbceaac79c3272210d438bd4fb702d691fe75a1c"}
** AUTHENTICATE **	Normal API key acquired.
***	 OrganizationsManagersGetTest ***
POST 	/app.php/api/organizations.json
POST 	/app.php/api/principals.json
PUT 	/app.php/api/organizations/1/managers/2.json
GET 	/app.php/api/principal/self.json
GET 	/app.php/api/organizations/1/managers.json
BeforeClass @ CleanTest
/home/ede/NetBeansProjects/JavaCoreTest/hexaa-test
*** Loading Properties ***
*** 80
*** 192.168.203.203
*** tesztAdmin@sztaki.hu
*** 7lrfjlpu5br2vpv1jcaogdz481b28xf7lz85wqmv
OUTPUT>Dropped database for connection named `hexaa`
OUTPUT>Created database for connection named `hexaa`
OUTPUT>Updating database schema...
OUTPUT>Database schema updated successfully! "64" queries were executed
ExitValue: 0
** AUTHENTICATE **	GET 	/app.php/api/principal/self.json
** AUTHENTICATE **	{"code":403,"message":"Forbidden","errors":null}
** AUTHENTICATE **	Getting temporary API key.
** AUTHENTICATE **	Temporary API key acquired.
** AUTHENTICATE **	POST 	/app.php/api/tokens.json
{"fedid":"tesztAdmin@sztaki.hu","token":"c246f4de95dc7e4fc57b5cad70cffb09bd7cbc29b90b9d81716a5edefb745d3b"}
** AUTHENTICATE **	{"fedid":"tesztAdmin@sztaki.hu","token":"c246f4de95dc7e4fc57b5cad70cffb09bd7cbc29b90b9d81716a5edefb745d3b"}
** AUTHENTICATE **	Normal API key acquired.
***	 OrganizationsManagersRemoveTest ***
POST 	/app.php/api/organizations.json
POST 	/app.php/api/principals.json
PUT 	/app.php/api/organizations/1/managers/2.json
GET 	/app.php/api/principal/self.json
DEL 	/app.php/api/organizations/1/managers/2.json
GET 	/app.php/api/organizations/1/managers.json
BeforeClass @ CleanTest
/home/ede/NetBeansProjects/JavaCoreTest/hexaa-test
*** Loading Properties ***
*** 80
*** 192.168.203.203
*** tesztAdmin@sztaki.hu
*** 7lrfjlpu5br2vpv1jcaogdz481b28xf7lz85wqmv
OUTPUT>Dropped database for connection named `hexaa`
OUTPUT>Created database for connection named `hexaa`
OUTPUT>Updating database schema...
OUTPUT>Database schema updated successfully! "64" queries were executed
ExitValue: 0
** AUTHENTICATE **	GET 	/app.php/api/principal/self.json
** AUTHENTICATE **	{"code":403,"message":"Forbidden","errors":null}
** AUTHENTICATE **	Getting temporary API key.
** AUTHENTICATE **	Temporary API key acquired.
** AUTHENTICATE **	POST 	/app.php/api/tokens.json
{"fedid":"tesztAdmin@sztaki.hu","token":"19203f1dd57f825cc57d11fba1017da8373b529a5cdd91ef9815c77b0c0e6bcf"}
** AUTHENTICATE **	{"fedid":"tesztAdmin@sztaki.hu","token":"19203f1dd57f825cc57d11fba1017da8373b529a5cdd91ef9815c77b0c0e6bcf"}
** AUTHENTICATE **	Normal API key acquired.
***	 OrganizationsMembersGetTest ***
POST 	/app.php/api/organizations.json
POST 	/app.php/api/principals.json
PUT 	/app.php/api/organizations/1/members/2.json
GET 	/app.php/api/principal/self.json
GET 	/app.php/api/organizations/1/members.json
BeforeClass @ CleanTest
/home/ede/NetBeansProjects/JavaCoreTest/hexaa-test
*** Loading Properties ***
*** 80
*** 192.168.203.203
*** tesztAdmin@sztaki.hu
*** 7lrfjlpu5br2vpv1jcaogdz481b28xf7lz85wqmv
OUTPUT>Dropped database for connection named `hexaa`
OUTPUT>Created database for connection named `hexaa`
OUTPUT>Updating database schema...
OUTPUT>Database schema updated successfully! "64" queries were executed
ExitValue: 0
** AUTHENTICATE **	GET 	/app.php/api/principal/self.json
** AUTHENTICATE **	{"code":403,"message":"Forbidden","errors":null}
** AUTHENTICATE **	Getting temporary API key.
** AUTHENTICATE **	Temporary API key acquired.
** AUTHENTICATE **	POST 	/app.php/api/tokens.json
{"fedid":"tesztAdmin@sztaki.hu","token":"a5ec191c2abe4a4bc41f9b218438e4b8ac80fe9bd8d5e612ec66f0b4b0a8a9c4"}
** AUTHENTICATE **	{"fedid":"tesztAdmin@sztaki.hu","token":"a5ec191c2abe4a4bc41f9b218438e4b8ac80fe9bd8d5e612ec66f0b4b0a8a9c4"}
** AUTHENTICATE **	Normal API key acquired.
***	 PrincipalsAttributespecsPublicGetTest ***
POST 	/app.php/api/organizations.json
PUT 	/app.php/api/organizations/1/members/1.json
GET 	/app.php/api/entityids.json
POST 	/app.php/api/services.json
POST 	/app.php/api/services.json
POST 	/app.php/api/attributespecs.json
POST 	/app.php/api/attributespecs.json
PUT 	/app.php/api/services/1/attributespecs/1.json
PUT 	/app.php/api/services/2/attributespecs/2.json
GET 	/app.php/api/principal/attributespecs.json
BeforeClass @ CleanTest
/home/ede/NetBeansProjects/JavaCoreTest/hexaa-test
*** Loading Properties ***
*** 80
*** 192.168.203.203
*** tesztAdmin@sztaki.hu
*** 7lrfjlpu5br2vpv1jcaogdz481b28xf7lz85wqmv
OUTPUT>Dropped database for connection named `hexaa`
OUTPUT>Created database for connection named `hexaa`
OUTPUT>Updating database schema...
OUTPUT>Database schema updated successfully! "64" queries were executed
ExitValue: 0
** AUTHENTICATE **	GET 	/app.php/api/principal/self.json
** AUTHENTICATE **	{"code":403,"message":"Forbidden","errors":null}
** AUTHENTICATE **	Getting temporary API key.
** AUTHENTICATE **	Temporary API key acquired.
** AUTHENTICATE **	POST 	/app.php/api/tokens.json
{"fedid":"tesztAdmin@sztaki.hu","token":"2c80045b7a54d18756ac554dbaca082af6c979911c4296832dfa8e33ded03353"}
** AUTHENTICATE **	{"fedid":"tesztAdmin@sztaki.hu","token":"2c80045b7a54d18756ac554dbaca082af6c979911c4296832dfa8e33ded03353"}
** AUTHENTICATE **	Normal API key acquired.
***	 RolesGetTest ***
POST 	/app.php/api/organizations.json
POST 	/app.php/api/organizations/1/roles.json
GET 	/app.php/api/organizations/1/roles.json
GET 	/app.php/api/roles/1.json
BeforeClass @ CleanTest
/home/ede/NetBeansProjects/JavaCoreTest/hexaa-test
*** Loading Properties ***
*** 80
*** 192.168.203.203
*** tesztAdmin@sztaki.hu
*** 7lrfjlpu5br2vpv1jcaogdz481b28xf7lz85wqmv
OUTPUT>Dropped database for connection named `hexaa`
OUTPUT>Created database for connection named `hexaa`
OUTPUT>Updating database schema...
OUTPUT>Database schema updated successfully! "64" queries were executed
ExitValue: 0
** AUTHENTICATE **	GET 	/app.php/api/principal/self.json
** AUTHENTICATE **	{"code":403,"message":"Forbidden","errors":null}
** AUTHENTICATE **	Getting temporary API key.
** AUTHENTICATE **	Temporary API key acquired.
** AUTHENTICATE **	POST 	/app.php/api/tokens.json
{"fedid":"tesztAdmin@sztaki.hu","token":"5897d729fed9037977cc76b652c55cd35cccf3748ac1bcdb10b150fe0f18a5c4"}
** AUTHENTICATE **	{"fedid":"tesztAdmin@sztaki.hu","token":"5897d729fed9037977cc76b652c55cd35cccf3748ac1bcdb10b150fe0f18a5c4"}
** AUTHENTICATE **	Normal API key acquired.
***	 RolesDeleteTest ***
POST 	/app.php/api/organizations.json
POST 	/app.php/api/organizations/1/roles.json
POST 	/app.php/api/organizations/1/roles.json
DEL 	/app.php/api/roles/1.json
GET 	/app.php/api/organizations/1/roles.json
BeforeClass @ CleanTest
/home/ede/NetBeansProjects/JavaCoreTest/hexaa-test
*** Loading Properties ***
*** 80
*** 192.168.203.203
*** tesztAdmin@sztaki.hu
*** 7lrfjlpu5br2vpv1jcaogdz481b28xf7lz85wqmv
OUTPUT>Dropped database for connection named `hexaa`
OUTPUT>Created database for connection named `hexaa`
OUTPUT>Updating database schema...
OUTPUT>Database schema updated successfully! "64" queries were executed
ExitValue: 0
** AUTHENTICATE **	GET 	/app.php/api/principal/self.json
** AUTHENTICATE **	{"code":403,"message":"Forbidden","errors":null}
** AUTHENTICATE **	Getting temporary API key.
** AUTHENTICATE **	Temporary API key acquired.
** AUTHENTICATE **	POST 	/app.php/api/tokens.json
{"fedid":"tesztAdmin@sztaki.hu","token":"b3fde777b40c03b0e11e8d76b5731053e6b1745505d3a0d72513cc9878192b65"}
** AUTHENTICATE **	{"fedid":"tesztAdmin@sztaki.hu","token":"b3fde777b40c03b0e11e8d76b5731053e6b1745505d3a0d72513cc9878192b65"}
** AUTHENTICATE **	Normal API key acquired.
***	 RolesPutTest ***
POST 	/app.php/api/organizations.json
POST 	/app.php/api/organizations/1/roles.json
POST 	/app.php/api/organizations/1/roles.json
PUT 	/app.php/api/roles/1.json
GET 	/app.php/api/organizations/1/roles.json
BeforeClass @ CleanTest
/home/ede/NetBeansProjects/JavaCoreTest/hexaa-test
*** Loading Properties ***
*** 80
*** 192.168.203.203
*** tesztAdmin@sztaki.hu
*** 7lrfjlpu5br2vpv1jcaogdz481b28xf7lz85wqmv
OUTPUT>Dropped database for connection named `hexaa`
OUTPUT>Created database for connection named `hexaa`
OUTPUT>Updating database schema...
OUTPUT>Database schema updated successfully! "64" queries were executed
ExitValue: 0
** AUTHENTICATE **	GET 	/app.php/api/principal/self.json
** AUTHENTICATE **	{"code":403,"message":"Forbidden","errors":null}
** AUTHENTICATE **	Getting temporary API key.
** AUTHENTICATE **	Temporary API key acquired.
** AUTHENTICATE **	POST 	/app.php/api/tokens.json
{"fedid":"tesztAdmin@sztaki.hu","token":"79320ddc1987a1fa708bae97297e990969d84c681e3a549077a084cae330d652"}
** AUTHENTICATE **	{"fedid":"tesztAdmin@sztaki.hu","token":"79320ddc1987a1fa708bae97297e990969d84c681e3a549077a084cae330d652"}
** AUTHENTICATE **	Normal API key acquired.
***	 RolesPrincipalsAddTest ***
POST 	/app.php/api/organizations.json
POST 	/app.php/api/organizations/1/roles.json
POST 	/app.php/api/organizations/1/roles.json
GET 	/app.php/api/entityids.json
POST 	/app.php/api/services.json
POST 	/app.php/api/principals.json
PUT 	/app.php/api/roles/1/principals/2.json
PUT 	/app.php/api/organizations/1/members/2.json
PUT 	/app.php/api/roles/1/principals/2.json
PUT 	/app.php/api/roles/1/principals/2.json
BeforeClass @ CleanTest
/home/ede/NetBeansProjects/JavaCoreTest/hexaa-test
*** Loading Properties ***
*** 80
*** 192.168.203.203
*** tesztAdmin@sztaki.hu
*** 7lrfjlpu5br2vpv1jcaogdz481b28xf7lz85wqmv
OUTPUT>Dropped database for connection named `hexaa`
OUTPUT>Created database for connection named `hexaa`
OUTPUT>Updating database schema...
OUTPUT>Database schema updated successfully! "64" queries were executed
ExitValue: 0
** AUTHENTICATE **	GET 	/app.php/api/principal/self.json
** AUTHENTICATE **	{"code":403,"message":"Forbidden","errors":null}
** AUTHENTICATE **	Getting temporary API key.
** AUTHENTICATE **	Temporary API key acquired.
** AUTHENTICATE **	POST 	/app.php/api/tokens.json
{"fedid":"tesztAdmin@sztaki.hu","token":"29c067496a002f643f9cd39ca30240cf839fe9ea2d2954672b9948a6f48ed8cf"}
** AUTHENTICATE **	{"fedid":"tesztAdmin@sztaki.hu","token":"29c067496a002f643f9cd39ca30240cf839fe9ea2d2954672b9948a6f48ed8cf"}
** AUTHENTICATE **	Normal API key acquired.
***	 ServicesAttributespecsGetTest ***
GET 	/app.php/api/entityids.json
POST 	/app.php/api/services.json
POST 	/app.php/api/services.json
POST 	/app.php/api/attributespecs.json
POST 	/app.php/api/attributespecs.json
PUT 	/app.php/api/services/1/attributespecs/1.json
PUT 	/app.php/api/services/1/attributespecs/2.json
GET 	/app.php/api/services/1/attributespecs.json
GET 	/app.php/api/services/1/attributespecs.json
GET 	/app.php/api/services/2/attributespecs.json
BeforeClass @ CleanTest
/home/ede/NetBeansProjects/JavaCoreTest/hexaa-test
*** Loading Properties ***
*** 80
*** 192.168.203.203
*** tesztAdmin@sztaki.hu
*** 7lrfjlpu5br2vpv1jcaogdz481b28xf7lz85wqmv
OUTPUT>Dropped database for connection named `hexaa`
OUTPUT>Created database for connection named `hexaa`
OUTPUT>Updating database schema...
OUTPUT>Database schema updated successfully! "64" queries were executed
ExitValue: 0
** AUTHENTICATE **	GET 	/app.php/api/principal/self.json
** AUTHENTICATE **	{"code":403,"message":"Forbidden","errors":null}
** AUTHENTICATE **	Getting temporary API key.
** AUTHENTICATE **	Temporary API key acquired.
** AUTHENTICATE **	POST 	/app.php/api/tokens.json
{"fedid":"tesztAdmin@sztaki.hu","token":"50e153a4c9aebcac755e67a96ccd13620a696687799193000dfb384c61e11334"}
** AUTHENTICATE **	{"fedid":"tesztAdmin@sztaki.hu","token":"50e153a4c9aebcac755e67a96ccd13620a696687799193000dfb384c61e11334"}
** AUTHENTICATE **	Normal API key acquired.
***	 ServicesAttributespecsRemoveTest ***
GET 	/app.php/api/entityids.json
POST 	/app.php/api/services.json
POST 	/app.php/api/services.json
POST 	/app.php/api/attributespecs.json
POST 	/app.php/api/attributespecs.json
PUT 	/app.php/api/services/1/attributespecs/1.json
PUT 	/app.php/api/services/1/attributespecs/2.json
DEL 	/app.php/api/services/1/attributespecs/1.json
GET 	/app.php/api/services/1/attributespecs.json
GET 	/app.php/api/services/2/attributespecs.json
BeforeClass @ CleanTest
/home/ede/NetBeansProjects/JavaCoreTest/hexaa-test
*** Loading Properties ***
*** 80
*** 192.168.203.203
*** tesztAdmin@sztaki.hu
*** 7lrfjlpu5br2vpv1jcaogdz481b28xf7lz85wqmv
OUTPUT>Dropped database for connection named `hexaa`
OUTPUT>Created database for connection named `hexaa`
OUTPUT>Updating database schema...
OUTPUT>Database schema updated successfully! "64" queries were executed
ExitValue: 0
** AUTHENTICATE **	GET 	/app.php/api/principal/self.json
** AUTHENTICATE **	{"code":403,"message":"Forbidden","errors":null}
** AUTHENTICATE **	Getting temporary API key.
** AUTHENTICATE **	Temporary API key acquired.
** AUTHENTICATE **	POST 	/app.php/api/tokens.json
{"fedid":"tesztAdmin@sztaki.hu","token":"fd27f27a407e49b68663de284438485d2020f0a3ad38914c0848cf0119a46f7c"}
** AUTHENTICATE **	{"fedid":"tesztAdmin@sztaki.hu","token":"fd27f27a407e49b68663de284438485d2020f0a3ad38914c0848cf0119a46f7c"}
** AUTHENTICATE **	Normal API key acquired.
***	 ServicesEntitlementsGetTest ***
GET 	/app.php/api/entityids.json
POST 	/app.php/api/services.json
POST 	/app.php/api/services.json
POST 	/app.php/api/services/1/entitlements.json
POST 	/app.php/api/services/1/entitlements.json
POST 	/app.php/api/services/2/entitlements.json
GET 	/app.php/api/services/1/entitlements.json
GET 	/app.php/api/services/2/entitlements.json
BeforeClass @ CleanTest
/home/ede/NetBeansProjects/JavaCoreTest/hexaa-test
*** Loading Properties ***
*** 80
*** 192.168.203.203
*** tesztAdmin@sztaki.hu
*** 7lrfjlpu5br2vpv1jcaogdz481b28xf7lz85wqmv
OUTPUT>Dropped database for connection named `hexaa`
OUTPUT>Created database for connection named `hexaa`
OUTPUT>Updating database schema...
OUTPUT>Database schema updated successfully! "64" queries were executed
ExitValue: 0
** AUTHENTICATE **	GET 	/app.php/api/principal/self.json
** AUTHENTICATE **	{"code":403,"message":"Forbidden","errors":null}
** AUTHENTICATE **	Getting temporary API key.
** AUTHENTICATE **	Temporary API key acquired.
** AUTHENTICATE **	POST 	/app.php/api/tokens.json
{"fedid":"tesztAdmin@sztaki.hu","token":"ff99d0a316d1611f34f0a69ff1529c63ed174ec62c8454e0fafbcd0b9021ea1f"}
** AUTHENTICATE **	{"fedid":"tesztAdmin@sztaki.hu","token":"ff99d0a316d1611f34f0a69ff1529c63ed174ec62c8454e0fafbcd0b9021ea1f"}
** AUTHENTICATE **	Normal API key acquired.
***	 ServicesManagersAddTest ***
GET 	/app.php/api/entityids.json
POST 	/app.php/api/services.json
POST 	/app.php/api/services.json
POST 	/app.php/api/principals.json
POST 	/app.php/api/principals.json
GET 	/app.php/api/principal/self.json
PUT 	/app.php/api/services/1/managers/2.json
PUT 	/app.php/api/services/1/managers/3.json
GET 	/app.php/api/services/1/managers.json
BeforeClass @ CleanTest
/home/ede/NetBeansProjects/JavaCoreTest/hexaa-test
*** Loading Properties ***
*** 80
*** 192.168.203.203
*** tesztAdmin@sztaki.hu
*** 7lrfjlpu5br2vpv1jcaogdz481b28xf7lz85wqmv
OUTPUT>Dropped database for connection named `hexaa`
OUTPUT>Created database for connection named `hexaa`
OUTPUT>Updating database schema...
OUTPUT>Database schema updated successfully! "64" queries were executed
ExitValue: 0
** AUTHENTICATE **	GET 	/app.php/api/principal/self.json
** AUTHENTICATE **	{"code":403,"message":"Forbidden","errors":null}
** AUTHENTICATE **	Getting temporary API key.
** AUTHENTICATE **	Temporary API key acquired.
** AUTHENTICATE **	POST 	/app.php/api/tokens.json
{"fedid":"tesztAdmin@sztaki.hu","token":"d61dd36883b74ca897f92b4375d910ce6c48b08f8da760255ca8a22290a42794"}
** AUTHENTICATE **	{"fedid":"tesztAdmin@sztaki.hu","token":"d61dd36883b74ca897f92b4375d910ce6c48b08f8da760255ca8a22290a42794"}
** AUTHENTICATE **	Normal API key acquired.
GET 	/app.php/api/entityids.json
POST 	/app.php/api/services.json
POST 	/app.php/api/services.json
POST 	/app.php/api/services/1/entitlementpacks.json
POST 	/app.php/api/services/1/entitlementpacks.json
POST 	/app.php/api/services/2/entitlementpacks.json
***	 ServicesEntitlementpacksGetTest ***
GET 	/app.php/api/services/1/entitlementpacks.json
GET 	/app.php/api/services/2/entitlementpacks.json
]]></system-out>
  <system-err><![CDATA[]]></system-err>
</testsuite>
