<?xml version="1.0" encoding="UTF-8" ?>
<testsuite errors="0" failures="0" hostname="banat" name="sztaki.hexaa.httputility.leveledtests.LevelFourTestSuite" skipped="0" tests="20" time="101.102" timestamp="2014-10-06T13:44:12">
  <properties>
    <property name="java.vendor" value="Oracle Corporation" />
    <property name="lib.dir" value="lib" />
    <property name="sun.java.launcher" value="SUN_STANDARD" />
    <property name="sun.management.compiler" value="HotSpot 64-Bit Tiered Compilers" />
    <property name="current.time" value="10/06 03:38:24 PM" />
    <property name="os.name" value="Linux" />
    <property name="sun.boot.class.path" value="/usr/lib/jvm/java-8-oracle/jre/lib/resources.jar:/usr/lib/jvm/java-8-oracle/jre/lib/rt.jar:/usr/lib/jvm/java-8-oracle/jre/lib/sunrsasign.jar:/usr/lib/jvm/java-8-oracle/jre/lib/jsse.jar:/usr/lib/jvm/java-8-oracle/jre/lib/jce.jar:/usr/lib/jvm/java-8-oracle/jre/lib/charsets.jar:/usr/lib/jvm/java-8-oracle/jre/lib/jfr.jar:/usr/lib/jvm/java-8-oracle/jre/classes" />
    <property name="TODAY" value="October 6 2014" />
    <property name="sun.desktop" value="gnome" />
    <property name="java.vm.specification.vendor" value="Oracle Corporation" />
    <property name="ant.home" value="/usr/share/ant" />
    <property name="java.runtime.version" value="1.8.0_20-b26" />
    <property name="user.name" value="ede" />
    <property name="ant.file.JavaCoreTest" value="/home/ede/NetBeansProjects/JavaCoreTest/hexaa-test/build.xml" />
    <property name="junit.out.dir.html" value="/var/www/html" />
    <property name="ant.file.type.JavaCoreTest" value="file" />
    <property name="user.language" value="en" />
    <property name="sun.boot.library.path" value="/usr/lib/jvm/java-8-oracle/jre/lib/amd64" />
    <property name="ant.project.default-target" value="leveledtests" />
    <property name="ant.project.name" value="JavaCoreTest" />
    <property name="DSTAMP" value="20141006" />
    <property name="java.version" value="1.8.0_20" />
    <property name="user.timezone" value="Europe/Budapest" />
    <property name="sun.arch.data.model" value="64" />
    <property name="java.endorsed.dirs" value="/usr/lib/jvm/java-8-oracle/jre/lib/endorsed" />
    <property name="sun.cpu.isalist" value="" />
    <property name="sun.jnu.encoding" value="UTF-8" />
    <property name="file.encoding.pkg" value="sun.io" />
    <property name="file.separator" value="/" />
    <property name="java.specification.name" value="Java Platform API Specification" />
    <property name="classes.dir" value="target/classes" />
    <property name="java.class.version" value="52.0" />
    <property name="user.country" value="US" />
    <property name="java.home" value="/usr/lib/jvm/java-8-oracle/jre" />
    <property name="java.vm.info" value="mixed mode" />
    <property name="ant.file" value="/home/ede/NetBeansProjects/JavaCoreTest/hexaa-test/build.xml" />
    <property name="os.version" value="3.13.0-36-generic" />
    <property name="path.separator" value=":" />
    <property name="java.vm.version" value="25.20-b23" />
    <property name="ant.library.dir" value="/usr/share/ant/lib" />
    <property name="java.awt.printerjob" value="sun.print.PSPrinterJob" />
    <property name="sun.io.unicode.encoding" value="UnicodeLittle" />
    <property name="awt.toolkit" value="sun.awt.X11.XToolkit" />
    <property name="junit.out.dir" value="target/report/junit" />
    <property name="user.home" value="/home/ede" />
    <property name="java.specification.vendor" value="Oracle Corporation" />
    <property name="test.dir" value="test" />
    <property name="java.library.path" value="/usr/java/packages/lib/amd64:/usr/lib64:/lib64:/lib:/usr/lib" />
    <property name="java.vendor.url" value="http://java.oracle.com/" />
    <property name="java.vm.vendor" value="Oracle Corporation" />
    <property name="java.runtime.name" value="Java(TM) SE Runtime Environment" />
    <property name="sun.java.command" value="org.apache.tools.ant.taskdefs.optional.junit.JUnitTestRunner sztaki.hexaa.httputility.leveledtests.LevelFourTestSuite skipNonTests=false filtertrace=true haltOnError=false haltOnFailure=false formatter=org.apache.tools.ant.taskdefs.optional.junit.SummaryJUnitResultFormatter showoutput=false outputtoformatters=true logfailedtests=true logtestlistenerevents=false formatter=org.apache.tools.ant.taskdefs.optional.junit.XMLJUnitResultFormatter,/home/ede/NetBeansProjects/JavaCoreTest/hexaa-test/target/report/junit/TEST-sztaki.hexaa.httputility.leveledtests.LevelFourTestSuite.xml crashfile=/home/ede/NetBeansProjects/JavaCoreTest/hexaa-test/junitvmwatcher5105897287467293683.properties propsfile=/home/ede/NetBeansProjects/JavaCoreTest/hexaa-test/junit8931092106256999526.properties" />
    <property name="java.class.path" value="/usr/share/ant/lib/ant-launcher.jar:/usr/share/java/xmlParserAPIs.jar:/usr/share/java/xercesImpl.jar:/usr/share/ant/lib/ant-apache-log4j.jar:/usr/share/ant/lib/ant-apache-resolver.jar:/usr/share/ant/lib/ant-testutil.jar:/usr/share/ant/lib/ant-jsch.jar:/usr/share/ant/lib/ant-antlr.jar:/usr/share/ant/lib/ant-commons-logging.jar:/usr/share/ant/lib/ant-jdepend.jar:/usr/share/ant/lib/ant-apache-xalan2.jar:/usr/share/ant/lib/ant-apache-bcel.jar:/usr/share/ant/lib/ant-apache-regexp.jar:/usr/share/ant/lib/ant-junit.jar:/usr/share/ant/lib/ant-apache-bsf.jar:/usr/share/ant/lib/ant-junit4.jar:/usr/share/ant/lib/ant-jmf.jar:/usr/share/ant/lib/ant-apache-oro.jar:/usr/share/ant/lib/ant-swing.jar:/usr/share/ant/lib/ant.jar:/usr/share/ant/lib/ant-javamail.jar:/usr/share/ant/lib/ant-commons-net.jar:/usr/lib/jvm/java-8-oracle/lib/tools.jar:/home/ede/NetBeansProjects/JavaCoreTest/hexaa-test/target/classes:/home/ede/NetBeansProjects/JavaCoreTest/hexaa-test/lib/commons-codec-1.9.jar:/home/ede/NetBeansProjects/JavaCoreTest/hexaa-test/lib/commons-logging-1.1.3.jar:/home/ede/NetBeansProjects/JavaCoreTest/hexaa-test/lib/httpclient-4.3.4.jar:/home/ede/NetBeansProjects/JavaCoreTest/hexaa-test/lib/httpcore-4.3.2.jar:/home/ede/NetBeansProjects/JavaCoreTest/hexaa-test/lib/json.jar:/home/ede/NetBeansProjects/JavaCoreTest/hexaa-test/lib/jsonassert-1.2.3.jar:/home/ede/NetBeansProjects/JavaCoreTest/hexaa-test/lib/junit-4.10.jar:/usr/share/java/ant-launcher-1.9.3.jar" />
    <property name="ant.version" value="Apache Ant(TM) version 1.9.3 compiled on April 8 2014" />
    <property name="TSTAMP" value="1538" />
    <property name="project.name" value="JavaCoreTest" />
    <property name="java.vm.specification.name" value="Java Virtual Machine Specification" />
    <property name="ant.file.type" value="file" />
    <property name="java.vm.specification.version" value="1.8" />
    <property name="sun.cpu.endian" value="little" />
    <property name="sun.os.patch.level" value="unknown" />
    <property name="java.io.tmpdir" value="/tmp" />
    <property name="java.vendor.url.bug" value="http://bugreport.sun.com/bugreport/" />
    <property name="os.arch" value="amd64" />
    <property name="java.awt.graphicsenv" value="sun.awt.X11GraphicsEnvironment" />
    <property name="java.ext.dirs" value="/usr/lib/jvm/java-8-oracle/jre/lib/ext:/usr/java/packages/lib/ext" />
    <property name="user.dir" value="/home/ede/NetBeansProjects/JavaCoreTest/hexaa-test" />
    <property name="line.separator" value="&#xa;" />
    <property name="java.vm.name" value="Java HotSpot(TM) 64-Bit Server VM" />
    <property name="basedir" value="/home/ede/NetBeansProjects/JavaCoreTest/hexaa-test" />
    <property name="ant.java.version" value="1.8" />
    <property name="ant.core.lib" value="/usr/share/ant/lib/ant.jar" />
    <property name="file.encoding" value="UTF-8" />
    <property name="target.dir" value="target" />
    <property name="java.specification.version" value="1.8" />
    <property name="src.dir" value="src" />
    <property name="ant.project.invoked-targets" value="leveledtests" />
  </properties>
  <testcase classname="sztaki.hexaa.httputility.apicalls.attributevalueprincipals.AttributevalueprincipalsDeleteTest" name="testAttributevalueprincipalsDelete" time="0.284" />
  <testcase classname="sztaki.hexaa.httputility.apicalls.attributevalueorganizations.AttributevalueorganizationsDeleteTest" name="testAttributevalueorganizationsDelete" time="0.281" />
  <testcase classname="sztaki.hexaa.httputility.apicalls.entitlementpacks.entitlements.EntitlementpacksGetEntitlementsTest" name="testEntitlementpacksGetEntitlements" time="0.622" />
  <testcase classname="sztaki.hexaa.httputility.apicalls.entitlementpacks.entitlements.EntitlementpacksRemoveEntitlementsTest" name="testEntitlementpacksRemoveEntitlements" time="0.62" />
  <testcase classname="sztaki.hexaa.httputility.apicalls.organizations.attributes.OrganizationsAttributesGet" name="testOrganizationsAttributespecsGet" time="0.162" />
  <testcase classname="sztaki.hexaa.httputility.apicalls.organizations.attributes.OrganizationsAttributesGet" name="testOrganizationsAttributevaluesBySpecsGet" time="0.167" />
  <testcase classname="sztaki.hexaa.httputility.apicalls.organizations.attributes.OrganizationsAttributesGet" name="testOrganizationsAllAttributevalues" time="0.166" />
  <testcase classname="sztaki.hexaa.httputility.apicalls.organizations.entitlementpacks.OrganizationEntitlementpacksAcceptTest" name="testOrganizationEntitlementpacksAccept" time="0.64" />
  <testcase classname="sztaki.hexaa.httputility.apicalls.organizations.entitlementpacks.OrganizationEntitlementpacksTokenTest" name="testOrganizationEntitlementpacksPut" time="0.468" />
  <testcase classname="sztaki.hexaa.httputility.apicalls.principals.PrincipalsAttributevaluesGetTest" name="testPrincipalGetAttributevalues" time="0.146" />
  <testcase classname="sztaki.hexaa.httputility.apicalls.principals.PrincipalsAttributevaluesGetTest" name="testPrincipalsGetAttributevalueBySpec" time="0.183" />
  <testcase classname="sztaki.hexaa.httputility.apicalls.principals.PrincipalsRoleGetTest" name="testPrincipalRolesGet" time="0.155" />
  <testcase classname="sztaki.hexaa.httputility.apicalls.principals.PrincipalsAttributespecsPrivateGetTest" name="testPrincipalGetPrivateAttributespecs" time="0.171" />
  <testcase classname="sztaki.hexaa.httputility.apicalls.principals.PrincipalsEntitlementsGetTest" name="testPrincipalGetEntitlements" time="0.159" />
  <testcase classname="sztaki.hexaa.httputility.apicalls.roles.entitlements.RolesEntitlementsAddTest" name="testRolesEntitlementsAdd" time="0.966" />
  <testcase classname="sztaki.hexaa.httputility.apicalls.roles.principals.RolesPrincipalsRemoveTest" name="testRolesPrincipalRemove" time="0.299" />
  <testcase classname="sztaki.hexaa.httputility.apicalls.roles.principals.RolesPrincipalsGetTest" name="testRolesPrincipalGet" time="0.144" />
  <testcase classname="sztaki.hexaa.httputility.apicalls.services.organizations.ServicesOrganizationsGetTest" name="testServicesOrganizationsGet" time="0.157" />
  <testcase classname="sztaki.hexaa.httputility.apicalls.services.managers.ServicesManagersRemoveTest" name="testServicesManagersRemove" time="0.47" />
  <testcase classname="sztaki.hexaa.httputility.apicalls.services.managers.ServicesManagersGetTest" name="testServicesManagersGet" time="0.286" />
  <system-out><![CDATA[BeforeClass @ CleanTest
/home/ede/NetBeansProjects/JavaCoreTest/hexaa-test
*** Loading Properties ***
*** 80
*** 192.168.203.203
*** tesztAdmin@sztaki.hu
*** 7lrfjlpu5br2vpv1jcaogdz481b28xf7lz85wqmv
OUTPUT>Could not open input file: app/console
OUTPUT>Dropped database for connection named `hexaa`
OUTPUT>Created database for connection named `hexaa`
OUTPUT>Updating database schema...
OUTPUT>Database schema updated successfully! "64" queries were executed
ExitValue: 0
** AUTHENTICATE **	GET 	/app.php/api/principal/self.json
** AUTHENTICATE **	{"code":403,"message":"Forbidden","errors":null}
** AUTHENTICATE **	Getting temporary API key.
** AUTHENTICATE **	Temporary API key acquired.
** AUTHENTICATE **	POST 	/app.php/api/tokens.json
{"fedid":"tesztAdmin@sztaki.hu","token":"91bdb6b7a38158f6e3a6364e83e6cd5259c58d146ed416858d2146930fdf53ba"}
** AUTHENTICATE **	{"fedid":"tesztAdmin@sztaki.hu","token":"91bdb6b7a38158f6e3a6364e83e6cd5259c58d146ed416858d2146930fdf53ba"}
** AUTHENTICATE **	Normal API key acquired.
***	 AttributevalueprincipalsDeleteTest ***
POST 	/app.php/api/principals.json
HTTP/1.1 201 Created
POST 	/app.php/api/attributespecs.json
HTTP/1.1 201 Created
POST 	/app.php/api/attributevalueprincipals.json
HTTP/1.1 201 Created
DEL 	/app.php/api/attributevalueprincipals/1.json
GET 	/app.php/api/attributevalueprincipals/1.json
BeforeClass @ CleanTest
/home/ede/NetBeansProjects/JavaCoreTest/hexaa-test
*** Loading Properties ***
*** 80
*** 192.168.203.203
*** tesztAdmin@sztaki.hu
*** 7lrfjlpu5br2vpv1jcaogdz481b28xf7lz85wqmv
OUTPUT>Could not open input file: app/console
OUTPUT>Dropped database for connection named `hexaa`
OUTPUT>Created database for connection named `hexaa`
OUTPUT>Updating database schema...
OUTPUT>Database schema updated successfully! "64" queries were executed
ExitValue: 0
** AUTHENTICATE **	GET 	/app.php/api/principal/self.json
** AUTHENTICATE **	{"code":403,"message":"Forbidden","errors":null}
** AUTHENTICATE **	Getting temporary API key.
** AUTHENTICATE **	Temporary API key acquired.
** AUTHENTICATE **	POST 	/app.php/api/tokens.json
{"fedid":"tesztAdmin@sztaki.hu","token":"baa2613d35319c6d0558f0f23da81c792f4fd4420f44aa1feed7f8d5c1baf7de"}
** AUTHENTICATE **	{"fedid":"tesztAdmin@sztaki.hu","token":"baa2613d35319c6d0558f0f23da81c792f4fd4420f44aa1feed7f8d5c1baf7de"}
** AUTHENTICATE **	Normal API key acquired.
***	 AttributevalueorganizationsDeleteTest ***
POST 	/app.php/api/organizations.json
POST 	/app.php/api/attributespecs.json
POST 	/app.php/api/attributevalueorganizations.json
DEL 	/app.php/api/attributevalueorganizations/1.json
GET 	/app.php/api/attributevalueorganizations/1.json
BeforeClass @ CleanTest
/home/ede/NetBeansProjects/JavaCoreTest/hexaa-test
*** Loading Properties ***
*** 80
*** 192.168.203.203
*** tesztAdmin@sztaki.hu
*** 7lrfjlpu5br2vpv1jcaogdz481b28xf7lz85wqmv
OUTPUT>Could not open input file: app/console
OUTPUT>Dropped database for connection named `hexaa`
OUTPUT>Created database for connection named `hexaa`
OUTPUT>Updating database schema...
OUTPUT>Database schema updated successfully! "64" queries were executed
ExitValue: 0
** AUTHENTICATE **	GET 	/app.php/api/principal/self.json
** AUTHENTICATE **	{"code":403,"message":"Forbidden","errors":null}
** AUTHENTICATE **	Getting temporary API key.
** AUTHENTICATE **	Temporary API key acquired.
** AUTHENTICATE **	POST 	/app.php/api/tokens.json
{"fedid":"tesztAdmin@sztaki.hu","token":"b80543d3e4034268ac5848d19e32005e9a708eaf265e2ffd8a52571805b07028"}
** AUTHENTICATE **	{"fedid":"tesztAdmin@sztaki.hu","token":"b80543d3e4034268ac5848d19e32005e9a708eaf265e2ffd8a52571805b07028"}
** AUTHENTICATE **	Normal API key acquired.
***	 EntitlementpacksGetEntitlementsTest ***
GET 	/app.php/api/entityids.json
POST 	/app.php/api/services.json
POST 	/app.php/api/services/1/entitlements.json
POST 	/app.php/api/services/1/entitlements.json
POST 	/app.php/api/services/1/entitlementpacks.json
POST 	/app.php/api/services/1/entitlementpacks.json
PUT 	/app.php/api/entitlementpacks/1/entitlements/1.json
PUT 	/app.php/api/entitlementpacks/1/entitlements/2.json
PUT 	/app.php/api/entitlementpacks/2/entitlements/1.json
GET 	/app.php/api/entitlementpacks/1/entitlements.json
GET 	/app.php/api/entitlementpacks/2/entitlements.json
BeforeClass @ CleanTest
/home/ede/NetBeansProjects/JavaCoreTest/hexaa-test
*** Loading Properties ***
*** 80
*** 192.168.203.203
*** tesztAdmin@sztaki.hu
*** 7lrfjlpu5br2vpv1jcaogdz481b28xf7lz85wqmv
OUTPUT>Could not open input file: app/console
OUTPUT>Dropped database for connection named `hexaa`
OUTPUT>Created database for connection named `hexaa`
OUTPUT>Updating database schema...
OUTPUT>Database schema updated successfully! "64" queries were executed
ExitValue: 0
** AUTHENTICATE **	GET 	/app.php/api/principal/self.json
** AUTHENTICATE **	{"code":403,"message":"Forbidden","errors":null}
** AUTHENTICATE **	Getting temporary API key.
** AUTHENTICATE **	Temporary API key acquired.
** AUTHENTICATE **	POST 	/app.php/api/tokens.json
{"fedid":"tesztAdmin@sztaki.hu","token":"29bf9a718d2dccc10adfb3e7dc3c52ea25e0e6ea370d9250bf3cdb96396f57cb"}
** AUTHENTICATE **	{"fedid":"tesztAdmin@sztaki.hu","token":"29bf9a718d2dccc10adfb3e7dc3c52ea25e0e6ea370d9250bf3cdb96396f57cb"}
** AUTHENTICATE **	Normal API key acquired.
***	 EntitlementpacksRemoveEntitlementsTest ***
GET 	/app.php/api/entityids.json
POST 	/app.php/api/services.json
POST 	/app.php/api/services/1/entitlements.json
POST 	/app.php/api/services/1/entitlements.json
POST 	/app.php/api/services/1/entitlementpacks.json
POST 	/app.php/api/services/1/entitlementpacks.json
PUT 	/app.php/api/entitlementpacks/1/entitlements/1.json
PUT 	/app.php/api/entitlementpacks/1/entitlements/2.json
PUT 	/app.php/api/entitlementpacks/2/entitlements/1.json
DEL 	/app.php/api/entitlementpacks/1/entitlements/1.json
DEL 	/app.php/api/entitlementpacks/2/entitlements/1.json
GET 	/app.php/api/entitlementpacks/1/entitlements.json
GET 	/app.php/api/entitlementpacks/2/entitlements.json
BeforeClass @ CleanTest
/home/ede/NetBeansProjects/JavaCoreTest/hexaa-test
*** Loading Properties ***
*** 80
*** 192.168.203.203
*** tesztAdmin@sztaki.hu
*** 7lrfjlpu5br2vpv1jcaogdz481b28xf7lz85wqmv
OUTPUT>Could not open input file: app/console
OUTPUT>Dropped database for connection named `hexaa`
OUTPUT>Created database for connection named `hexaa`
OUTPUT>Updating database schema...
OUTPUT>Database schema updated successfully! "64" queries were executed
ExitValue: 0
** AUTHENTICATE **	GET 	/app.php/api/principal/self.json
** AUTHENTICATE **	{"code":403,"message":"Forbidden","errors":null}
** AUTHENTICATE **	Getting temporary API key.
** AUTHENTICATE **	Temporary API key acquired.
** AUTHENTICATE **	POST 	/app.php/api/tokens.json
{"fedid":"tesztAdmin@sztaki.hu","token":"2eb8aa4ab5e17248342579f009bbc9199d0e68bbfc7556348227bc05de0b2b21"}
** AUTHENTICATE **	{"fedid":"tesztAdmin@sztaki.hu","token":"2eb8aa4ab5e17248342579f009bbc9199d0e68bbfc7556348227bc05de0b2b21"}
** AUTHENTICATE **	Normal API key acquired.
***	 OrganizationsAttributesGet ***
POST 	/app.php/api/organizations.json
POST 	/app.php/api/attributespecs.json
POST 	/app.php/api/attributespecs.json
GET 	/app.php/api/entityids.json
POST 	/app.php/api/services.json
POST 	/app.php/api/services/1/entitlementpacks.json
PUT 	/app.php/api/services/1/attributespecs/1.json
PUT 	/app.php/api/services/1/attributespecs/2.json
PUT 	/app.php/api/organizations/1/entitlementpacks/1.json
PUT 	/app.php/api/organizations/1/entitlementpacks/1/accept.json
POST 	/app.php/api/attributevalueorganizations.json
POST 	/app.php/api/attributevalueorganizations.json
GET 	/app.php/api/organizations/1/attributespecs.json
GET 	/app.php/api/organizations/1/attributespecs/1/attributevalueorganizations.json
GET 	/app.php/api/organizations/1/attributevalueorganization.json
BeforeClass @ CleanTest
/home/ede/NetBeansProjects/JavaCoreTest/hexaa-test
*** Loading Properties ***
*** 80
*** 192.168.203.203
*** tesztAdmin@sztaki.hu
*** 7lrfjlpu5br2vpv1jcaogdz481b28xf7lz85wqmv
OUTPUT>Could not open input file: app/console
OUTPUT>Dropped database for connection named `hexaa`
OUTPUT>Created database for connection named `hexaa`
OUTPUT>Updating database schema...
OUTPUT>Database schema updated successfully! "64" queries were executed
ExitValue: 0
** AUTHENTICATE **	GET 	/app.php/api/principal/self.json
** AUTHENTICATE **	{"code":403,"message":"Forbidden","errors":null}
** AUTHENTICATE **	Getting temporary API key.
** AUTHENTICATE **	Temporary API key acquired.
** AUTHENTICATE **	POST 	/app.php/api/tokens.json
{"fedid":"tesztAdmin@sztaki.hu","token":"68761a0441d21d30c20ae49b2e1b4acef16ba155c691362440e48128a0121687"}
** AUTHENTICATE **	{"fedid":"tesztAdmin@sztaki.hu","token":"68761a0441d21d30c20ae49b2e1b4acef16ba155c691362440e48128a0121687"}
** AUTHENTICATE **	Normal API key acquired.
GET 	/app.php/api/entityids.json
POST 	/app.php/api/services.json
POST 	/app.php/api/organizations.json
POST 	/app.php/api/services/1/entitlements.json
POST 	/app.php/api/services/1/entitlements.json
POST 	/app.php/api/services/1/entitlementpacks.json
PUT 	/app.php/api/entitlementpacks/1/entitlements/1.json
PUT 	/app.php/api/entitlementpacks/1/entitlements/2.json
***	 OrganizationEntitlementpacksAcceptTest ***
PUT 	/app.php/api/organizations/1/entitlementpacks/1.json
GET 	/app.php/api/organizations/1/entitlementpacks.json
PUT 	/app.php/api/organizations/1/entitlementpacks/1/accept.json
GET 	/app.php/api/organizations/1/entitlementpacks.json
BeforeClass @ CleanTest
/home/ede/NetBeansProjects/JavaCoreTest/hexaa-test
*** Loading Properties ***
*** 80
*** 192.168.203.203
*** tesztAdmin@sztaki.hu
*** 7lrfjlpu5br2vpv1jcaogdz481b28xf7lz85wqmv
OUTPUT>Could not open input file: app/console
OUTPUT>Dropped database for connection named `hexaa`
OUTPUT>Created database for connection named `hexaa`
OUTPUT>Updating database schema...
OUTPUT>Database schema updated successfully! "64" queries were executed
ExitValue: 0
** AUTHENTICATE **	GET 	/app.php/api/principal/self.json
** AUTHENTICATE **	{"code":403,"message":"Forbidden","errors":null}
** AUTHENTICATE **	Getting temporary API key.
** AUTHENTICATE **	Temporary API key acquired.
** AUTHENTICATE **	POST 	/app.php/api/tokens.json
{"fedid":"tesztAdmin@sztaki.hu","token":"d629b12dd458432cc831b41e679e8f23141298f460b9c6d269ea2431950459c4"}
** AUTHENTICATE **	{"fedid":"tesztAdmin@sztaki.hu","token":"d629b12dd458432cc831b41e679e8f23141298f460b9c6d269ea2431950459c4"}
** AUTHENTICATE **	Normal API key acquired.
GET 	/app.php/api/entityids.json
POST 	/app.php/api/services.json
POST 	/app.php/api/organizations.json
POST 	/app.php/api/services/1/entitlements.json
POST 	/app.php/api/services/1/entitlements.json
POST 	/app.php/api/services/1/entitlementpacks.json
PUT 	/app.php/api/entitlementpacks/1/entitlements/1.json
PUT 	/app.php/api/entitlementpacks/1/entitlements/2.json
***	 OrganizationEntitlementpacksTokenTest ***
GET 	/app.php/api/entitlementpacks/1/token.json
PUT 	/app.php/api/organizations/1/entitlementpacks/0f3a98fe-491e-4be4-a684-49d43f0da95e/token.json
GET 	/app.php/api/organizations/1/entitlementpacks.json
BeforeClass @ CleanTest
/home/ede/NetBeansProjects/JavaCoreTest/hexaa-test
*** Loading Properties ***
*** 80
*** 192.168.203.203
*** tesztAdmin@sztaki.hu
*** 7lrfjlpu5br2vpv1jcaogdz481b28xf7lz85wqmv
OUTPUT>Could not open input file: app/console
OUTPUT>Dropped database for connection named `hexaa`
OUTPUT>Created database for connection named `hexaa`
OUTPUT>Updating database schema...
OUTPUT>Database schema updated successfully! "64" queries were executed
ExitValue: 0
** AUTHENTICATE **	GET 	/app.php/api/principal/self.json
** AUTHENTICATE **	{"code":403,"message":"Forbidden","errors":null}
** AUTHENTICATE **	Getting temporary API key.
** AUTHENTICATE **	Temporary API key acquired.
** AUTHENTICATE **	POST 	/app.php/api/tokens.json
{"fedid":"tesztAdmin@sztaki.hu","token":"08bc4eef701029acd1a35ba60853629a5bb0bf6179766a7380ead69b183e4aae"}
** AUTHENTICATE **	{"fedid":"tesztAdmin@sztaki.hu","token":"08bc4eef701029acd1a35ba60853629a5bb0bf6179766a7380ead69b183e4aae"}
** AUTHENTICATE **	Normal API key acquired.
***	 PrincipalsAttributevaluesGetTest ***
GET 	/app.php/api/entityids.json
POST 	/app.php/api/services.json
POST 	/app.php/api/organizations.json
POST 	/app.php/api/organizations/1/roles.json
POST 	/app.php/api/services/1/entitlementpacks.json
POST 	/app.php/api/services/1/entitlements.json
PUT 	/app.php/api/entitlementpacks/1/entitlements/1.json
PUT 	/app.php/api/organizations/1/entitlementpacks/1.json
PUT 	/app.php/api/organizations/1/entitlementpacks/1/accept.json
PUT 	/app.php/api/roles/1/entitlements/1.json
PUT 	/app.php/api/roles/1/principals/1.json
POST 	/app.php/api/attributespecs.json
PUT 	/app.php/api/services/1/attributespecs/1.json
POST 	/app.php/api/attributevalueprincipals.json
GET 	/app.php/api/principal/attributevalueprincipal.json
GET 	/app.php/api/principals/1/attributespecs/attributevalueprincipals.json
BeforeClass @ CleanTest
/home/ede/NetBeansProjects/JavaCoreTest/hexaa-test
*** Loading Properties ***
*** 80
*** 192.168.203.203
*** tesztAdmin@sztaki.hu
*** 7lrfjlpu5br2vpv1jcaogdz481b28xf7lz85wqmv
OUTPUT>Could not open input file: app/console
OUTPUT>Dropped database for connection named `hexaa`
OUTPUT>Created database for connection named `hexaa`
OUTPUT>Updating database schema...
OUTPUT>Database schema updated successfully! "64" queries were executed
ExitValue: 0
** AUTHENTICATE **	GET 	/app.php/api/principal/self.json
** AUTHENTICATE **	{"code":403,"message":"Forbidden","errors":null}
** AUTHENTICATE **	Getting temporary API key.
** AUTHENTICATE **	Temporary API key acquired.
** AUTHENTICATE **	POST 	/app.php/api/tokens.json
{"fedid":"tesztAdmin@sztaki.hu","token":"86a00247ea18e8bb8512e8a4b0b152b0beabc94d75e9ec811cb0fa298f14bc37"}
** AUTHENTICATE **	{"fedid":"tesztAdmin@sztaki.hu","token":"86a00247ea18e8bb8512e8a4b0b152b0beabc94d75e9ec811cb0fa298f14bc37"}
** AUTHENTICATE **	Normal API key acquired.
***	 PrincipalsRoleGetTest ***
POST 	/app.php/api/organizations.json
POST 	/app.php/api/organizations/1/roles.json
PUT 	/app.php/api/organizations/1/members/1.json
PUT 	/app.php/api/roles/1/principals/1.json
GET 	/app.php/api/principal/roles.json
BeforeClass @ CleanTest
/home/ede/NetBeansProjects/JavaCoreTest/hexaa-test
*** Loading Properties ***
*** 80
*** 192.168.203.203
*** tesztAdmin@sztaki.hu
*** 7lrfjlpu5br2vpv1jcaogdz481b28xf7lz85wqmv
OUTPUT>Could not open input file: app/console
OUTPUT>Dropped database for connection named `hexaa`
OUTPUT>Created database for connection named `hexaa`
OUTPUT>Updating database schema...
OUTPUT>Database schema updated successfully! "64" queries were executed
ExitValue: 0
** AUTHENTICATE **	GET 	/app.php/api/principal/self.json
** AUTHENTICATE **	{"code":403,"message":"Forbidden","errors":null}
** AUTHENTICATE **	Getting temporary API key.
** AUTHENTICATE **	Temporary API key acquired.
** AUTHENTICATE **	POST 	/app.php/api/tokens.json
{"fedid":"tesztAdmin@sztaki.hu","token":"17ee137ceffd63ecf173cd8f0d49cb0d10812e423e1fa3e899fb9c27cb8f0c45"}
** AUTHENTICATE **	{"fedid":"tesztAdmin@sztaki.hu","token":"17ee137ceffd63ecf173cd8f0d49cb0d10812e423e1fa3e899fb9c27cb8f0c45"}
** AUTHENTICATE **	Normal API key acquired.
***	 PrincipalsAttributespecsPrivateGetTest ***
POST 	/app.php/api/organizations.json
PUT 	/app.php/api/organizations/1/members/1.json
GET 	/app.php/api/entityids.json
POST 	/app.php/api/services.json
POST 	/app.php/api/services.json
POST 	/app.php/api/attributespecs.json
POST 	/app.php/api/attributespecs.json
PUT 	/app.php/api/services/1/attributespecs/1.json
PUT 	/app.php/api/services/2/attributespecs/2.json
POST 	/app.php/api/organizations/1/roles.json
POST 	/app.php/api/services/2/entitlements.json
POST 	/app.php/api/services/2/entitlementpacks.json
PUT 	/app.php/api/entitlementpacks/1/entitlements/1.json
PUT 	/app.php/api/organizations/1/entitlementpacks/1.json
PUT 	/app.php/api/organizations/1/entitlementpacks/1/accept.json
PUT 	/app.php/api/roles/1/entitlements/1.json
PUT 	/app.php/api/roles/1/principals/1.json
GET 	/app.php/api/principal/attributespecs.json
BeforeClass @ CleanTest
/home/ede/NetBeansProjects/JavaCoreTest/hexaa-test
*** Loading Properties ***
*** 80
*** 192.168.203.203
*** tesztAdmin@sztaki.hu
*** 7lrfjlpu5br2vpv1jcaogdz481b28xf7lz85wqmv
OUTPUT>Could not open input file: app/console
OUTPUT>Dropped database for connection named `hexaa`
OUTPUT>Created database for connection named `hexaa`
OUTPUT>Updating database schema...
OUTPUT>Database schema updated successfully! "64" queries were executed
ExitValue: 0
** AUTHENTICATE **	GET 	/app.php/api/principal/self.json
** AUTHENTICATE **	{"code":403,"message":"Forbidden","errors":null}
** AUTHENTICATE **	Getting temporary API key.
** AUTHENTICATE **	Temporary API key acquired.
** AUTHENTICATE **	POST 	/app.php/api/tokens.json
{"fedid":"tesztAdmin@sztaki.hu","token":"c7e9939c50ba0d5df942deb71edc257eb9373bdda75f9a72762a05029e6290f3"}
** AUTHENTICATE **	{"fedid":"tesztAdmin@sztaki.hu","token":"c7e9939c50ba0d5df942deb71edc257eb9373bdda75f9a72762a05029e6290f3"}
** AUTHENTICATE **	Normal API key acquired.
***	 PrincipalsEntitlementsGetTest ***
POST 	/app.php/api/organizations.json
PUT 	/app.php/api/organizations/1/members/1.json
POST 	/app.php/api/organizations/1/roles.json
GET 	/app.php/api/entityids.json
POST 	/app.php/api/services.json
POST 	/app.php/api/services.json
POST 	/app.php/api/services/2/entitlements.json
POST 	/app.php/api/services/2/entitlementpacks.json
PUT 	/app.php/api/entitlementpacks/1/entitlements/1.json
PUT 	/app.php/api/organizations/1/entitlementpacks/1.json
PUT 	/app.php/api/organizations/1/entitlementpacks/1/accept.json
PUT 	/app.php/api/roles/1/entitlements/1.json
PUT 	/app.php/api/roles/1/principals/1.json
GET 	/app.php/api/principal/entitlements.json
BeforeClass @ CleanTest
/home/ede/NetBeansProjects/JavaCoreTest/hexaa-test
*** Loading Properties ***
*** 80
*** 192.168.203.203
*** tesztAdmin@sztaki.hu
*** 7lrfjlpu5br2vpv1jcaogdz481b28xf7lz85wqmv
OUTPUT>Could not open input file: app/console
OUTPUT>Dropped database for connection named `hexaa`
OUTPUT>Created database for connection named `hexaa`
OUTPUT>Updating database schema...
OUTPUT>Database schema updated successfully! "64" queries were executed
ExitValue: 0
** AUTHENTICATE **	GET 	/app.php/api/principal/self.json
** AUTHENTICATE **	{"code":403,"message":"Forbidden","errors":null}
** AUTHENTICATE **	Getting temporary API key.
** AUTHENTICATE **	Temporary API key acquired.
** AUTHENTICATE **	POST 	/app.php/api/tokens.json
{"fedid":"tesztAdmin@sztaki.hu","token":"de4aaa58d61d0f649883070a09d12084bec7a72ef69ed08037120b2ebf4cbce3"}
** AUTHENTICATE **	{"fedid":"tesztAdmin@sztaki.hu","token":"de4aaa58d61d0f649883070a09d12084bec7a72ef69ed08037120b2ebf4cbce3"}
** AUTHENTICATE **	Normal API key acquired.
***	 RolesEntitlementsAddTest ***
POST 	/app.php/api/organizations.json
POST 	/app.php/api/organizations/1/roles.json
POST 	/app.php/api/organizations/1/roles.json
GET 	/app.php/api/entityids.json
POST 	/app.php/api/services.json
POST 	/app.php/api/services/1/entitlements.json
POST 	/app.php/api/services/1/entitlementpacks.json
PUT 	/app.php/api/roles/1/entitlements/1.json
PUT 	/app.php/api/entitlementpacks/1/entitlements/1.json
PUT 	/app.php/api/organizations/1/entitlementpacks/1.json
PUT 	/app.php/api/organizations/1/entitlementpacks/1/accept.json
PUT 	/app.php/api/roles/1/entitlements/1.json
PUT 	/app.php/api/roles/1/entitlements/1.json
BeforeClass @ CleanTest
/home/ede/NetBeansProjects/JavaCoreTest/hexaa-test
*** Loading Properties ***
*** 80
*** 192.168.203.203
*** tesztAdmin@sztaki.hu
*** 7lrfjlpu5br2vpv1jcaogdz481b28xf7lz85wqmv
OUTPUT>Could not open input file: app/console
OUTPUT>Dropped database for connection named `hexaa`
OUTPUT>Created database for connection named `hexaa`
OUTPUT>Updating database schema...
OUTPUT>Database schema updated successfully! "64" queries were executed
ExitValue: 0
** AUTHENTICATE **	GET 	/app.php/api/principal/self.json
** AUTHENTICATE **	{"code":403,"message":"Forbidden","errors":null}
** AUTHENTICATE **	Getting temporary API key.
** AUTHENTICATE **	Temporary API key acquired.
** AUTHENTICATE **	POST 	/app.php/api/tokens.json
{"fedid":"tesztAdmin@sztaki.hu","token":"3c76df4b61817b63c9e7c97db1df50a6203180a946bf2c9ac3e1131d44213137"}
** AUTHENTICATE **	{"fedid":"tesztAdmin@sztaki.hu","token":"3c76df4b61817b63c9e7c97db1df50a6203180a946bf2c9ac3e1131d44213137"}
** AUTHENTICATE **	Normal API key acquired.
***	 RolesPrincipalsRemoveTest ***
POST 	/app.php/api/organizations.json
POST 	/app.php/api/organizations/1/roles.json
POST 	/app.php/api/principals.json
GET 	/app.php/api/principals/1/id.json
PUT 	/app.php/api/organizations/1/members/2.json
PUT 	/app.php/api/roles/1/principals/1.json
PUT 	/app.php/api/roles/1/principals/2.json
DEL 	/app.php/api/roles/1/principals/1.json
GET 	/app.php/api/roles/1/principals.json
BeforeClass @ CleanTest
/home/ede/NetBeansProjects/JavaCoreTest/hexaa-test
*** Loading Properties ***
*** 80
*** 192.168.203.203
*** tesztAdmin@sztaki.hu
*** 7lrfjlpu5br2vpv1jcaogdz481b28xf7lz85wqmv
OUTPUT>Could not open input file: app/console
OUTPUT>Dropped database for connection named `hexaa`
OUTPUT>Created database for connection named `hexaa`
OUTPUT>Updating database schema...
OUTPUT>Database schema updated successfully! "64" queries were executed
ExitValue: 0
** AUTHENTICATE **	GET 	/app.php/api/principal/self.json
** AUTHENTICATE **	{"code":403,"message":"Forbidden","errors":null}
** AUTHENTICATE **	Getting temporary API key.
** AUTHENTICATE **	Temporary API key acquired.
** AUTHENTICATE **	POST 	/app.php/api/tokens.json
{"fedid":"tesztAdmin@sztaki.hu","token":"20ae30a277f94139ac30f00fa77299b69e52d35304d3de682bd5048b6bdb9ba0"}
** AUTHENTICATE **	{"fedid":"tesztAdmin@sztaki.hu","token":"20ae30a277f94139ac30f00fa77299b69e52d35304d3de682bd5048b6bdb9ba0"}
** AUTHENTICATE **	Normal API key acquired.
***	 RolesPrincipalsGetTest ***
POST 	/app.php/api/organizations.json
POST 	/app.php/api/organizations/1/roles.json
POST 	/app.php/api/principals.json
PUT 	/app.php/api/organizations/1/members/2.json
PUT 	/app.php/api/roles/1/principals/2.json
GET 	/app.php/api/roles/1/principals.json
[{"principal":{"updated_at":"2014-10-06T13:45:36+0000","created_at":"2014-10-06T13:45:36+0000","id":2,"fedid":"testPrincipal","display_name":"testPrincipal_name","email":"testPrincipal@email.something"},"created_at":"2014-10-06T13:45:37+0000","expiration":null,"id":1}]
BeforeClass @ CleanTest
/home/ede/NetBeansProjects/JavaCoreTest/hexaa-test
*** Loading Properties ***
*** 80
*** 192.168.203.203
*** tesztAdmin@sztaki.hu
*** 7lrfjlpu5br2vpv1jcaogdz481b28xf7lz85wqmv
OUTPUT>Could not open input file: app/console
OUTPUT>Dropped database for connection named `hexaa`
OUTPUT>Created database for connection named `hexaa`
OUTPUT>Updating database schema...
OUTPUT>Database schema updated successfully! "64" queries were executed
ExitValue: 0
** AUTHENTICATE **	GET 	/app.php/api/principal/self.json
** AUTHENTICATE **	{"code":403,"message":"Forbidden","errors":null}
** AUTHENTICATE **	Getting temporary API key.
** AUTHENTICATE **	Temporary API key acquired.
** AUTHENTICATE **	POST 	/app.php/api/tokens.json
{"fedid":"tesztAdmin@sztaki.hu","token":"b08e6aed70bf49ee68f9fc9060be3fd54266260d085a92b512a5b32f66fac3d5"}
** AUTHENTICATE **	{"fedid":"tesztAdmin@sztaki.hu","token":"b08e6aed70bf49ee68f9fc9060be3fd54266260d085a92b512a5b32f66fac3d5"}
** AUTHENTICATE **	Normal API key acquired.
***	 ServicesOrganizationsGetTest ***
GET 	/app.php/api/entityids.json
POST 	/app.php/api/services.json
POST 	/app.php/api/services.json
POST 	/app.php/api/organizations.json
POST 	/app.php/api/services/1/entitlementpacks.json
PUT 	/app.php/api/organizations/1/entitlementpacks/1.json
PUT 	/app.php/api/organizations/1/entitlementpacks/1/accept.json
GET 	/app.php/api/services/1/organizations.json
BeforeClass @ CleanTest
/home/ede/NetBeansProjects/JavaCoreTest/hexaa-test
*** Loading Properties ***
*** 80
*** 192.168.203.203
*** tesztAdmin@sztaki.hu
*** 7lrfjlpu5br2vpv1jcaogdz481b28xf7lz85wqmv
OUTPUT>Could not open input file: app/console
OUTPUT>Dropped database for connection named `hexaa`
OUTPUT>Created database for connection named `hexaa`
OUTPUT>Updating database schema...
OUTPUT>Database schema updated successfully! "64" queries were executed
ExitValue: 0
** AUTHENTICATE **	GET 	/app.php/api/principal/self.json
** AUTHENTICATE **	{"code":403,"message":"Forbidden","errors":null}
** AUTHENTICATE **	Getting temporary API key.
** AUTHENTICATE **	Temporary API key acquired.
** AUTHENTICATE **	POST 	/app.php/api/tokens.json
{"fedid":"tesztAdmin@sztaki.hu","token":"29b5e398497bdc0fc9dbc740c5e00bea09f02c58efb443e773e2ed506a7df33d"}
** AUTHENTICATE **	{"fedid":"tesztAdmin@sztaki.hu","token":"29b5e398497bdc0fc9dbc740c5e00bea09f02c58efb443e773e2ed506a7df33d"}
** AUTHENTICATE **	Normal API key acquired.
***	 ServicesManagersRemoveTest ***
GET 	/app.php/api/entityids.json
POST 	/app.php/api/services.json
POST 	/app.php/api/services.json
POST 	/app.php/api/principals.json
POST 	/app.php/api/principals.json
GET 	/app.php/api/principal/self.json
PUT 	/app.php/api/services/1/managers/2.json
PUT 	/app.php/api/services/1/managers/3.json
DEL 	/app.php/api/services/1/managers/2.json
GET 	/app.php/api/services/1/managers.json
GET 	/app.php/api/services/2/managers.json
BeforeClass @ CleanTest
/home/ede/NetBeansProjects/JavaCoreTest/hexaa-test
*** Loading Properties ***
*** 80
*** 192.168.203.203
*** tesztAdmin@sztaki.hu
*** 7lrfjlpu5br2vpv1jcaogdz481b28xf7lz85wqmv
OUTPUT>Could not open input file: app/console
OUTPUT>Dropped database for connection named `hexaa`
OUTPUT>Created database for connection named `hexaa`
OUTPUT>Updating database schema...
OUTPUT>Database schema updated successfully! "64" queries were executed
ExitValue: 0
** AUTHENTICATE **	GET 	/app.php/api/principal/self.json
** AUTHENTICATE **	{"code":403,"message":"Forbidden","errors":null}
** AUTHENTICATE **	Getting temporary API key.
** AUTHENTICATE **	Temporary API key acquired.
** AUTHENTICATE **	POST 	/app.php/api/tokens.json
{"fedid":"tesztAdmin@sztaki.hu","token":"ba7956011c857e88efd24ac54dac8b6f14665c71ce36bfa19a1d17b21a11064e"}
** AUTHENTICATE **	{"fedid":"tesztAdmin@sztaki.hu","token":"ba7956011c857e88efd24ac54dac8b6f14665c71ce36bfa19a1d17b21a11064e"}
** AUTHENTICATE **	Normal API key acquired.
***	 ServicesManagersGetTest ***
GET 	/app.php/api/entityids.json
POST 	/app.php/api/services.json
POST 	/app.php/api/services.json
POST 	/app.php/api/principals.json
POST 	/app.php/api/principals.json
GET 	/app.php/api/principal/self.json
PUT 	/app.php/api/services/1/managers/2.json
PUT 	/app.php/api/services/1/managers/3.json
GET 	/app.php/api/services/1/managers.json
GET 	/app.php/api/services/2/managers.json
]]></system-out>
  <system-err><![CDATA[]]></system-err>
</testsuite>
