<?xml version="1.0" encoding="UTF-8" ?>
<testsuite errors="0" failures="0" hostname="banat" name="sztaki.hexaa.httputility.leveledtests.LevelFiveTestSuite" skipped="0" tests="5" time="32.619" timestamp="2014-09-29T13:49:07">
  <properties>
    <property name="java.vendor" value="Oracle Corporation" />
    <property name="lib.dir" value="lib" />
    <property name="sun.java.launcher" value="SUN_STANDARD" />
    <property name="sun.management.compiler" value="HotSpot 64-Bit Tiered Compilers" />
    <property name="current.time" value="09/29 03:42:08 PM" />
    <property name="os.name" value="Linux" />
    <property name="sun.boot.class.path" value="/usr/lib/jvm/java-8-oracle/jre/lib/resources.jar:/usr/lib/jvm/java-8-oracle/jre/lib/rt.jar:/usr/lib/jvm/java-8-oracle/jre/lib/sunrsasign.jar:/usr/lib/jvm/java-8-oracle/jre/lib/jsse.jar:/usr/lib/jvm/java-8-oracle/jre/lib/jce.jar:/usr/lib/jvm/java-8-oracle/jre/lib/charsets.jar:/usr/lib/jvm/java-8-oracle/jre/lib/jfr.jar:/usr/lib/jvm/java-8-oracle/jre/classes" />
    <property name="TODAY" value="September 29 2014" />
    <property name="sun.desktop" value="gnome" />
    <property name="java.vm.specification.vendor" value="Oracle Corporation" />
    <property name="ant.home" value="/usr/share/ant" />
    <property name="java.runtime.version" value="1.8.0_20-b26" />
    <property name="user.name" value="ede" />
    <property name="junit.out.dir.html" value="/var/www/html" />
    <property name="user.language" value="en" />
    <property name="sun.boot.library.path" value="/usr/lib/jvm/java-8-oracle/jre/lib/amd64" />
    <property name="ant.file.HEXAA Tests" value="/home/ede/NetBeansProjects/JavaCoreTest/hexaa-test/alternate_buil.xml" />
    <property name="ant.project.default-target" value="leveledtests" />
    <property name="ant.project.name" value="HEXAA Tests" />
    <property name="DSTAMP" value="20140929" />
    <property name="java.version" value="1.8.0_20" />
    <property name="user.timezone" value="Europe/Budapest" />
    <property name="sun.arch.data.model" value="64" />
    <property name="java.endorsed.dirs" value="/usr/lib/jvm/java-8-oracle/jre/lib/endorsed" />
    <property name="sun.cpu.isalist" value="" />
    <property name="sun.jnu.encoding" value="UTF-8" />
    <property name="file.encoding.pkg" value="sun.io" />
    <property name="file.separator" value="/" />
    <property name="java.specification.name" value="Java Platform API Specification" />
    <property name="classes.dir" value="target/classes" />
    <property name="java.class.version" value="52.0" />
    <property name="ant.file.type.HEXAA Tests" value="file" />
    <property name="user.country" value="US" />
    <property name="java.home" value="/usr/lib/jvm/java-8-oracle/jre" />
    <property name="java.vm.info" value="mixed mode" />
    <property name="ant.file" value="/home/ede/NetBeansProjects/JavaCoreTest/hexaa-test/alternate_buil.xml" />
    <property name="os.version" value="3.13.0-36-generic" />
    <property name="path.separator" value=":" />
    <property name="java.vm.version" value="25.20-b23" />
    <property name="ant.library.dir" value="/usr/share/ant/lib" />
    <property name="java.awt.printerjob" value="sun.print.PSPrinterJob" />
    <property name="sun.io.unicode.encoding" value="UnicodeLittle" />
    <property name="awt.toolkit" value="sun.awt.X11.XToolkit" />
    <property name="junit.out.dir" value="target/report/junit" />
    <property name="user.home" value="/home/ede" />
    <property name="java.specification.vendor" value="Oracle Corporation" />
    <property name="test.dir" value="test" />
    <property name="java.library.path" value="/usr/java/packages/lib/amd64:/usr/lib64:/lib64:/lib:/usr/lib" />
    <property name="java.vendor.url" value="http://java.oracle.com/" />
    <property name="java.vm.vendor" value="Oracle Corporation" />
    <property name="java.runtime.name" value="Java(TM) SE Runtime Environment" />
    <property name="sun.java.command" value="org.apache.tools.ant.taskdefs.optional.junit.JUnitTestRunner sztaki.hexaa.httputility.leveledtests.LevelFiveTestSuite skipNonTests=false filtertrace=true haltOnError=false haltOnFailure=false formatter=org.apache.tools.ant.taskdefs.optional.junit.SummaryJUnitResultFormatter showoutput=false outputtoformatters=true logfailedtests=true logtestlistenerevents=false formatter=org.apache.tools.ant.taskdefs.optional.junit.XMLJUnitResultFormatter,/home/ede/NetBeansProjects/JavaCoreTest/hexaa-test/target/report/junit/TEST-sztaki.hexaa.httputility.leveledtests.LevelFiveTestSuite.xml crashfile=/home/ede/NetBeansProjects/JavaCoreTest/hexaa-test/junitvmwatcher8659481902123979925.properties propsfile=/home/ede/NetBeansProjects/JavaCoreTest/hexaa-test/junit4419784368289515087.properties" />
    <property name="java.class.path" value="/usr/share/ant/lib/ant-launcher.jar:/usr/share/java/xmlParserAPIs.jar:/usr/share/java/xercesImpl.jar:/usr/share/ant/lib/ant-apache-log4j.jar:/usr/share/ant/lib/ant-apache-resolver.jar:/usr/share/ant/lib/ant-testutil.jar:/usr/share/ant/lib/ant-jsch.jar:/usr/share/ant/lib/ant-antlr.jar:/usr/share/ant/lib/ant-commons-logging.jar:/usr/share/ant/lib/ant-jdepend.jar:/usr/share/ant/lib/ant-apache-xalan2.jar:/usr/share/ant/lib/ant-apache-bcel.jar:/usr/share/ant/lib/ant-apache-regexp.jar:/usr/share/ant/lib/ant-junit.jar:/usr/share/ant/lib/ant-apache-bsf.jar:/usr/share/ant/lib/ant-junit4.jar:/usr/share/ant/lib/ant-jmf.jar:/usr/share/ant/lib/ant-apache-oro.jar:/usr/share/ant/lib/ant-swing.jar:/usr/share/ant/lib/ant.jar:/usr/share/ant/lib/ant-javamail.jar:/usr/share/ant/lib/ant-commons-net.jar:/usr/lib/jvm/java-8-oracle/lib/tools.jar:/home/ede/NetBeansProjects/JavaCoreTest/hexaa-test/target/classes:/home/ede/NetBeansProjects/JavaCoreTest/hexaa-test/lib/commons-codec-1.9.jar:/home/ede/NetBeansProjects/JavaCoreTest/hexaa-test/lib/commons-logging-1.1.3.jar:/home/ede/NetBeansProjects/JavaCoreTest/hexaa-test/lib/httpclient-4.3.4.jar:/home/ede/NetBeansProjects/JavaCoreTest/hexaa-test/lib/httpcore-4.3.2.jar:/home/ede/NetBeansProjects/JavaCoreTest/hexaa-test/lib/json.jar:/home/ede/NetBeansProjects/JavaCoreTest/hexaa-test/lib/jsonassert-1.2.3.jar:/home/ede/NetBeansProjects/JavaCoreTest/hexaa-test/lib/junit-4.10.jar:/usr/share/java/ant-launcher-1.9.3.jar" />
    <property name="ant.version" value="Apache Ant(TM) version 1.9.3 compiled on April 8 2014" />
    <property name="TSTAMP" value="1542" />
    <property name="project.name" value="junitsuite" />
    <property name="java.vm.specification.name" value="Java Virtual Machine Specification" />
    <property name="ant.file.type" value="file" />
    <property name="java.vm.specification.version" value="1.8" />
    <property name="sun.cpu.endian" value="little" />
    <property name="sun.os.patch.level" value="unknown" />
    <property name="java.io.tmpdir" value="/tmp" />
    <property name="java.vendor.url.bug" value="http://bugreport.sun.com/bugreport/" />
    <property name="os.arch" value="amd64" />
    <property name="java.awt.graphicsenv" value="sun.awt.X11GraphicsEnvironment" />
    <property name="java.ext.dirs" value="/usr/lib/jvm/java-8-oracle/jre/lib/ext:/usr/java/packages/lib/ext" />
    <property name="user.dir" value="/home/ede/NetBeansProjects/JavaCoreTest/hexaa-test" />
    <property name="line.separator" value="&#xa;" />
    <property name="java.vm.name" value="Java HotSpot(TM) 64-Bit Server VM" />
    <property name="basedir" value="/home/ede/NetBeansProjects/JavaCoreTest/hexaa-test" />
    <property name="ant.java.version" value="1.8" />
    <property name="ant.core.lib" value="/usr/share/ant/lib/ant.jar" />
    <property name="file.encoding" value="UTF-8" />
    <property name="target.dir" value="target" />
    <property name="java.specification.version" value="1.8" />
    <property name="src.dir" value="src" />
    <property name="ant.project.invoked-targets" value="leveledtests" />
  </properties>
  <testcase classname="sztaki.hexaa.httputility.apicalls.organizations.entitlementpacks.OrganizationEntitlementpacksUnlinkTest" name="testOrganizationEntitlementpacksDelete" time="1.43" />
  <testcase classname="sztaki.hexaa.httputility.apicalls.organizations.entitlementpacks.OrganizationEntitlementpacksGetTest" name="testOrganizationEntitlementpacksGetPacks" time="0.918" />
  <testcase classname="sztaki.hexaa.httputility.apicalls.organizations.entitlementpacks.OrganizationEntitlementpacksGetTest" name="testOrganizationEntitlementpacksGetEntitlements" time="2.075" />
  <testcase classname="sztaki.hexaa.httputility.apicalls.roles.entitlements.RolesEntitlementsGetTest" name="testRolesEntitlementsGet" time="0.144" />
  <testcase classname="sztaki.hexaa.httputility.apicalls.roles.entitlements.RolesEntitlementsRemoveTest" name="testRolesEntitlementsDelete" time="0.298" />
  <system-out><![CDATA[BeforeClass @ CleanTest
/home/ede/NetBeansProjects/JavaCoreTest/hexaa-test
*** Loading Properties ***
*** 80
*** 192.168.203.203
*** tesztAdmin@sztaki.hu
*** 7lrfjlpu5br2vpv1jcaogdz481b28xf7lz85wqmv
OUTPUT>Dropped database for connection named `hexaa`
OUTPUT>Created database for connection named `hexaa`
OUTPUT>Updating database schema...
OUTPUT>Database schema updated successfully! "64" queries were executed
ExitValue: 0
** AUTHENTICATE **	GET 	/app.php/api/principal/self.json
** AUTHENTICATE **	{"code":403,"message":"Forbidden","errors":null}
** AUTHENTICATE **	Getting temporary API key.
** AUTHENTICATE **	Temporary API key acquired.
** AUTHENTICATE **	POST 	/app.php/api/tokens.json
{"fedid":"tesztAdmin@sztaki.hu","token":"06c745f27a7f38a2b44feabdf6492b2a2fd692f2589d93c8db0c866ea1840757"}
** AUTHENTICATE **	{"fedid":"tesztAdmin@sztaki.hu","token":"06c745f27a7f38a2b44feabdf6492b2a2fd692f2589d93c8db0c866ea1840757"}
** AUTHENTICATE **	Normal API key acquired.
GET 	/app.php/api/entityids.json
POST 	/app.php/api/services.json
POST 	/app.php/api/organizations.json
POST 	/app.php/api/services/1/entitlements.json
POST 	/app.php/api/services/1/entitlements.json
POST 	/app.php/api/services/1/entitlementpacks.json
PUT 	/app.php/api/entitlementpacks/1/entitlements/1.json
PUT 	/app.php/api/entitlementpacks/1/entitlements/2.json
***	 OrganizationEntitlementpacksUnlinkTest ***
PUT 	/app.php/api/organizations/1/entitlementpacks/1.json
GET 	/app.php/api/organizations/1/entitlementpacks.json
DEL 	/app.php/api/organizations/1/entitlementpacks/1.json
PUT 	/app.php/api/organizations/1/entitlementpacks/1.json
GET 	/app.php/api/organizations/1/entitlementpacks.json
PUT 	/app.php/api/organizations/1/entitlementpacks/1/accept.json
GET 	/app.php/api/organizations/1/entitlementpacks.json
DEL 	/app.php/api/organizations/1/entitlementpacks/1.json
GET 	/app.php/api/organizations/1/entitlementpacks.json
BeforeClass @ CleanTest
/home/ede/NetBeansProjects/JavaCoreTest/hexaa-test
*** Loading Properties ***
*** 80
*** 192.168.203.203
*** tesztAdmin@sztaki.hu
*** 7lrfjlpu5br2vpv1jcaogdz481b28xf7lz85wqmv
OUTPUT>Dropped database for connection named `hexaa`
OUTPUT>Created database for connection named `hexaa`
OUTPUT>Updating database schema...
OUTPUT>Database schema updated successfully! "64" queries were executed
ExitValue: 0
** AUTHENTICATE **	GET 	/app.php/api/principal/self.json
** AUTHENTICATE **	{"code":403,"message":"Forbidden","errors":null}
** AUTHENTICATE **	Getting temporary API key.
** AUTHENTICATE **	Temporary API key acquired.
** AUTHENTICATE **	POST 	/app.php/api/tokens.json
{"fedid":"tesztAdmin@sztaki.hu","token":"773e21d0aad40155d86f024f6fce96e42b8e554c34c2842403ce9fa996dc35ed"}
** AUTHENTICATE **	{"fedid":"tesztAdmin@sztaki.hu","token":"773e21d0aad40155d86f024f6fce96e42b8e554c34c2842403ce9fa996dc35ed"}
** AUTHENTICATE **	Normal API key acquired.
GET 	/app.php/api/entityids.json
POST 	/app.php/api/services.json
POST 	/app.php/api/organizations.json
POST 	/app.php/api/services/1/entitlements.json
POST 	/app.php/api/services/1/entitlements.json
POST 	/app.php/api/services/1/entitlementpacks.json
PUT 	/app.php/api/entitlementpacks/1/entitlements/1.json
PUT 	/app.php/api/entitlementpacks/1/entitlements/2.json
***	 OrganizationEntitlementpacksGetTest ***
PUT 	/app.php/api/organizations/1/entitlementpacks/1.json
GET 	/app.php/api/organizations/1/entitlementpacks.json
PUT 	/app.php/api/organizations/1/entitlementpacks/1/accept.json
GET 	/app.php/api/organizations/1/entitlementpacks.json
GET 	/app.php/api/organizations/1/entitlementpacks.json
DEL 	/app.php/api/organizations/1/entitlementpacks/1.json
PUT 	/app.php/api/organizations/1/entitlementpacks/1.json
GET 	/app.php/api/organizations/1/entitlementpacks.json
PUT 	/app.php/api/organizations/1/entitlementpacks/1/accept.json
GET 	/app.php/api/organizations/1/entitlementpacks.json
GET 	/app.php/api/organizations/1/entitlements.json
DEL 	/app.php/api/organizations/1/entitlementpacks/1.json
BeforeClass @ CleanTest
/home/ede/NetBeansProjects/JavaCoreTest/hexaa-test
*** Loading Properties ***
*** 80
*** 192.168.203.203
*** tesztAdmin@sztaki.hu
*** 7lrfjlpu5br2vpv1jcaogdz481b28xf7lz85wqmv
OUTPUT>Dropped database for connection named `hexaa`
OUTPUT>Created database for connection named `hexaa`
OUTPUT>Updating database schema...
OUTPUT>Database schema updated successfully! "64" queries were executed
ExitValue: 0
** AUTHENTICATE **	GET 	/app.php/api/principal/self.json
** AUTHENTICATE **	{"code":403,"message":"Forbidden","errors":null}
** AUTHENTICATE **	Getting temporary API key.
** AUTHENTICATE **	Temporary API key acquired.
** AUTHENTICATE **	POST 	/app.php/api/tokens.json
{"fedid":"tesztAdmin@sztaki.hu","token":"82946ee9936c48f6697fc9b92af1b60dbbd148b3f1fca23ce4f5b22c69bf0bfc"}
** AUTHENTICATE **	{"fedid":"tesztAdmin@sztaki.hu","token":"82946ee9936c48f6697fc9b92af1b60dbbd148b3f1fca23ce4f5b22c69bf0bfc"}
** AUTHENTICATE **	Normal API key acquired.
POST 	/app.php/api/organizations.json
POST 	/app.php/api/organizations/1/roles.json
GET 	/app.php/api/entityids.json
POST 	/app.php/api/services.json
POST 	/app.php/api/services/1/entitlements.json
POST 	/app.php/api/services/1/entitlements.json
POST 	/app.php/api/services/1/entitlementpacks.json
PUT 	/app.php/api/entitlementpacks/1/entitlements/1.json
PUT 	/app.php/api/entitlementpacks/1/entitlements/2.json
PUT 	/app.php/api/organizations/1/entitlementpacks/1.json
PUT 	/app.php/api/organizations/1/entitlementpacks/1/accept.json
PUT 	/app.php/api/roles/1/entitlements/1.json
PUT 	/app.php/api/roles/1/entitlements/2.json
***	 RolesEntitlementsGetTest ***
GET 	/app.php/api/roles/1/entitlements.json
BeforeClass @ CleanTest
/home/ede/NetBeansProjects/JavaCoreTest/hexaa-test
*** Loading Properties ***
*** 80
*** 192.168.203.203
*** tesztAdmin@sztaki.hu
*** 7lrfjlpu5br2vpv1jcaogdz481b28xf7lz85wqmv
OUTPUT>Dropped database for connection named `hexaa`
OUTPUT>Created database for connection named `hexaa`
OUTPUT>Updating database schema...
OUTPUT>Database schema updated successfully! "64" queries were executed
ExitValue: 0
** AUTHENTICATE **	GET 	/app.php/api/principal/self.json
** AUTHENTICATE **	{"code":403,"message":"Forbidden","errors":null}
** AUTHENTICATE **	Getting temporary API key.
** AUTHENTICATE **	Temporary API key acquired.
** AUTHENTICATE **	POST 	/app.php/api/tokens.json
{"fedid":"tesztAdmin@sztaki.hu","token":"23dc6cd07431b299af5ec5854e85adf0ae6083275ff22315956b690cb1b8bdb3"}
** AUTHENTICATE **	{"fedid":"tesztAdmin@sztaki.hu","token":"23dc6cd07431b299af5ec5854e85adf0ae6083275ff22315956b690cb1b8bdb3"}
** AUTHENTICATE **	Normal API key acquired.
POST 	/app.php/api/organizations.json
POST 	/app.php/api/organizations/1/roles.json
GET 	/app.php/api/entityids.json
POST 	/app.php/api/services.json
POST 	/app.php/api/services/1/entitlements.json
POST 	/app.php/api/services/1/entitlements.json
POST 	/app.php/api/services/1/entitlementpacks.json
PUT 	/app.php/api/entitlementpacks/1/entitlements/1.json
PUT 	/app.php/api/entitlementpacks/1/entitlements/2.json
PUT 	/app.php/api/organizations/1/entitlementpacks/1.json
PUT 	/app.php/api/organizations/1/entitlementpacks/1/accept.json
PUT 	/app.php/api/roles/1/entitlements/1.json
PUT 	/app.php/api/roles/1/entitlements/2.json
***	 RolesEntitlementsRemoveTest ***
DEL 	/app.php/api/roles/1/entitlements/1.json
GET 	/app.php/api/roles/1/entitlements.json
]]></system-out>
  <system-err><![CDATA[]]></system-err>
</testsuite>
